#
# There is insufficient memory for the Java Runtime Environment to continue.
# Native memory allocation (malloc) failed to allocate 429456 bytes. Error detail: Chunk::new
# Possible reasons:
#   The system is out of physical RAM or swap space
#   This process is running with CompressedOops enabled, and the Java Heap may be blocking the growth of the native heap
# Possible solutions:
#   Reduce memory load on the system
#   Increase physical memory or swap space
#   Check if swap backing store is full
#   Decrease Java heap size (-Xmx/-Xms)
#   Decrease number of Java threads
#   Decrease Java thread stack sizes (-Xss)
#   Set larger code cache with -XX:ReservedCodeCacheSize=
#   JVM is running with Zero Based Compressed Oops mode in which the Java heap is
#     placed in the first 32GB address space. The Java Heap base address is the
#     maximum limit for the native heap growth. Please use -XX:HeapBaseMinAddress
#     to set the Java Heap base and to place the Java Heap above 32GB virtual address.
# This output file may be truncated or incomplete.
#
#  Out of Memory Error (arena.cpp:191), pid=16768, tid=12900
#
# JRE version: OpenJDK Runtime Environment Microsoft-11369865 (17.0.15+6) (build 17.0.15+6-LTS)
# Java VM: OpenJDK 64-Bit Server VM Microsoft-11369865 (17.0.15+6-LTS, mixed mode, sharing, tiered, compressed oops, compressed class ptrs, g1 gc, windows-amd64)
# No core dump will be written. Minidumps are not enabled by default on client versions of Windows
#

---------------  S U M M A R Y ------------

Command Line: -javaagent:C:\Program Files\JetBrains\IntelliJ IDEA Community Edition 2025.2.4\lib\idea_rt.jar=64408 -Dfile.encoding=UTF-8 com.web_hub.web_hub.WebHubApplication C:\Users\JUSTINE\.m2\repository

Host: Intel(R) Core(TM) i5-4200M CPU @ 2.50GHz, 4 cores, 11G,  Windows 10 , 64 bit Build 19041 (10.0.19041.5915)
Time: Thu Apr  9 10:59:52 2026 E. Africa Standard Time elapsed time: 3.235352 seconds (0d 0h 0m 3s)

---------------  T H R E A D  ---------------

Current thread (0x000001e4f093c5e0):  JavaThread "C2 CompilerThread1" daemon [_thread_in_native, id=12900, stack(0x00000030b9700000,0x00000030b9800000)]


Current CompileTask:
C2:   3235 2779       4       java.net.URLStreamHandler::parseURL (1201 bytes)

Stack: [0x00000030b9700000,0x00000030b9800000]
Native frames: (J=compiled Java code, j=interpreted, Vv=VM code, C=native code)
V  [jvm.dll+0x6887a9]
V  [jvm.dll+0x83f5a8]
V  [jvm.dll+0x841053]
V  [jvm.dll+0x8416c3]
V  [jvm.dll+0x2496ef]
V  [jvm.dll+0xad134]
V  [jvm.dll+0xad7cc]
V  [jvm.dll+0x2b0e1f]
V  [jvm.dll+0x58e789]
V  [jvm.dll+0x223972]
V  [jvm.dll+0x223d6f]
V  [jvm.dll+0x21cb10]
V  [jvm.dll+0x219c3b]
V  [jvm.dll+0x1a55f6]
V  [jvm.dll+0x22a39a]
V  [jvm.dll+0x2284db]
V  [jvm.dll+0x7f4e28]
V  [jvm.dll+0x7ef2dc]
V  [jvm.dll+0x687687]
C  [ucrtbase.dll+0x21bb2]
C  [KERNEL32.DLL+0x17374]
C  [ntdll.dll+0x4cc91]


---------------  P R O C E S S  ---------------

Threads class SMR info:
_java_thread_list=0x000001e4f70e9530, length=14, elements={
0x000001e4d07bbd30, 0x000001e4f074ac90, 0x000001e4f074c8c0, 0x000001e4f075dda0,
0x000001e4f0760870, 0x000001e4f07619d0, 0x000001e4f0766030, 0x000001e4f07678d0,
0x000001e4f076cb50, 0x000001e4f0774340, 0x000001e4f0771ac0, 0x000001e4f093c5e0,
0x000001e4f0772f00, 0x000001e4f07729f0
}

Java Threads: ( => current thread )
  0x000001e4d07bbd30 JavaThread "main" [_thread_in_Java, id=15416, stack(0x00000030b8600000,0x00000030b8700000)]
  0x000001e4f074ac90 JavaThread "Reference Handler" daemon [_thread_blocked, id=19704, stack(0x00000030b8d00000,0x00000030b8e00000)]
  0x000001e4f074c8c0 JavaThread "Finalizer" daemon [_thread_blocked, id=15304, stack(0x00000030b8e00000,0x00000030b8f00000)]
  0x000001e4f075dda0 JavaThread "Signal Dispatcher" daemon [_thread_blocked, id=20344, stack(0x00000030b8f00000,0x00000030b9000000)]
  0x000001e4f0760870 JavaThread "Attach Listener" daemon [_thread_blocked, id=10232, stack(0x00000030b9000000,0x00000030b9100000)]
  0x000001e4f07619d0 JavaThread "Service Thread" daemon [_thread_blocked, id=8096, stack(0x00000030b9100000,0x00000030b9200000)]
  0x000001e4f0766030 JavaThread "Monitor Deflation Thread" daemon [_thread_blocked, id=21056, stack(0x00000030b9200000,0x00000030b9300000)]
  0x000001e4f07678d0 JavaThread "C2 CompilerThread0" daemon [_thread_in_native, id=13836, stack(0x00000030b9300000,0x00000030b9400000)]
  0x000001e4f076cb50 JavaThread "C1 CompilerThread0" daemon [_thread_blocked, id=19888, stack(0x00000030b9400000,0x00000030b9500000)]
  0x000001e4f0774340 JavaThread "Sweeper thread" daemon [_thread_blocked, id=21312, stack(0x00000030b9500000,0x00000030b9600000)]
  0x000001e4f0771ac0 JavaThread "Common-Cleaner" daemon [_thread_blocked, id=18696, stack(0x00000030b9600000,0x00000030b9700000)]
=>0x000001e4f093c5e0 JavaThread "C2 CompilerThread1" daemon [_thread_in_native, id=12900, stack(0x00000030b9700000,0x00000030b9800000)]
  0x000001e4f0772f00 JavaThread "Monitor Ctrl-Break" daemon [_thread_in_native, id=22416, stack(0x00000030b9800000,0x00000030b9900000)]
  0x000001e4f07729f0 JavaThread "Notification Thread" daemon [_thread_blocked, id=16436, stack(0x00000030b9900000,0x00000030b9a00000)]

Other Threads:
  0x000001e4f0744590 VMThread "VM Thread" [stack: 0x00000030b8c00000,0x00000030b8d00000] [id=14736]
  0x000001e4f51ed0a0 WatcherThread [stack: 0x00000030b9a00000,0x00000030b9b00000] [id=15204]
  0x000001e4d08127c0 GCTaskThread "GC Thread#0" [stack: 0x00000030b8700000,0x00000030b8800000] [id=7988]
  0x000001e4f0962a30 GCTaskThread "GC Thread#1" [stack: 0x00000030b9b00000,0x00000030b9c00000] [id=15836]
  0x000001e4f0962cf0 GCTaskThread "GC Thread#2" [stack: 0x00000030b9c00000,0x00000030b9d00000] [id=19128]
  0x000001e4f52acaf0 GCTaskThread "GC Thread#3" [stack: 0x00000030b9d00000,0x00000030b9e00000] [id=20860]
  0x000001e4d081f2d0 ConcurrentGCThread "G1 Main Marker" [stack: 0x00000030b8800000,0x00000030b8900000] [id=10216]
  0x000001e4d081fcf0 ConcurrentGCThread "G1 Conc#0" [stack: 0x00000030b8900000,0x00000030b8a00000] [id=18180]
  0x000001e4d085c980 ConcurrentGCThread "G1 Refine#0" [stack: 0x00000030b8a00000,0x00000030b8b00000] [id=15720]
  0x000001e4d085d3b0 ConcurrentGCThread "G1 Service" [stack: 0x00000030b8b00000,0x00000030b8c00000] [id=14032]

Threads with active compile tasks:
C2 CompilerThread0     3362 2876   !   4       java.util.zip.InflaterInputStream::read (138 bytes)
C1 CompilerThread0     3362 2900       3       java.util.stream.ReduceOps$3::getOpFlags (28 bytes)
C2 CompilerThread1     3363 2779       4       java.net.URLStreamHandler::parseURL (1201 bytes)

VM state: not at safepoint (normal execution)

VM Mutex/Monitor currently owned by a thread: None

Heap address: 0x0000000744400000, size: 3004 MB, Compressed Oops mode: Zero based, Oop shift amount: 3

CDS archive(s) mapped at: [0x000001e480000000-0x000001e480bb0000-0x000001e480bb0000), size 12255232, SharedBaseAddress: 0x000001e480000000, ArchiveRelocationMode: 1.
Compressed class space mapped at: 0x000001e481000000-0x000001e4c1000000, reserved size: 1073741824
Narrow klass base: 0x000001e480000000, Narrow klass shift: 0, Narrow klass range: 0x100000000

GC Precious Log:
 CPUs: 4 total, 4 available
 Memory: 12008M
 Large Page Support: Disabled
 NUMA Support: Disabled
 Compressed Oops: Enabled (Zero based)
 Heap Region Size: 2M
 Heap Min Capacity: 8M
 Heap Initial Capacity: 188M
 Heap Max Capacity: 3004M
 Pre-touch: Disabled
 Parallel Workers: 4
 Concurrent Workers: 1
 Concurrent Refinement Workers: 4
 Periodic GC: Disabled

Heap:
 garbage-first heap   total 192512K, used 59636K [0x0000000744400000, 0x0000000800000000)
  region size 2048K, 28 young (57344K), 2 survivors (4096K)
 Metaspace       used 20842K, committed 21248K, reserved 1114112K
  class space    used 2597K, committed 2752K, reserved 1048576K

Heap Regions: E=young(eden), S=young(survivor), O=old, HS=humongous(starts), HC=humongous(continues), CS=collection set, F=free, OA=open archive, CA=closed archive, TAMS=top-at-mark-start (previous, next)
|   0|0x0000000744400000, 0x0000000744600000, 0x0000000744600000|100%| O|  |TAMS 0x0000000744400000, 0x0000000744400000| Untracked 
|   1|0x0000000744600000, 0x0000000744800000, 0x0000000744800000|100%| O|  |TAMS 0x0000000744600000, 0x0000000744600000| Untracked 
|   2|0x0000000744800000, 0x0000000744a00000, 0x0000000744a00000|100%| O|  |TAMS 0x0000000744800000, 0x0000000744800000| Untracked 
|   3|0x0000000744a00000, 0x0000000744b69e00, 0x0000000744c00000| 70%| O|  |TAMS 0x0000000744a00000, 0x0000000744a00000| Untracked 
|   4|0x0000000744c00000, 0x0000000744c00000, 0x0000000744e00000|  0%| F|  |TAMS 0x0000000744c00000, 0x0000000744c00000| Untracked 
|   5|0x0000000744e00000, 0x0000000744e00000, 0x0000000745000000|  0%| F|  |TAMS 0x0000000744e00000, 0x0000000744e00000| Untracked 
|   6|0x0000000745000000, 0x0000000745000000, 0x0000000745200000|  0%| F|  |TAMS 0x0000000745000000, 0x0000000745000000| Untracked 
|   7|0x0000000745200000, 0x0000000745200000, 0x0000000745400000|  0%| F|  |TAMS 0x0000000745200000, 0x0000000745200000| Untracked 
|   8|0x0000000745400000, 0x0000000745400000, 0x0000000745600000|  0%| F|  |TAMS 0x0000000745400000, 0x0000000745400000| Untracked 
|   9|0x0000000745600000, 0x0000000745600000, 0x0000000745800000|  0%| F|  |TAMS 0x0000000745600000, 0x0000000745600000| Untracked 
|  10|0x0000000745800000, 0x0000000745800000, 0x0000000745a00000|  0%| F|  |TAMS 0x0000000745800000, 0x0000000745800000| Untracked 
|  11|0x0000000745a00000, 0x0000000745a00000, 0x0000000745c00000|  0%| F|  |TAMS 0x0000000745a00000, 0x0000000745a00000| Untracked 
|  12|0x0000000745c00000, 0x0000000745c00000, 0x0000000745e00000|  0%| F|  |TAMS 0x0000000745c00000, 0x0000000745c00000| Untracked 
|  13|0x0000000745e00000, 0x0000000745e00000, 0x0000000746000000|  0%| F|  |TAMS 0x0000000745e00000, 0x0000000745e00000| Untracked 
|  14|0x0000000746000000, 0x0000000746000000, 0x0000000746200000|  0%| F|  |TAMS 0x0000000746000000, 0x0000000746000000| Untracked 
|  15|0x0000000746200000, 0x0000000746200000, 0x0000000746400000|  0%| F|  |TAMS 0x0000000746200000, 0x0000000746200000| Untracked 
|  16|0x0000000746400000, 0x0000000746400000, 0x0000000746600000|  0%| F|  |TAMS 0x0000000746400000, 0x0000000746400000| Untracked 
|  17|0x0000000746600000, 0x0000000746600000, 0x0000000746800000|  0%| F|  |TAMS 0x0000000746600000, 0x0000000746600000| Untracked 
|  18|0x0000000746800000, 0x0000000746800000, 0x0000000746a00000|  0%| F|  |TAMS 0x0000000746800000, 0x0000000746800000| Untracked 
|  19|0x0000000746a00000, 0x0000000746a00000, 0x0000000746c00000|  0%| F|  |TAMS 0x0000000746a00000, 0x0000000746a00000| Untracked 
|  20|0x0000000746c00000, 0x0000000746c00000, 0x0000000746e00000|  0%| F|  |TAMS 0x0000000746c00000, 0x0000000746c00000| Untracked 
|  21|0x0000000746e00000, 0x0000000746e00000, 0x0000000747000000|  0%| F|  |TAMS 0x0000000746e00000, 0x0000000746e00000| Untracked 
|  22|0x0000000747000000, 0x0000000747000000, 0x0000000747200000|  0%| F|  |TAMS 0x0000000747000000, 0x0000000747000000| Untracked 
|  23|0x0000000747200000, 0x0000000747200000, 0x0000000747400000|  0%| F|  |TAMS 0x0000000747200000, 0x0000000747200000| Untracked 
|  24|0x0000000747400000, 0x0000000747400000, 0x0000000747600000|  0%| F|  |TAMS 0x0000000747400000, 0x0000000747400000| Untracked 
|  25|0x0000000747600000, 0x0000000747600000, 0x0000000747800000|  0%| F|  |TAMS 0x0000000747600000, 0x0000000747600000| Untracked 
|  26|0x0000000747800000, 0x0000000747800000, 0x0000000747a00000|  0%| F|  |TAMS 0x0000000747800000, 0x0000000747800000| Untracked 
|  27|0x0000000747a00000, 0x0000000747a00000, 0x0000000747c00000|  0%| F|  |TAMS 0x0000000747a00000, 0x0000000747a00000| Untracked 
|  28|0x0000000747c00000, 0x0000000747c00000, 0x0000000747e00000|  0%| F|  |TAMS 0x0000000747c00000, 0x0000000747c00000| Untracked 
|  29|0x0000000747e00000, 0x0000000747e00000, 0x0000000748000000|  0%| F|  |TAMS 0x0000000747e00000, 0x0000000747e00000| Untracked 
|  30|0x0000000748000000, 0x0000000748000000, 0x0000000748200000|  0%| F|  |TAMS 0x0000000748000000, 0x0000000748000000| Untracked 
|  31|0x0000000748200000, 0x0000000748200000, 0x0000000748400000|  0%| F|  |TAMS 0x0000000748200000, 0x0000000748200000| Untracked 
|  32|0x0000000748400000, 0x0000000748400000, 0x0000000748600000|  0%| F|  |TAMS 0x0000000748400000, 0x0000000748400000| Untracked 
|  33|0x0000000748600000, 0x0000000748600000, 0x0000000748800000|  0%| F|  |TAMS 0x0000000748600000, 0x0000000748600000| Untracked 
|  34|0x0000000748800000, 0x0000000748800000, 0x0000000748a00000|  0%| F|  |TAMS 0x0000000748800000, 0x0000000748800000| Untracked 
|  35|0x0000000748a00000, 0x0000000748a00000, 0x0000000748c00000|  0%| F|  |TAMS 0x0000000748a00000, 0x0000000748a00000| Untracked 
|  36|0x0000000748c00000, 0x0000000748c00000, 0x0000000748e00000|  0%| F|  |TAMS 0x0000000748c00000, 0x0000000748c00000| Untracked 
|  37|0x0000000748e00000, 0x0000000748e00000, 0x0000000749000000|  0%| F|  |TAMS 0x0000000748e00000, 0x0000000748e00000| Untracked 
|  38|0x0000000749000000, 0x0000000749000000, 0x0000000749200000|  0%| F|  |TAMS 0x0000000749000000, 0x0000000749000000| Untracked 
|  39|0x0000000749200000, 0x0000000749200000, 0x0000000749400000|  0%| F|  |TAMS 0x0000000749200000, 0x0000000749200000| Untracked 
|  40|0x0000000749400000, 0x0000000749400000, 0x0000000749600000|  0%| F|  |TAMS 0x0000000749400000, 0x0000000749400000| Untracked 
|  41|0x0000000749600000, 0x0000000749600000, 0x0000000749800000|  0%| F|  |TAMS 0x0000000749600000, 0x0000000749600000| Untracked 
|  42|0x0000000749800000, 0x0000000749800000, 0x0000000749a00000|  0%| F|  |TAMS 0x0000000749800000, 0x0000000749800000| Untracked 
|  43|0x0000000749a00000, 0x0000000749a00000, 0x0000000749c00000|  0%| F|  |TAMS 0x0000000749a00000, 0x0000000749a00000| Untracked 
|  44|0x0000000749c00000, 0x0000000749c00000, 0x0000000749e00000|  0%| F|  |TAMS 0x0000000749c00000, 0x0000000749c00000| Untracked 
|  45|0x0000000749e00000, 0x0000000749e00000, 0x000000074a000000|  0%| F|  |TAMS 0x0000000749e00000, 0x0000000749e00000| Untracked 
|  46|0x000000074a000000, 0x000000074a000000, 0x000000074a200000|  0%| F|  |TAMS 0x000000074a000000, 0x000000074a000000| Untracked 
|  47|0x000000074a200000, 0x000000074a200000, 0x000000074a400000|  0%| F|  |TAMS 0x000000074a200000, 0x000000074a200000| Untracked 
|  48|0x000000074a400000, 0x000000074a400000, 0x000000074a600000|  0%| F|  |TAMS 0x000000074a400000, 0x000000074a400000| Untracked 
|  49|0x000000074a600000, 0x000000074a600000, 0x000000074a800000|  0%| F|  |TAMS 0x000000074a600000, 0x000000074a600000| Untracked 
|  50|0x000000074a800000, 0x000000074a800000, 0x000000074aa00000|  0%| F|  |TAMS 0x000000074a800000, 0x000000074a800000| Untracked 
|  51|0x000000074aa00000, 0x000000074aa00000, 0x000000074ac00000|  0%| F|  |TAMS 0x000000074aa00000, 0x000000074aa00000| Untracked 
|  52|0x000000074ac00000, 0x000000074ac00000, 0x000000074ae00000|  0%| F|  |TAMS 0x000000074ac00000, 0x000000074ac00000| Untracked 
|  53|0x000000074ae00000, 0x000000074ae00000, 0x000000074b000000|  0%| F|  |TAMS 0x000000074ae00000, 0x000000074ae00000| Untracked 
|  54|0x000000074b000000, 0x000000074b000000, 0x000000074b200000|  0%| F|  |TAMS 0x000000074b000000, 0x000000074b000000| Untracked 
|  55|0x000000074b200000, 0x000000074b200000, 0x000000074b400000|  0%| F|  |TAMS 0x000000074b200000, 0x000000074b200000| Untracked 
|  56|0x000000074b400000, 0x000000074b400000, 0x000000074b600000|  0%| F|  |TAMS 0x000000074b400000, 0x000000074b400000| Untracked 
|  57|0x000000074b600000, 0x000000074b600000, 0x000000074b800000|  0%| F|  |TAMS 0x000000074b600000, 0x000000074b600000| Untracked 
|  58|0x000000074b800000, 0x000000074b800000, 0x000000074ba00000|  0%| F|  |TAMS 0x000000074b800000, 0x000000074b800000| Untracked 
|  59|0x000000074ba00000, 0x000000074ba00000, 0x000000074bc00000|  0%| F|  |TAMS 0x000000074ba00000, 0x000000074ba00000| Untracked 
|  60|0x000000074bc00000, 0x000000074bc00000, 0x000000074be00000|  0%| F|  |TAMS 0x000000074bc00000, 0x000000074bc00000| Untracked 
|  61|0x000000074be00000, 0x000000074be00000, 0x000000074c000000|  0%| F|  |TAMS 0x000000074be00000, 0x000000074be00000| Untracked 
|  62|0x000000074c000000, 0x000000074c000000, 0x000000074c200000|  0%| F|  |TAMS 0x000000074c000000, 0x000000074c000000| Untracked 
|  63|0x000000074c200000, 0x000000074c200000, 0x000000074c400000|  0%| F|  |TAMS 0x000000074c200000, 0x000000074c200000| Untracked 
|  64|0x000000074c400000, 0x000000074c400000, 0x000000074c600000|  0%| F|  |TAMS 0x000000074c400000, 0x000000074c400000| Untracked 
|  65|0x000000074c600000, 0x000000074c600000, 0x000000074c800000|  0%| F|  |TAMS 0x000000074c600000, 0x000000074c600000| Untracked 
|  66|0x000000074c800000, 0x000000074c900000, 0x000000074ca00000| 50%| E|  |TAMS 0x000000074c800000, 0x000000074c800000| Complete 
|  67|0x000000074ca00000, 0x000000074cc00000, 0x000000074cc00000|100%| E|CS|TAMS 0x000000074ca00000, 0x000000074ca00000| Complete 
|  68|0x000000074cc00000, 0x000000074ce00000, 0x000000074ce00000|100%| E|CS|TAMS 0x000000074cc00000, 0x000000074cc00000| Complete 
|  69|0x000000074ce00000, 0x000000074d000000, 0x000000074d000000|100%| E|CS|TAMS 0x000000074ce00000, 0x000000074ce00000| Complete 
|  70|0x000000074d000000, 0x000000074d200000, 0x000000074d200000|100%| E|  |TAMS 0x000000074d000000, 0x000000074d000000| Complete 
|  71|0x000000074d200000, 0x000000074d400000, 0x000000074d400000|100%| E|CS|TAMS 0x000000074d200000, 0x000000074d200000| Complete 
|  72|0x000000074d400000, 0x000000074d600000, 0x000000074d600000|100%| E|CS|TAMS 0x000000074d400000, 0x000000074d400000| Complete 
|  73|0x000000074d600000, 0x000000074d800000, 0x000000074d800000|100%| E|CS|TAMS 0x000000074d600000, 0x000000074d600000| Complete 
|  74|0x000000074d800000, 0x000000074da00000, 0x000000074da00000|100%| E|CS|TAMS 0x000000074d800000, 0x000000074d800000| Complete 
|  75|0x000000074da00000, 0x000000074dc00000, 0x000000074dc00000|100%| E|CS|TAMS 0x000000074da00000, 0x000000074da00000| Complete 
|  76|0x000000074dc00000, 0x000000074de00000, 0x000000074de00000|100%| E|CS|TAMS 0x000000074dc00000, 0x000000074dc00000| Complete 
|  77|0x000000074de00000, 0x000000074e000000, 0x000000074e000000|100%| E|CS|TAMS 0x000000074de00000, 0x000000074de00000| Complete 
|  78|0x000000074e000000, 0x000000074e200000, 0x000000074e200000|100%| E|CS|TAMS 0x000000074e000000, 0x000000074e000000| Complete 
|  79|0x000000074e200000, 0x000000074e400000, 0x000000074e400000|100%| E|CS|TAMS 0x000000074e200000, 0x000000074e200000| Complete 
|  80|0x000000074e400000, 0x000000074e4d32c0, 0x000000074e600000| 41%| S|CS|TAMS 0x000000074e400000, 0x000000074e400000| Complete 
|  81|0x000000074e600000, 0x000000074e800000, 0x000000074e800000|100%| S|CS|TAMS 0x000000074e600000, 0x000000074e600000| Complete 
|  82|0x000000074e800000, 0x000000074ea00000, 0x000000074ea00000|100%| E|CS|TAMS 0x000000074e800000, 0x000000074e800000| Complete 
|  83|0x000000074ea00000, 0x000000074ec00000, 0x000000074ec00000|100%| E|CS|TAMS 0x000000074ea00000, 0x000000074ea00000| Complete 
|  84|0x000000074ec00000, 0x000000074ee00000, 0x000000074ee00000|100%| E|CS|TAMS 0x000000074ec00000, 0x000000074ec00000| Complete 
|  85|0x000000074ee00000, 0x000000074f000000, 0x000000074f000000|100%| E|CS|TAMS 0x000000074ee00000, 0x000000074ee00000| Complete 
|  86|0x000000074f000000, 0x000000074f200000, 0x000000074f200000|100%| E|CS|TAMS 0x000000074f000000, 0x000000074f000000| Complete 
|  87|0x000000074f200000, 0x000000074f400000, 0x000000074f400000|100%| E|CS|TAMS 0x000000074f200000, 0x000000074f200000| Complete 
|  88|0x000000074f400000, 0x000000074f600000, 0x000000074f600000|100%| E|CS|TAMS 0x000000074f400000, 0x000000074f400000| Complete 
|  89|0x000000074f600000, 0x000000074f800000, 0x000000074f800000|100%| E|CS|TAMS 0x000000074f600000, 0x000000074f600000| Complete 
|  90|0x000000074f800000, 0x000000074fa00000, 0x000000074fa00000|100%| E|CS|TAMS 0x000000074f800000, 0x000000074f800000| Complete 
|  91|0x000000074fa00000, 0x000000074fc00000, 0x000000074fc00000|100%| E|CS|TAMS 0x000000074fa00000, 0x000000074fa00000| Complete 
|  92|0x000000074fc00000, 0x000000074fe00000, 0x000000074fe00000|100%| E|CS|TAMS 0x000000074fc00000, 0x000000074fc00000| Complete 
|  93|0x000000074fe00000, 0x0000000750000000, 0x0000000750000000|100%| E|CS|TAMS 0x000000074fe00000, 0x000000074fe00000| Complete 

Card table byte_map: [0x000001e4e78e0000,0x000001e4e7ec0000] _byte_map_base: 0x000001e4e3ebe000

Marking Bits (Prev, Next): (CMBitMap*) 0x000001e4d0812de0, (CMBitMap*) 0x000001e4d0812e20
 Prev Bits: [0x000001e4e84a0000, 0x000001e4eb390000)
 Next Bits: [0x000001e4eb390000, 0x000001e4ee280000)

Polling page: 0x000001e4ce430000

Metaspace:

Usage:
  Non-class:     17.82 MB used.
      Class:      2.54 MB used.
       Both:     20.36 MB used.

Virtual space:
  Non-class space:       64.00 MB reserved,      18.06 MB ( 28%) committed,  1 nodes.
      Class space:        1.00 GB reserved,       2.69 MB ( <1%) committed,  1 nodes.
             Both:        1.06 GB reserved,      20.75 MB (  2%) committed. 

Chunk freelists:
   Non-Class:  13.86 MB
       Class:  13.33 MB
        Both:  27.19 MB

MaxMetaspaceSize: unlimited
CompressedClassSpaceSize: 1.00 GB
Initial GC threshold: 21.00 MB
Current GC threshold: 21.00 MB
CDS: on
MetaspaceReclaimPolicy: balanced
 - commit_granule_bytes: 65536.
 - commit_granule_words: 8192.
 - virtual_space_node_default_size: 8388608.
 - enlarge_chunks_in_place: 1.
 - new_chunks_are_fully_committed: 0.
 - uncommit_free_chunks: 1.
 - use_allocation_guard: 0.
 - handle_deallocations: 1.


Internal statistics:

num_allocs_failed_limit: 0.
num_arena_births: 404.
num_arena_deaths: 0.
num_vsnodes_births: 2.
num_vsnodes_deaths: 0.
num_space_committed: 332.
num_space_uncommitted: 0.
num_chunks_returned_to_freelist: 0.
num_chunks_taken_from_freelist: 1113.
num_chunk_merges: 0.
num_chunk_splits: 776.
num_chunks_enlarged: 585.
num_inconsistent_stats: 0.

CodeHeap 'non-profiled nmethods': size=120000Kb used=1213Kb max_used=1213Kb free=118786Kb
 bounds [0x000001e4dfdd0000, 0x000001e4e0040000, 0x000001e4e7300000]
CodeHeap 'profiled nmethods': size=120000Kb used=5685Kb max_used=5685Kb free=114314Kb
 bounds [0x000001e4d8300000, 0x000001e4d8890000, 0x000001e4df830000]
CodeHeap 'non-nmethods': size=5760Kb used=1216Kb max_used=1270Kb free=4543Kb
 bounds [0x000001e4df830000, 0x000001e4dfaa0000, 0x000001e4dfdd0000]
 total_blobs=3417 nmethods=2900 adapters=429
 compilation: enabled
              stopped_count=0, restarted_count=0
 full_count=0

Compilation events (20 events):
Event: 3.226 Thread 0x000001e4f076cb50 nmethod 2808 0x000001e4d885f310 code [0x000001e4d885f540, 0x000001e4d885fd58]
Event: 3.226 Thread 0x000001e4f076cb50 2809       3       org.springframework.boot.autoconfigure.AutoConfigurationSorter$AutoConfigurationClasses::lambda$getClassesRequestedAfter$0 (22 bytes)
Event: 3.226 Thread 0x000001e4f076cb50 nmethod 2809 0x000001e4d8860010 code [0x000001e4d8860220, 0x000001e4d8860798]
Event: 3.226 Thread 0x000001e4f076cb50 2810       3       java.util.ArrayList::indexOf (11 bytes)
Event: 3.226 Thread 0x000001e4f076cb50 nmethod 2810 0x000001e4d8860a10 code [0x000001e4d8860ba0, 0x000001e4d8860ce8]
Event: 3.226 Thread 0x000001e4f076cb50 2811       3       java.util.TreeMap::put (221 bytes)
Event: 3.227 Thread 0x000001e4f076cb50 nmethod 2811 0x000001e4d8860d90 code [0x000001e4d8860fe0, 0x000001e4d8861bc8]
Event: 3.227 Thread 0x000001e4f076cb50 2814       3       java.util.TreeSet::add (22 bytes)
Event: 3.227 Thread 0x000001e4f076cb50 nmethod 2814 0x000001e4d8861f10 code [0x000001e4d88620c0, 0x000001e4d8862308]
Event: 3.228 Thread 0x000001e4f076cb50 2815       3       java.util.LinkedHashMap::forEach (65 bytes)
Event: 3.228 Thread 0x000001e4f076cb50 nmethod 2815 0x000001e4d8862410 code [0x000001e4d8862600, 0x000001e4d8862ac8]
Event: 3.228 Thread 0x000001e4f076cb50 2813       3       java.util.LinkedHashSet::<init> (27 bytes)
Event: 3.228 Thread 0x000001e4f076cb50 nmethod 2813 0x000001e4d8862c90 code [0x000001e4d8862e80, 0x000001e4d8863208]
Event: 3.228 Thread 0x000001e4f076cb50 2816       3       java.util.HashSet::size (8 bytes)
Event: 3.228 Thread 0x000001e4f076cb50 nmethod 2816 0x000001e4d8863390 code [0x000001e4d8863520, 0x000001e4d88636d8]
Event: 3.228 Thread 0x000001e4f076cb50 2812       3       org.springframework.boot.autoconfigure.AutoConfigurationSorter$AutoConfigurationClasses::get (30 bytes)
Event: 3.229 Thread 0x000001e4f076cb50 nmethod 2812 0x000001e4d8863790 code [0x000001e4d8863960, 0x000001e4d8863dd8]
Event: 3.232 Thread 0x000001e4f076cb50 2817       3       java.lang.Class::getMethod0 (31 bytes)
Event: 3.233 Thread 0x000001e4f076cb50 nmethod 2817 0x000001e4d8863f90 code [0x000001e4d8864140, 0x000001e4d8864358]
Event: 3.233 Thread 0x000001e4f076cb50 2818       3       java.util.HashMap::putMapEntries (167 bytes)

GC Heap History (6 events):
Event: 0.618 GC heap before
{Heap before GC invocations=0 (full 0):
 garbage-first heap   total 192512K, used 10240K [0x0000000744400000, 0x0000000800000000)
  region size 2048K, 6 young (12288K), 0 survivors (0K)
 Metaspace       used 2321K, committed 2432K, reserved 1114112K
  class space    used 221K, committed 256K, reserved 1048576K
}
Event: 0.623 GC heap after
{Heap after GC invocations=1 (full 0):
 garbage-first heap   total 192512K, used 6995K [0x0000000744400000, 0x0000000800000000)
  region size 2048K, 1 young (2048K), 1 survivors (2048K)
 Metaspace       used 2321K, committed 2432K, reserved 1114112K
  class space    used 221K, committed 256K, reserved 1048576K
}
Event: 0.881 GC heap before
{Heap before GC invocations=1 (full 0):
 garbage-first heap   total 192512K, used 13139K [0x0000000744400000, 0x0000000800000000)
  region size 2048K, 4 young (8192K), 1 survivors (2048K)
 Metaspace       used 4059K, committed 4224K, reserved 1114112K
  class space    used 441K, committed 512K, reserved 1048576K
}
Event: 0.884 GC heap after
{Heap after GC invocations=2 (full 0):
 garbage-first heap   total 192512K, used 8570K [0x0000000744400000, 0x0000000800000000)
  region size 2048K, 1 young (2048K), 1 survivors (2048K)
 Metaspace       used 4059K, committed 4224K, reserved 1114112K
  class space    used 441K, committed 512K, reserved 1048576K
}
Event: 1.836 GC heap before
{Heap before GC invocations=2 (full 0):
 garbage-first heap   total 192512K, used 31098K [0x0000000744400000, 0x0000000800000000)
  region size 2048K, 12 young (24576K), 1 survivors (2048K)
 Metaspace       used 10267K, committed 10624K, reserved 1114112K
  class space    used 1337K, committed 1536K, reserved 1048576K
}
Event: 1.843 GC heap after
{Heap after GC invocations=3 (full 0):
 garbage-first heap   total 192512K, used 10484K [0x0000000744400000, 0x0000000800000000)
  region size 2048K, 2 young (4096K), 2 survivors (4096K)
 Metaspace       used 10267K, committed 10624K, reserved 1114112K
  class space    used 1337K, committed 1536K, reserved 1048576K
}

Dll operation events (10 events):
Event: 0.012 Loaded shared library C:\Users\JUSTINE\.jdks\ms-17.0.15\bin\java.dll
Event: 0.038 Loaded shared library C:\Users\JUSTINE\.jdks\ms-17.0.15\bin\jsvml.dll
Event: 0.206 Loaded shared library C:\Users\JUSTINE\.jdks\ms-17.0.15\bin\zip.dll
Event: 0.210 Loaded shared library C:\Users\JUSTINE\.jdks\ms-17.0.15\bin\instrument.dll
Event: 0.218 Loaded shared library C:\Users\JUSTINE\.jdks\ms-17.0.15\bin\net.dll
Event: 0.220 Loaded shared library C:\Users\JUSTINE\.jdks\ms-17.0.15\bin\nio.dll
Event: 0.224 Loaded shared library C:\Users\JUSTINE\.jdks\ms-17.0.15\bin\zip.dll
Event: 0.397 Loaded shared library C:\Users\JUSTINE\.jdks\ms-17.0.15\bin\extnet.dll
Event: 0.434 Loaded shared library C:\Users\JUSTINE\.jdks\ms-17.0.15\bin\jimage.dll
Event: 2.518 Loaded shared library C:\Users\JUSTINE\.jdks\ms-17.0.15\bin\sunmscapi.dll

Deoptimization events (20 events):
Event: 3.080 Thread 0x000001e4d07bbd30 DEOPT PACKING pc=0x000001e4dfe06660 sp=0x00000030b86fd530
Event: 3.080 Thread 0x000001e4d07bbd30 DEOPT UNPACKING pc=0x000001e4df8869a3 sp=0x00000030b86fd4c0 mode 2
Event: 3.082 Thread 0x000001e4d07bbd30 DEOPT PACKING pc=0x000001e4d884b186 sp=0x00000030b86fd530
Event: 3.082 Thread 0x000001e4d07bbd30 DEOPT UNPACKING pc=0x000001e4df887143 sp=0x00000030b86fc9c0 mode 0
Event: 3.082 Thread 0x000001e4d07bbd30 DEOPT PACKING pc=0x000001e4d884b186 sp=0x00000030b86fd530
Event: 3.082 Thread 0x000001e4d07bbd30 DEOPT UNPACKING pc=0x000001e4df887143 sp=0x00000030b86fc9c0 mode 0
Event: 3.082 Thread 0x000001e4d07bbd30 DEOPT PACKING pc=0x000001e4d884b186 sp=0x00000030b86fd530
Event: 3.082 Thread 0x000001e4d07bbd30 DEOPT UNPACKING pc=0x000001e4df887143 sp=0x00000030b86fc9c0 mode 0
Event: 3.195 Thread 0x000001e4d07bbd30 DEOPT PACKING pc=0x000001e4d84c5a4d sp=0x00000030b86fead0
Event: 3.195 Thread 0x000001e4d07bbd30 DEOPT UNPACKING pc=0x000001e4df887143 sp=0x00000030b86fdfc8 mode 0
Event: 3.199 Thread 0x000001e4d07bbd30 DEOPT PACKING pc=0x000001e4d84c5a4d sp=0x00000030b86feab0
Event: 3.199 Thread 0x000001e4d07bbd30 DEOPT UNPACKING pc=0x000001e4df887143 sp=0x00000030b86fdfa0 mode 0
Event: 3.204 Thread 0x000001e4d07bbd30 DEOPT PACKING pc=0x000001e4d84c5a4d sp=0x00000030b86feae0
Event: 3.204 Thread 0x000001e4d07bbd30 DEOPT UNPACKING pc=0x000001e4df887143 sp=0x00000030b86fdfd0 mode 0
Event: 3.205 Thread 0x000001e4d07bbd30 DEOPT PACKING pc=0x000001e4d84c5a4d sp=0x00000030b86feae0
Event: 3.205 Thread 0x000001e4d07bbd30 DEOPT UNPACKING pc=0x000001e4df887143 sp=0x00000030b86fdfd0 mode 0
Event: 3.207 Thread 0x000001e4d07bbd30 DEOPT PACKING pc=0x000001e4d84c5a4d sp=0x00000030b86feae0
Event: 3.207 Thread 0x000001e4d07bbd30 DEOPT UNPACKING pc=0x000001e4df887143 sp=0x00000030b86fdfd0 mode 0
Event: 3.208 Thread 0x000001e4d07bbd30 DEOPT PACKING pc=0x000001e4d84c5a4d sp=0x00000030b86feae0
Event: 3.208 Thread 0x000001e4d07bbd30 DEOPT UNPACKING pc=0x000001e4df887143 sp=0x00000030b86fdfd0 mode 0

Classes loaded (20 events):
Event: 2.624 Loading class java/nio/channels/InterruptibleChannel done
Event: 2.624 Loading class java/nio/channels/spi/AbstractInterruptibleChannel done
Event: 2.624 Loading class java/nio/channels/FileChannel done
Event: 2.624 Loading class sun/nio/ch/FileChannelImpl done
Event: 2.624 Loading class sun/nio/ch/NativeThreadSet
Event: 2.624 Loading class sun/nio/ch/NativeThreadSet done
Event: 2.624 Loading class sun/nio/ch/FileDispatcherImpl
Event: 2.624 Loading class sun/nio/ch/FileDispatcher
Event: 2.624 Loading class sun/nio/ch/FileDispatcher done
Event: 2.624 Loading class sun/nio/ch/FileDispatcherImpl done
Event: 2.625 Loading class sun/nio/ch/FileChannelImpl$Closer
Event: 2.625 Loading class sun/nio/ch/FileChannelImpl$Closer done
Event: 2.625 Loading class java/nio/channels/Channels
Event: 2.625 Loading class java/nio/channels/Channels done
Event: 2.625 Loading class sun/nio/ch/ChannelInputStream
Event: 2.625 Loading class sun/nio/ch/ChannelInputStream done
Event: 2.629 Loading class sun/nio/ch/IOStatus
Event: 2.629 Loading class sun/nio/ch/IOStatus done
Event: 2.629 Loading class java/nio/channels/SelectableChannel
Event: 2.630 Loading class java/nio/channels/SelectableChannel done

Classes unloaded (0 events):
No events

Classes redefined (0 events):
No events

Internal exceptions (20 events):
Event: 1.517 Thread 0x000001e4d07bbd30 Exception <a 'java/lang/NoSuchMethodError'{0x000000074eff1aa8}: 'int java.lang.invoke.DirectMethodHandle$Holder.invokeSpecialIFC(java.lang.Object, java.lang.Object, java.lang.Object, java.lang.Object)'> (0x000000074eff1aa8) 
thrown [s\src\hotspot\share\interpreter\linkResolver.cpp, line 759]
Event: 1.581 Thread 0x000001e4d07bbd30 Exception <a 'java/lang/NoSuchMethodError'{0x000000074ed618f0}: 'void java.lang.invoke.DirectMethodHandle$Holder.invokeInterface(java.lang.Object, java.lang.Object, java.lang.Object)'> (0x000000074ed618f0) 
thrown [s\src\hotspot\share\interpreter\linkResolver.cpp, line 759]
Event: 1.619 Thread 0x000001e4d07bbd30 Exception <a 'java/lang/NoSuchMethodError'{0x000000074ea09578}: 'void java.lang.invoke.DirectMethodHandle$Holder.invokeStaticInit(java.lang.Object, java.lang.Object, java.lang.Object)'> (0x000000074ea09578) 
thrown [s\src\hotspot\share\interpreter\linkResolver.cpp, line 759]
Event: 1.626 Thread 0x000001e4d07bbd30 Exception <a 'java/lang/NoSuchMethodError'{0x000000074ea4ba50}: 'java.lang.Object java.lang.invoke.DirectMethodHandle$Holder.invokeVirtual(java.lang.Object, java.lang.Object, java.lang.Object)'> (0x000000074ea4ba50) 
thrown [s\src\hotspot\share\interpreter\linkResolver.cpp, line 759]
Event: 1.653 Thread 0x000001e4d07bbd30 Exception <a 'java/lang/NoSuchMethodError'{0x000000074eae2270}: 'java.lang.Object java.lang.invoke.DirectMethodHandle$Holder.newInvokeSpecial(java.lang.Object, long)'> (0x000000074eae2270) 
thrown [s\src\hotspot\share\interpreter\linkResolver.cpp, line 759]
Event: 1.655 Thread 0x000001e4d07bbd30 Exception <a 'java/lang/NoSuchMethodError'{0x000000074eae9b08}: 'void java.lang.invoke.DirectMethodHandle$Holder.invokeVirtual(java.lang.Object, java.lang.Object, java.lang.Object, java.lang.Object)'> (0x000000074eae9b08) 
thrown [s\src\hotspot\share\interpreter\linkResolver.cpp, line 759]
Event: 1.683 Thread 0x000001e4d07bbd30 Exception <a 'java/lang/NoSuchMethodError'{0x000000074eb97a08}: 'java.lang.Object java.lang.invoke.DirectMethodHandle$Holder.invokeSpecial(java.lang.Object, java.lang.Object, long, java.lang.Object, java.lang.Object, java.lang.Object, java.lang.Object, java.lang.Object, java.lang.Object)'> (0x000000074eb97a08) 
thrown [s\src\hotspot\share\interpreter\linkResolver.cpp, line 759]
Event: 1.684 Thread 0x000001e4d07bbd30 Exception <a 'java/lang/NoSuchMethodError'{0x000000074eb9c288}: 'java.lang.Object java.lang.invoke.DelegatingMethodHandle$Holder.reinvoke_L(java.lang.Object, long, java.lang.Object, java.lang.Object, java.lang.Object, java.lang.Object, java.lang.Object, java.lang.Object)'> (0x000000074eb9c288) 
thrown [s\src\hotspot\share\interpreter\linkResolver.cpp, line 759]
Event: 1.830 Thread 0x000001e4d07bbd30 Exception <a 'java/lang/NoSuchMethodError'{0x000000074e99fcf0}: 'java.lang.Object java.lang.invoke.DirectMethodHandle$Holder.invokeSpecial(java.lang.Object, java.lang.Object, java.lang.Object, java.lang.Object, java.lang.Object, java.lang.Object, java.lang.Object, java.lang.Object, java.lang.Object)'> (0x000000074e99fcf0) 
thrown [s\src\hotspot\share\interpreter\linkResolver.cpp, line 759]
Event: 1.830 Thread 0x000001e4d07bbd30 Exception <a 'java/lang/NoSuchMethodError'{0x000000074e9a4618}: 'java.lang.Object java.lang.invoke.Invokers$Holder.invoke_MT(java.lang.Object, java.lang.Object, java.lang.Object, java.lang.Object, java.lang.Object, java.lang.Object, java.lang.Object, java.lang.Object, java.lang.Object)'> (0x000000074e9a4618) 
thrown [s\src\hotspot\share\interpreter\linkResolver.cpp, line 759]
Event: 1.879 Thread 0x000001e4d07bbd30 Exception <a 'java/lang/IncompatibleClassChangeError'{0x000000074fe72380}: Found class java.lang.Object, but interface was expected> (0x000000074fe72380) 
thrown [s\src\hotspot\share\interpreter\linkResolver.cpp, line 826]
Event: 2.239 Thread 0x000001e4f0773920 Exception <a 'java/lang/NoSuchMethodError'{0x000000074ea45cc0}: 'long java.lang.invoke.DirectMethodHandle$Holder.invokeSpecial(java.lang.Object, java.lang.Object)'> (0x000000074ea45cc0) 
thrown [s\src\hotspot\share\interpreter\linkResolver.cpp, line 759]
Event: 2.242 Thread 0x000001e4f0773920 Exception <a 'java/lang/NoSuchMethodError'{0x000000074ea50b40}: 'long java.lang.invoke.DirectMethodHandle$Holder.invokeStatic(java.lang.Object, java.lang.Object)'> (0x000000074ea50b40) 
thrown [s\src\hotspot\share\interpreter\linkResolver.cpp, line 759]
Event: 2.242 Thread 0x000001e4f0773920 Exception <a 'java/lang/NoSuchMethodError'{0x000000074ea53e98}: 'long java.lang.invoke.DirectMethodHandle$Holder.invokeStaticInit(java.lang.Object, java.lang.Object)'> (0x000000074ea53e98) 
thrown [s\src\hotspot\share\interpreter\linkResolver.cpp, line 759]
Event: 2.250 Thread 0x000001e4f0773920 Exception <a 'java/lang/NoSuchMethodError'{0x000000074ea616d0}: 'long java.lang.invoke.DirectMethodHandle$Holder.invokeInterface(java.lang.Object, java.lang.Object)'> (0x000000074ea616d0) 
thrown [s\src\hotspot\share\interpreter\linkResolver.cpp, line 759]
Event: 2.250 Thread 0x000001e4f0773920 Exception <a 'java/lang/IncompatibleClassChangeError'{0x000000074ea649b8}: Found class java.lang.Object, but interface was expected> (0x000000074ea649b8) 
thrown [s\src\hotspot\share\interpreter\linkResolver.cpp, line 826]
Event: 2.489 Thread 0x000001e4d07bbd30 Exception <a 'java/lang/NoSuchMethodError'{0x000000074e0bd700}: 'int java.lang.invoke.DirectMethodHandle$Holder.invokeSpecial(java.lang.Object, java.lang.Object, java.lang.Object, java.lang.Object, java.lang.Object)'> (0x000000074e0bd700) 
thrown [s\src\hotspot\share\interpreter\linkResolver.cpp, line 759]
Event: 2.503 Thread 0x000001e4d07bbd30 Exception <a 'java/lang/NoSuchMethodError'{0x000000074e0c6730}: 'void java.lang.invoke.DirectMethodHandle$Holder.invokeVirtual(java.lang.Object, java.lang.Object)'> (0x000000074e0c6730) 
thrown [s\src\hotspot\share\interpreter\linkResolver.cpp, line 759]
Event: 3.042 Thread 0x000001e4d07bbd30 Exception <a 'java/lang/IncompatibleClassChangeError'{0x000000074d3991c8}: Found class java.lang.Object, but interface was expected> (0x000000074d3991c8) 
thrown [s\src\hotspot\share\interpreter\linkResolver.cpp, line 826]
Event: 3.190 Thread 0x000001e4d07bbd30 Exception <a 'java/lang/IncompatibleClassChangeError'{0x000000074cc0c6f0}: Found class java.lang.Object, but interface was expected> (0x000000074cc0c6f0) 
thrown [s\src\hotspot\share\interpreter\linkResolver.cpp, line 826]

VM Operations (20 events):
Event: 1.584 Executing VM operation: ICBufferFull
Event: 1.584 Executing VM operation: ICBufferFull done
Event: 1.806 Executing VM operation: HandshakeAllThreads
Event: 1.806 Executing VM operation: HandshakeAllThreads done
Event: 1.836 Executing VM operation: G1CollectForAllocation
Event: 1.843 Executing VM operation: G1CollectForAllocation done
Event: 2.036 Executing VM operation: HandshakeAllThreads
Event: 2.036 Executing VM operation: HandshakeAllThreads done
Event: 2.286 Executing VM operation: HandshakeAllThreads
Event: 2.286 Executing VM operation: HandshakeAllThreads done
Event: 2.434 Executing VM operation: HandshakeAllThreads
Event: 2.450 Executing VM operation: HandshakeAllThreads done
Event: 2.488 Executing VM operation: HandshakeAllThreads
Event: 2.488 Executing VM operation: HandshakeAllThreads done
Event: 2.513 Executing VM operation: HandshakeAllThreads
Event: 2.513 Executing VM operation: HandshakeAllThreads done
Event: 2.702 Executing VM operation: ICBufferFull
Event: 2.702 Executing VM operation: ICBufferFull done
Event: 3.211 Executing VM operation: HandshakeAllThreads
Event: 3.211 Executing VM operation: HandshakeAllThreads done

Memory protections (0 events):
No events

Nmethod flushes (0 events):
No events

Events (18 events):
Event: 0.038 Thread 0x000001e4d07bbd30 Thread added: 0x000001e4d07bbd30
Event: 0.042 Thread 0x000001e4d07bbd30 Thread added: 0x000001e4f074ac90
Event: 0.042 Thread 0x000001e4d07bbd30 Thread added: 0x000001e4f074c8c0
Event: 0.051 Thread 0x000001e4d07bbd30 Thread added: 0x000001e4f075dda0
Event: 0.052 Thread 0x000001e4d07bbd30 Thread added: 0x000001e4f0760870
Event: 0.052 Thread 0x000001e4d07bbd30 Thread added: 0x000001e4f07619d0
Event: 0.052 Thread 0x000001e4d07bbd30 Thread added: 0x000001e4f0766030
Event: 0.052 Thread 0x000001e4d07bbd30 Thread added: 0x000001e4f07678d0
Event: 0.052 Thread 0x000001e4d07bbd30 Thread added: 0x000001e4f076cb50
Event: 0.052 Thread 0x000001e4d07bbd30 Thread added: 0x000001e4f0774340
Event: 0.174 Thread 0x000001e4d07bbd30 Thread added: 0x000001e4f0771ac0
Event: 0.263 Thread 0x000001e4f076cb50 Thread added: 0x000001e4f093c5e0
Event: 0.382 Thread 0x000001e4d07bbd30 Thread added: 0x000001e4f0772f00
Event: 0.382 Thread 0x000001e4d07bbd30 Thread added: 0x000001e4f07729f0
Event: 1.825 Thread 0x000001e4d07bbd30 Thread added: 0x000001e4f0773920
Event: 2.596 Thread 0x000001e4f0773920 Thread exited: 0x000001e4f0773920
Event: 3.057 Thread 0x000001e4d07bbd30 Thread added: 0x000001e4f0774d60
Event: 3.138 Thread 0x000001e4f0774d60 Thread exited: 0x000001e4f0774d60


Dynamic libraries:
0x00007ff73c560000 - 0x00007ff73c56e000 	C:\Users\JUSTINE\.jdks\ms-17.0.15\bin\java.exe
0x00007ff94d710000 - 0x00007ff94d908000 	C:\WINDOWS\SYSTEM32\ntdll.dll
0x00007ff94c280000 - 0x00007ff94c342000 	C:\WINDOWS\System32\KERNEL32.DLL
0x00007ff94b080000 - 0x00007ff94b376000 	C:\WINDOWS\System32\KERNELBASE.dll
0x00007ff94b630000 - 0x00007ff94b730000 	C:\WINDOWS\System32\ucrtbase.dll
0x00007ff944dc0000 - 0x00007ff944ddd000 	C:\Users\JUSTINE\.jdks\ms-17.0.15\bin\VCRUNTIME140.dll
0x00007ff9446a0000 - 0x00007ff9446b7000 	C:\Users\JUSTINE\.jdks\ms-17.0.15\bin\jli.dll
0x00007ff938270000 - 0x00007ff93850b000 	C:\WINDOWS\WinSxS\amd64_microsoft.windows.common-controls_6595b64144ccf1df_6.0.19041.6456_none_60b8a6cb71f64256\COMCTL32.dll
0x00007ff94c480000 - 0x00007ff94c51e000 	C:\WINDOWS\System32\msvcrt.dll
0x00007ff94ca70000 - 0x00007ff94ca9b000 	C:\WINDOWS\System32\GDI32.dll
0x00007ff94b380000 - 0x00007ff94b3a2000 	C:\WINDOWS\System32\win32u.dll
0x00007ff94caa0000 - 0x00007ff94cc41000 	C:\WINDOWS\System32\USER32.dll
0x00007ff94b510000 - 0x00007ff94b629000 	C:\WINDOWS\System32\gdi32full.dll
0x00007ff94ada0000 - 0x00007ff94ae3d000 	C:\WINDOWS\System32\msvcp_win.dll
0x00007ff94cc50000 - 0x00007ff94cc7f000 	C:\WINDOWS\System32\IMM32.DLL
0x00007ff9475e0000 - 0x00007ff9475ec000 	C:\Users\JUSTINE\.jdks\ms-17.0.15\bin\vcruntime140_1.dll
0x00007ff935fa0000 - 0x00007ff93602d000 	C:\Users\JUSTINE\.jdks\ms-17.0.15\bin\msvcp140.dll
0x00007ff91f1d0000 - 0x00007ff91fe42000 	C:\Users\JUSTINE\.jdks\ms-17.0.15\bin\server\jvm.dll
0x00007ff94d600000 - 0x00007ff94d6b1000 	C:\WINDOWS\System32\ADVAPI32.dll
0x00007ff94c8e0000 - 0x00007ff94c97f000 	C:\WINDOWS\System32\sechost.dll
0x00007ff94b8b0000 - 0x00007ff94b9d0000 	C:\WINDOWS\System32\RPCRT4.dll
0x00007ff94af50000 - 0x00007ff94af77000 	C:\WINDOWS\System32\bcrypt.dll
0x00007ff94ca00000 - 0x00007ff94ca6b000 	C:\WINDOWS\System32\WS2_32.dll
0x00007ff94a330000 - 0x00007ff94a37b000 	C:\WINDOWS\SYSTEM32\POWRPROF.dll
0x00007ff947080000 - 0x00007ff9470a7000 	C:\WINDOWS\SYSTEM32\WINMM.dll
0x00007ff93f6f0000 - 0x00007ff93f6fa000 	C:\WINDOWS\SYSTEM32\VERSION.dll
0x00007ff94a1a0000 - 0x00007ff94a1b2000 	C:\WINDOWS\SYSTEM32\UMPDC.dll
0x00007ff9495b0000 - 0x00007ff9495c2000 	C:\WINDOWS\SYSTEM32\kernel.appcore.dll
0x00007ff944660000 - 0x00007ff94466a000 	C:\Users\JUSTINE\.jdks\ms-17.0.15\bin\jimage.dll
0x00007ff948bc0000 - 0x00007ff948dc1000 	C:\WINDOWS\SYSTEM32\DBGHELP.DLL
0x00007ff931620000 - 0x00007ff931654000 	C:\WINDOWS\SYSTEM32\dbgcore.DLL
0x00007ff94aec0000 - 0x00007ff94af42000 	C:\WINDOWS\System32\bcryptPrimitives.dll
0x00007ff944610000 - 0x00007ff94461e000 	C:\Users\JUSTINE\.jdks\ms-17.0.15\bin\instrument.dll
0x00007ff941d80000 - 0x00007ff941da5000 	C:\Users\JUSTINE\.jdks\ms-17.0.15\bin\java.dll
0x00007ff9310e0000 - 0x00007ff9311b6000 	C:\Users\JUSTINE\.jdks\ms-17.0.15\bin\jsvml.dll
0x00007ff94ce00000 - 0x00007ff94d570000 	C:\WINDOWS\System32\SHELL32.dll
0x00007ff948df0000 - 0x00007ff949595000 	C:\WINDOWS\SYSTEM32\windows.storage.dll
0x00007ff94bf20000 - 0x00007ff94c274000 	C:\WINDOWS\System32\combase.dll
0x00007ff94a7d0000 - 0x00007ff94a7fb000 	C:\WINDOWS\SYSTEM32\Wldp.dll
0x00007ff94c520000 - 0x00007ff94c5ed000 	C:\WINDOWS\System32\OLEAUT32.dll
0x00007ff94c830000 - 0x00007ff94c8dd000 	C:\WINDOWS\System32\SHCORE.dll
0x00007ff94b7f0000 - 0x00007ff94b84b000 	C:\WINDOWS\System32\shlwapi.dll
0x00007ff94acd0000 - 0x00007ff94acf4000 	C:\WINDOWS\SYSTEM32\profapi.dll
0x00007ff942660000 - 0x00007ff942678000 	C:\Users\JUSTINE\.jdks\ms-17.0.15\bin\zip.dll
0x00007ff93f610000 - 0x00007ff93f62a000 	C:\Users\JUSTINE\.jdks\ms-17.0.15\bin\net.dll
0x00007ff940e50000 - 0x00007ff940f5a000 	C:\WINDOWS\SYSTEM32\WINHTTP.dll
0x00007ff94a530000 - 0x00007ff94a59a000 	C:\WINDOWS\system32\mswsock.dll
0x00007ff93f1e0000 - 0x00007ff93f1f6000 	C:\Users\JUSTINE\.jdks\ms-17.0.15\bin\nio.dll
0x00007ff942700000 - 0x00007ff942709000 	C:\Users\JUSTINE\.jdks\ms-17.0.15\bin\extnet.dll
0x00007ff9426d0000 - 0x00007ff9426de000 	C:\Users\JUSTINE\.jdks\ms-17.0.15\bin\sunmscapi.dll
0x00007ff94b3b0000 - 0x00007ff94b50d000 	C:\WINDOWS\System32\CRYPT32.dll
0x00007ff94a840000 - 0x00007ff94a867000 	C:\WINDOWS\SYSTEM32\ncrypt.dll
0x00007ff94a800000 - 0x00007ff94a83b000 	C:\WINDOWS\SYSTEM32\NTASN1.dll

dbghelp: loaded successfully - version: 4.0.5 - missing functions: none
symbol engine: initialized successfully - sym options: 0x614 - pdb path: .;C:\Users\JUSTINE\.jdks\ms-17.0.15\bin;C:\WINDOWS\SYSTEM32;C:\WINDOWS\WinSxS\amd64_microsoft.windows.common-controls_6595b64144ccf1df_6.0.19041.6456_none_60b8a6cb71f64256;C:\Users\JUSTINE\.jdks\ms-17.0.15\bin\server

VM Arguments:
jvm_args: -javaagent:C:\Program Files\JetBrains\IntelliJ IDEA Community Edition 2025.2.4\lib\idea_rt.jar=64408 -Dfile.encoding=UTF-8 
java_command: com.web_hub.web_hub.WebHubApplication C:\Users\JUSTINE\.m2\repository
java_class_path (initial): C:\Users\JUSTINE\Documents\Downloads\web-hub\target\classes;C:\Users\JUSTINE\.m2\repository\org\springframework\boot\spring-boot-starter-web\4.0.3\spring-boot-starter-web-4.0.3.jar;C:\Users\JUSTINE\.m2\repository\org\springframework\boot\spring-boot-starter-jackson\4.0.3\spring-boot-starter-jackson-4.0.3.jar;C:\Users\JUSTINE\.m2\repository\org\springframework\boot\spring-boot-jackson\4.0.3\spring-boot-jackson-4.0.3.jar;C:\Users\JUSTINE\.m2\repository\tools\jackson\core\jackson-databind\3.0.4\jackson-databind-3.0.4.jar;C:\Users\JUSTINE\.m2\repository\tools\jackson\core\jackson-core\3.0.4\jackson-core-3.0.4.jar;C:\Users\JUSTINE\.m2\repository\org\springframework\boot\spring-boot-starter-tomcat\4.0.3\spring-boot-starter-tomcat-4.0.3.jar;C:\Users\JUSTINE\.m2\repository\org\springframework\boot\spring-boot-starter-tomcat-runtime\4.0.3\spring-boot-starter-tomcat-runtime-4.0.3.jar;C:\Users\JUSTINE\.m2\repository\org\springframework\boot\spring-boot-web-server\4.0.3\spring-boot-web-server-4.0.3.jar;C:\Users\JUSTINE\.m2\repository\org\apache\tomcat\embed\tomcat-embed-core\11.0.18\tomcat-embed-core-11.0.18.jar;C:\Users\JUSTINE\.m2\repository\org\apache\tomcat\embed\tomcat-embed-el\11.0.18\tomcat-embed-el-11.0.18.jar;C:\Users\JUSTINE\.m2\repository\org\apache\tomcat\embed\tomcat-embed-websocket\11.0.18\tomcat-embed-websocket-11.0.18.jar;C:\Users\JUSTINE\.m2\repository\org\springframework\boot\spring-boot-tomcat\4.0.3\spring-boot-tomcat-4.0.3.jar;C:\Users\JUSTINE\.m2\repository\org\springframework\boot\spring-boot-http-converter\4.0.3\spring-boot-http-converter-4.0.3.jar;C:\Users\JUSTINE\.m2\repository\org\springframework\boot\spring-boot\4.0.3\spring-boot-4.0.3.jar;C:\Users\JUSTINE\.m2\repository\org\springframework\spring-context\7.0.5\spring-context-7.0.5.jar;C:\Users\JUSTINE\.m2\repository\org\springframework\spring-web\7.0.5\spring-web-7.0.5.jar;C:\Users\JUSTINE\.m2\repository\io\micrometer\micrometer-observation\1.16.3\micrometer-observation-1
Launcher Type: SUN_STANDARD

[Global flags]
     intx CICompilerCount                          = 3                                         {product} {ergonomic}
     uint ConcGCThreads                            = 1                                         {product} {ergonomic}
     uint G1ConcRefinementThreads                  = 4                                         {product} {ergonomic}
   size_t G1HeapRegionSize                         = 2097152                                   {product} {ergonomic}
    uintx GCDrainStackTargetSize                   = 64                                        {product} {ergonomic}
   size_t InitialHeapSize                          = 197132288                                 {product} {ergonomic}
   size_t MarkStackSize                            = 4194304                                   {product} {ergonomic}
   size_t MaxHeapSize                              = 3149922304                                {product} {ergonomic}
   size_t MaxNewSize                               = 1889533952                                {product} {ergonomic}
   size_t MinHeapDeltaBytes                        = 2097152                                   {product} {ergonomic}
   size_t MinHeapSize                              = 8388608                                   {product} {ergonomic}
    uintx NonNMethodCodeHeapSize                   = 5832780                                {pd product} {ergonomic}
    uintx NonProfiledCodeHeapSize                  = 122912730                              {pd product} {ergonomic}
    uintx ProfiledCodeHeapSize                     = 122912730                              {pd product} {ergonomic}
    uintx ReservedCodeCacheSize                    = 251658240                              {pd product} {ergonomic}
     bool SegmentedCodeCache                       = true                                      {product} {ergonomic}
   size_t SoftMaxHeapSize                          = 3149922304                             {manageable} {ergonomic}
     bool UseCompressedClassPointers               = true                           {product lp64_product} {ergonomic}
     bool UseCompressedOops                        = true                           {product lp64_product} {ergonomic}
     bool UseG1GC                                  = true                                      {product} {ergonomic}
     bool UseLargePagesIndividualAllocation        = false                                  {pd product} {ergonomic}

Logging:
Log output configuration:
 #0: stdout all=warning uptime,level,tags
 #1: stderr all=off uptime,level,tags

Environment Variables:
PATH=C:\Program Files (x86)\VMware\VMware Workstation\bin\;C:\OraHome_1;C:\app\JUSTINE\product\11.2.0\client_1\bin;C:\WINDOWS\system32;C:\WINDOWS;C:\WINDOWS\System32\Wbem;C:\WINDOWS\System32\WindowsPowerShell\v1.0\;C:\WINDOWS\System32\OpenSSH\;C:\Program Files\dotnet\;C:\Program Files\Git\cmd;C:\Users\JUSTINE\AppData\Local\Microsoft\WindowsApps;C:\Users\JUSTINE\AppData\Local\Programs\Azure Data Studio\bin;C:\Users\JUSTINE\AppData\Local\Programs\Microsoft VS Code\bin;
USERNAME=JUSTINE
OS=Windows_NT
PROCESSOR_IDENTIFIER=Intel64 Family 6 Model 60 Stepping 3, GenuineIntel
TMP=C:\Users\JUSTINE\AppData\Local\Temp
TEMP=C:\Users\JUSTINE\AppData\Local\Temp



Periodic native trim disabled


---------------  S Y S T E M  ---------------

OS:
 Windows 10 , 64 bit Build 19041 (10.0.19041.5915)
OS uptime: 2 days 1:26 hours

CPU: total 4 (initial active 4) (2 cores per cpu, 2 threads per core) family 6 model 60 stepping 3 microcode 0x27, cx8, cmov, fxsr, ht, mmx, sse, sse2, sse3, ssse3, sse4.1, sse4.2, popcnt, lzcnt, tsc, tscinvbit, avx, avx2, aes, erms, clmul, bmi1, bmi2, fma, vzeroupper, clflush
Processor Information for the first 4 processors :
  Max Mhz: 2494, Current Mhz: 2494, Mhz Limit: 2494

Memory: 4k page, system-wide physical 12008M (628M free)
TotalPageFile size 14405M (AvailPageFile size 27M)
current process WorkingSet (physical memory assigned to process): 161M, peak: 161M
current process commit charge ("private bytes"): 326M, peak: 329M

vm_info: OpenJDK 64-Bit Server VM (17.0.15+6-LTS) for windows-amd64 JRE (17.0.15+6-LTS), built on Apr  9 2025 22:27:25 by "MicrosoftCorporation" with unknown MS VC++:1939

END.
