#
# There is insufficient memory for the Java Runtime Environment to continue.
# Native memory allocation (malloc) failed to allocate 529296 bytes. Error detail: Chunk::new
# Possible reasons:
#   The system is out of physical RAM or swap space
#   This process is running with CompressedOops enabled, and the Java Heap may be blocking the growth of the native heap
# Possible solutions:
#   Reduce memory load on the system
#   Increase physical memory or swap space
#   Check if swap backing store is full
#   Decrease Java heap size (-Xmx/-Xms)
#   Decrease number of Java threads
#   Decrease Java thread stack sizes (-Xss)
#   Set larger code cache with -XX:ReservedCodeCacheSize=
#   JVM is running with Zero Based Compressed Oops mode in which the Java heap is
#     placed in the first 32GB address space. The Java Heap base address is the
#     maximum limit for the native heap growth. Please use -XX:HeapBaseMinAddress
#     to set the Java Heap base and to place the Java Heap above 32GB virtual address.
# This output file may be truncated or incomplete.
#
#  Out of Memory Error (arena.cpp:191), pid=15540, tid=21312
#
# JRE version: OpenJDK Runtime Environment Microsoft-11369865 (17.0.15+6) (build 17.0.15+6-LTS)
# Java VM: OpenJDK 64-Bit Server VM Microsoft-11369865 (17.0.15+6-LTS, mixed mode, sharing, tiered, compressed oops, compressed class ptrs, g1 gc, windows-amd64)
# No core dump will be written. Minidumps are not enabled by default on client versions of Windows
#

---------------  S U M M A R Y ------------

Command Line: -javaagent:C:\Program Files\JetBrains\IntelliJ IDEA Community Edition 2025.2.4\lib\idea_rt.jar=55336 -Dfile.encoding=UTF-8 com.web_hub.web_hub.WebHubApplication C:\Users\JUSTINE\.m2\repository

Host: Intel(R) Core(TM) i5-4200M CPU @ 2.50GHz, 4 cores, 11G,  Windows 10 , 64 bit Build 19041 (10.0.19041.5915)
Time: Thu Apr  9 10:57:41 2026 E. Africa Standard Time elapsed time: 277.331432 seconds (0d 0h 4m 37s)

---------------  T H R E A D  ---------------

Current thread (0x0000028751e92310):  JavaThread "C2 CompilerThread0" daemon [_thread_in_native, id=21312, stack(0x000000bb2a300000,0x000000bb2a400000)]


Current CompileTask:
C2: 277331 8577       4       javax.crypto.Mac::doFinal (64 bytes)

Stack: [0x000000bb2a300000,0x000000bb2a400000]
Native frames: (J=compiled Java code, j=interpreted, Vv=VM code, C=native code)
V  [jvm.dll+0x6887a9]
V  [jvm.dll+0x83f5a8]
V  [jvm.dll+0x841053]
V  [jvm.dll+0x8416c3]
V  [jvm.dll+0x2496ef]
V  [jvm.dll+0xad134]
V  [jvm.dll+0xad7cc]
V  [jvm.dll+0x36aedf]
V  [jvm.dll+0x1bce62]
V  [jvm.dll+0x21aa7c]
V  [jvm.dll+0x219d3f]
V  [jvm.dll+0x1a55f6]
V  [jvm.dll+0x22a39a]
V  [jvm.dll+0x2284db]
V  [jvm.dll+0x7f4e28]
V  [jvm.dll+0x7ef2dc]
V  [jvm.dll+0x687687]
C  [ucrtbase.dll+0x21bb2]
C  [KERNEL32.DLL+0x17374]
C  [ntdll.dll+0x4cc91]


---------------  P R O C E S S  ---------------

Threads class SMR info:
_java_thread_list=0x0000028798c07a10, length=30, elements={
0x0000028751e6f4c0, 0x0000028751e71350, 0x0000028751e80c40, 0x0000028751e83710,
0x0000028751e840d0, 0x0000028751e91570, 0x0000028751e92310, 0x0000028751e9c1e0,
0x0000028751ead3a0, 0x0000028751e5ad80, 0x00000287972307a0, 0x0000028797230c80,
0x000002879b7fb3d0, 0x00000287999c70a0, 0x0000028799669df0, 0x000002879966a810,
0x0000028799667570, 0x0000028799667f90, 0x00000287996684a0, 0x00000287996689b0,
0x00000287996693d0, 0x0000028799667060, 0x000002879bc502d0, 0x000002879bc52130,
0x000002879bc53060, 0x000002879bc53a80, 0x000002879bc4ee90, 0x000002879bc51710,
0x000002879bc52b50, 0x000002879bc4c610
}

Java Threads: ( => current thread )
  0x0000028751e6f4c0 JavaThread "Reference Handler" daemon [_thread_blocked, id=16432, stack(0x000000bb29d00000,0x000000bb29e00000)]
  0x0000028751e71350 JavaThread "Finalizer" daemon [_thread_blocked, id=3224, stack(0x000000bb29e00000,0x000000bb29f00000)]
  0x0000028751e80c40 JavaThread "Signal Dispatcher" daemon [_thread_blocked, id=17652, stack(0x000000bb29f00000,0x000000bb2a000000)]
  0x0000028751e83710 JavaThread "Attach Listener" daemon [_thread_blocked, id=5144, stack(0x000000bb2a000000,0x000000bb2a100000)]
  0x0000028751e840d0 JavaThread "Service Thread" daemon [_thread_blocked, id=8844, stack(0x000000bb2a100000,0x000000bb2a200000)]
  0x0000028751e91570 JavaThread "Monitor Deflation Thread" daemon [_thread_blocked, id=21216, stack(0x000000bb2a200000,0x000000bb2a300000)]
=>0x0000028751e92310 JavaThread "C2 CompilerThread0" daemon [_thread_in_native, id=21312, stack(0x000000bb2a300000,0x000000bb2a400000)]
  0x0000028751e9c1e0 JavaThread "C1 CompilerThread0" daemon [_thread_blocked, id=9972, stack(0x000000bb2a400000,0x000000bb2a500000)]
  0x0000028751ead3a0 JavaThread "Sweeper thread" daemon [_thread_blocked, id=19808, stack(0x000000bb2a500000,0x000000bb2a600000)]
  0x0000028751e5ad80 JavaThread "Common-Cleaner" daemon [_thread_blocked, id=4404, stack(0x000000bb2a600000,0x000000bb2a700000)]
  0x00000287972307a0 JavaThread "Monitor Ctrl-Break" daemon [_thread_in_native, id=21200, stack(0x000000bb2a800000,0x000000bb2a900000)]
  0x0000028797230c80 JavaThread "Notification Thread" daemon [_thread_blocked, id=1808, stack(0x000000bb2a900000,0x000000bb2aa00000)]
  0x000002879b7fb3d0 JavaThread "PostgreSQL-JDBC-Cleaner" daemon [_thread_blocked, id=15928, stack(0x000000bb2af00000,0x000000bb2b000000)]
  0x00000287999c70a0 JavaThread "HikariPool-1:housekeeper" daemon [_thread_blocked, id=16692, stack(0x000000bb2b000000,0x000000bb2b100000)]
  0x0000028799669df0 JavaThread "Catalina-utility-1" [_thread_blocked, id=22084, stack(0x000000bb2b200000,0x000000bb2b300000)]
  0x000002879966a810 JavaThread "Catalina-utility-2" [_thread_blocked, id=14932, stack(0x000000bb2b300000,0x000000bb2b400000)]
  0x0000028799667570 JavaThread "container-0" [_thread_blocked, id=11612, stack(0x000000bb2b400000,0x000000bb2b500000)]
  0x0000028799667f90 JavaThread "http-nio-8080-exec-1" daemon [_thread_blocked, id=10520, stack(0x000000bb2b500000,0x000000bb2b600000)]
  0x00000287996684a0 JavaThread "http-nio-8080-exec-2" daemon [_thread_blocked, id=5760, stack(0x000000bb2b600000,0x000000bb2b700000)]
  0x00000287996689b0 JavaThread "http-nio-8080-exec-3" daemon [_thread_blocked, id=21600, stack(0x000000bb2b700000,0x000000bb2b800000)]
  0x00000287996693d0 JavaThread "http-nio-8080-exec-4" daemon [_thread_blocked, id=17476, stack(0x000000bb2b800000,0x000000bb2b900000)]
  0x0000028799667060 JavaThread "http-nio-8080-exec-5" daemon [_thread_blocked, id=19520, stack(0x000000bb2b900000,0x000000bb2ba00000)]
  0x000002879bc502d0 JavaThread "http-nio-8080-exec-6" daemon [_thread_blocked, id=16768, stack(0x000000bb2ba00000,0x000000bb2bb00000)]
  0x000002879bc52130 JavaThread "http-nio-8080-exec-7" daemon [_thread_blocked, id=12744, stack(0x000000bb2bb00000,0x000000bb2bc00000)]
  0x000002879bc53060 JavaThread "http-nio-8080-exec-8" daemon [_thread_blocked, id=20052, stack(0x000000bb2bc00000,0x000000bb2bd00000)]
  0x000002879bc53a80 JavaThread "http-nio-8080-exec-9" daemon [_thread_in_native, id=7832, stack(0x000000bb2bd00000,0x000000bb2be00000)]
  0x000002879bc4ee90 JavaThread "http-nio-8080-exec-10" daemon [_thread_blocked, id=14748, stack(0x000000bb2be00000,0x000000bb2bf00000)]
  0x000002879bc51710 JavaThread "http-nio-8080-Poller" daemon [_thread_in_native, id=16884, stack(0x000000bb2bf00000,0x000000bb2c000000)]
  0x000002879bc52b50 JavaThread "http-nio-8080-Acceptor" daemon [_thread_in_native, id=15528, stack(0x000000bb2c000000,0x000000bb2c100000)]
  0x000002879bc4c610 JavaThread "DestroyJavaVM" [_thread_blocked, id=8224, stack(0x000000bb29600000,0x000000bb29700000)]

Other Threads:
  0x0000028751e67150 VMThread "VM Thread" [stack: 0x000000bb29c00000,0x000000bb29d00000] [id=10172]
  0x0000028797231970 WatcherThread [stack: 0x000000bb2aa00000,0x000000bb2ab00000] [id=16796]
  0x0000028731f250a0 GCTaskThread "GC Thread#0" [stack: 0x000000bb29700000,0x000000bb29800000] [id=17712]
  0x00000287977b6fa0 GCTaskThread "GC Thread#1" [stack: 0x000000bb2ab00000,0x000000bb2ac00000] [id=10152]
  0x00000287976ee260 GCTaskThread "GC Thread#2" [stack: 0x000000bb2ac00000,0x000000bb2ad00000] [id=19668]
  0x00000287976ee520 GCTaskThread "GC Thread#3" [stack: 0x000000bb2ad00000,0x000000bb2ae00000] [id=18948]
  0x0000028731f32bc0 ConcurrentGCThread "G1 Main Marker" [stack: 0x000000bb29800000,0x000000bb29900000] [id=15308]
  0x0000028731f33d80 ConcurrentGCThread "G1 Conc#0" [stack: 0x000000bb29900000,0x000000bb29a00000] [id=6760]
  0x0000028731f72f60 ConcurrentGCThread "G1 Refine#0" [stack: 0x000000bb29a00000,0x000000bb29b00000] [id=14208]
  0x0000028731f73990 ConcurrentGCThread "G1 Service" [stack: 0x000000bb29b00000,0x000000bb29c00000] [id=8980]

Threads with active compile tasks:
C2 CompilerThread0   277515 8577       4       javax.crypto.Mac::doFinal (64 bytes)

VM state: not at safepoint (normal execution)

VM Mutex/Monitor currently owned by a thread: None

Heap address: 0x0000000744400000, size: 3004 MB, Compressed Oops mode: Zero based, Oop shift amount: 3

CDS archive(s) mapped at: [0x0000028752000000-0x0000028752bb0000-0x0000028752bb0000), size 12255232, SharedBaseAddress: 0x0000028752000000, ArchiveRelocationMode: 1.
Compressed class space mapped at: 0x0000028753000000-0x0000028793000000, reserved size: 1073741824
Narrow klass base: 0x0000028752000000, Narrow klass shift: 0, Narrow klass range: 0x100000000

GC Precious Log:
 CPUs: 4 total, 4 available
 Memory: 12008M
 Large Page Support: Disabled
 NUMA Support: Disabled
 Compressed Oops: Enabled (Zero based)
 Heap Region Size: 2M
 Heap Min Capacity: 8M
 Heap Initial Capacity: 188M
 Heap Max Capacity: 3004M
 Pre-touch: Disabled
 Parallel Workers: 4
 Concurrent Workers: 1
 Concurrent Refinement Workers: 4
 Periodic GC: Disabled

Heap:
 garbage-first heap   total 94208K, used 46537K [0x0000000744400000, 0x0000000800000000)
  region size 2048K, 7 young (14336K), 3 survivors (6144K)
 Metaspace       used 90555K, committed 91200K, reserved 1179648K
  class space    used 12434K, committed 12736K, reserved 1048576K

Heap Regions: E=young(eden), S=young(survivor), O=old, HS=humongous(starts), HC=humongous(continues), CS=collection set, F=free, OA=open archive, CA=closed archive, TAMS=top-at-mark-start (previous, next)
|   0|0x0000000744400000, 0x0000000744600000, 0x0000000744600000|100%| O|  |TAMS 0x0000000744600000, 0x0000000744400000| Untracked 
|   1|0x0000000744600000, 0x0000000744800000, 0x0000000744800000|100%| O|  |TAMS 0x0000000744800000, 0x0000000744600000| Untracked 
|   2|0x0000000744800000, 0x0000000744a00000, 0x0000000744a00000|100%| O|  |TAMS 0x0000000744a00000, 0x0000000744800000| Untracked 
|   3|0x0000000744a00000, 0x0000000744c00000, 0x0000000744c00000|100%| O|  |TAMS 0x0000000744c00000, 0x0000000744a00000| Untracked 
|   4|0x0000000744c00000, 0x0000000744e00000, 0x0000000744e00000|100%| O|  |TAMS 0x0000000744e00000, 0x0000000744c00000| Untracked 
|   5|0x0000000744e00000, 0x0000000745000000, 0x0000000745000000|100%| O|  |TAMS 0x0000000745000000, 0x0000000744e00000| Untracked 
|   6|0x0000000745000000, 0x0000000745200000, 0x0000000745200000|100%| O|  |TAMS 0x0000000745200000, 0x0000000745000000| Untracked 
|   7|0x0000000745200000, 0x0000000745400000, 0x0000000745400000|100%| O|  |TAMS 0x0000000745400000, 0x0000000745200000| Untracked 
|   8|0x0000000745400000, 0x0000000745600000, 0x0000000745600000|100%| O|  |TAMS 0x0000000745600000, 0x0000000745400000| Untracked 
|   9|0x0000000745600000, 0x0000000745800000, 0x0000000745800000|100%| O|  |TAMS 0x0000000745800000, 0x0000000745600000| Untracked 
|  10|0x0000000745800000, 0x0000000745a00000, 0x0000000745a00000|100%| O|  |TAMS 0x0000000745a00000, 0x0000000745800000| Untracked 
|  11|0x0000000745a00000, 0x0000000745c00000, 0x0000000745c00000|100%| O|  |TAMS 0x0000000745c00000, 0x0000000745a00000| Untracked 
|  12|0x0000000745c00000, 0x0000000745e00000, 0x0000000745e00000|100%| O|  |TAMS 0x0000000745e00000, 0x0000000745c00000| Untracked 
|  13|0x0000000745e00000, 0x0000000746000000, 0x0000000746000000|100%| O|  |TAMS 0x0000000746000000, 0x0000000745e00000| Untracked 
|  14|0x0000000746000000, 0x0000000746200000, 0x0000000746200000|100%| O|  |TAMS 0x0000000746200000, 0x0000000746000000| Untracked 
|  15|0x0000000746200000, 0x0000000746400000, 0x0000000746400000|100%| O|  |TAMS 0x0000000746219800, 0x0000000746200000| Untracked 
|  16|0x0000000746400000, 0x0000000746572400, 0x0000000746600000| 72%| O|  |TAMS 0x0000000746400000, 0x0000000746400000| Untracked 
|  17|0x0000000746600000, 0x0000000746600000, 0x0000000746800000|  0%| F|  |TAMS 0x0000000746600000, 0x0000000746600000| Untracked 
|  18|0x0000000746800000, 0x0000000746800000, 0x0000000746a00000|  0%| F|  |TAMS 0x0000000746800000, 0x0000000746800000| Untracked 
|  19|0x0000000746a00000, 0x0000000746a00000, 0x0000000746c00000|  0%| F|  |TAMS 0x0000000746a00000, 0x0000000746a00000| Untracked 
|  20|0x0000000746c00000, 0x0000000746c00000, 0x0000000746e00000|  0%| F|  |TAMS 0x0000000746c00000, 0x0000000746c00000| Untracked 
|  21|0x0000000746e00000, 0x0000000746e00000, 0x0000000747000000|  0%| F|  |TAMS 0x0000000746e00000, 0x0000000746e00000| Untracked 
|  22|0x0000000747000000, 0x0000000747000000, 0x0000000747200000|  0%| F|  |TAMS 0x0000000747000000, 0x0000000747000000| Untracked 
|  23|0x0000000747200000, 0x0000000747200000, 0x0000000747400000|  0%| F|  |TAMS 0x0000000747200000, 0x0000000747200000| Untracked 
|  24|0x0000000747400000, 0x0000000747600000, 0x0000000747600000|100%| S|CS|TAMS 0x0000000747400000, 0x0000000747400000| Complete 
|  25|0x0000000747600000, 0x0000000747800000, 0x0000000747800000|100%| S|CS|TAMS 0x0000000747600000, 0x0000000747600000| Complete 
|  26|0x0000000747800000, 0x0000000747800000, 0x0000000747a00000|  0%| F|  |TAMS 0x0000000747800000, 0x0000000747800000| Untracked 
|  27|0x0000000747a00000, 0x0000000747c00000, 0x0000000747c00000|100%| S|CS|TAMS 0x0000000747a00000, 0x0000000747a00000| Complete 
|  28|0x0000000747c00000, 0x0000000747c00000, 0x0000000747e00000|  0%| F|  |TAMS 0x0000000747c00000, 0x0000000747c00000| Untracked 
|  29|0x0000000747e00000, 0x0000000747e00000, 0x0000000748000000|  0%| F|  |TAMS 0x0000000747e00000, 0x0000000747e00000| Untracked 
|  30|0x0000000748000000, 0x0000000748000000, 0x0000000748200000|  0%| F|  |TAMS 0x0000000748000000, 0x0000000748000000| Untracked 
|  31|0x0000000748200000, 0x0000000748200000, 0x0000000748400000|  0%| F|  |TAMS 0x0000000748200000, 0x0000000748200000| Untracked 
|  32|0x0000000748400000, 0x0000000748400000, 0x0000000748600000|  0%| F|  |TAMS 0x0000000748400000, 0x0000000748400000| Untracked 
|  33|0x0000000748600000, 0x0000000748600000, 0x0000000748800000|  0%| F|  |TAMS 0x0000000748600000, 0x0000000748600000| Untracked 
|  34|0x0000000748800000, 0x0000000748800000, 0x0000000748a00000|  0%| F|  |TAMS 0x0000000748800000, 0x0000000748800000| Untracked 
|  35|0x0000000748a00000, 0x0000000748a00000, 0x0000000748c00000|  0%| F|  |TAMS 0x0000000748a00000, 0x0000000748a00000| Untracked 
|  36|0x0000000748c00000, 0x0000000748c00000, 0x0000000748e00000|  0%| F|  |TAMS 0x0000000748c00000, 0x0000000748c00000| Untracked 
|  37|0x0000000748e00000, 0x0000000748e00000, 0x0000000749000000|  0%| F|  |TAMS 0x0000000748e00000, 0x0000000748e00000| Untracked 
|  38|0x0000000749000000, 0x0000000749000000, 0x0000000749200000|  0%| F|  |TAMS 0x0000000749000000, 0x0000000749000000| Untracked 
|  39|0x0000000749200000, 0x0000000749200000, 0x0000000749400000|  0%| F|  |TAMS 0x0000000749200000, 0x0000000749200000| Untracked 
|  40|0x0000000749400000, 0x0000000749400000, 0x0000000749600000|  0%| F|  |TAMS 0x0000000749400000, 0x0000000749400000| Untracked 
|  60|0x000000074bc00000, 0x000000074bc00000, 0x000000074be00000|  0%| F|  |TAMS 0x000000074bc00000, 0x000000074bc00000| Untracked 
|  61|0x000000074be00000, 0x000000074bf3f6d0, 0x000000074c000000| 62%| E|  |TAMS 0x000000074be00000, 0x000000074be00000| Complete 
|  62|0x000000074c000000, 0x000000074c200000, 0x000000074c200000|100%| E|CS|TAMS 0x000000074c000000, 0x000000074c000000| Complete 
|  63|0x000000074c200000, 0x000000074c400000, 0x000000074c400000|100%| E|CS|TAMS 0x000000074c200000, 0x000000074c200000| Complete 
|  93|0x000000074fe00000, 0x0000000750000000, 0x0000000750000000|100%| E|CS|TAMS 0x000000074fe00000, 0x000000074fe00000| Complete 

Card table byte_map: [0x0000028748ff0000,0x00000287495d0000] _byte_map_base: 0x00000287455ce000

Marking Bits (Prev, Next): (CMBitMap*) 0x0000028731f26710, (CMBitMap*) 0x0000028731f266d0
 Prev Bits: [0x000002874caa0000, 0x000002874f990000)
 Next Bits: [0x0000028749bb0000, 0x000002874caa0000)

Polling page: 0x000002872feb0000

Metaspace:

Usage:
  Non-class:     76.29 MB used.
      Class:     12.14 MB used.
       Both:     88.43 MB used.

Virtual space:
  Non-class space:      128.00 MB reserved,      76.62 MB ( 60%) committed,  2 nodes.
      Class space:        1.00 GB reserved,      12.44 MB (  1%) committed,  1 nodes.
             Both:        1.12 GB reserved,      89.06 MB (  8%) committed. 

Chunk freelists:
   Non-Class:  3.23 MB
       Class:  3.55 MB
        Both:  6.78 MB

MaxMetaspaceSize: unlimited
CompressedClassSpaceSize: 1.00 GB
Initial GC threshold: 21.00 MB
Current GC threshold: 128.44 MB
CDS: on
MetaspaceReclaimPolicy: balanced
 - commit_granule_bytes: 65536.
 - commit_granule_words: 8192.
 - virtual_space_node_default_size: 8388608.
 - enlarge_chunks_in_place: 1.
 - new_chunks_are_fully_committed: 0.
 - uncommit_free_chunks: 1.
 - use_allocation_guard: 0.
 - handle_deallocations: 1.


Internal statistics:

num_allocs_failed_limit: 15.
num_arena_births: 930.
num_arena_deaths: 0.
num_vsnodes_births: 3.
num_vsnodes_deaths: 0.
num_space_committed: 1425.
num_space_uncommitted: 0.
num_chunks_returned_to_freelist: 15.
num_chunks_taken_from_freelist: 4119.
num_chunk_merges: 15.
num_chunk_splits: 3050.
num_chunks_enlarged: 2455.
num_inconsistent_stats: 0.

CodeHeap 'non-profiled nmethods': size=120000Kb used=5291Kb max_used=5291Kb free=114708Kb
 bounds [0x00000287414e0000, 0x0000028741a10000, 0x0000028748a10000]
CodeHeap 'profiled nmethods': size=120000Kb used=14471Kb max_used=14471Kb free=105528Kb
 bounds [0x0000028739a10000, 0x000002873a840000, 0x0000028740f40000]
CodeHeap 'non-nmethods': size=5760Kb used=1405Kb max_used=1428Kb free=4354Kb
 bounds [0x0000028740f40000, 0x00000287411b0000, 0x00000287414e0000]
 total_blobs=8483 nmethods=7743 adapters=651
 compilation: enabled
              stopped_count=0, restarted_count=0
 full_count=0

Compilation events (20 events):
Event: 276.900 Thread 0x0000028751e9c1e0 8568       3       java.security.MessageDigestSpi::<init> (5 bytes)
Event: 276.901 Thread 0x0000028751e9c1e0 nmethod 8568 0x000002873a825310 code [0x000002873a8254a0, 0x000002873a8255f8]
Event: 276.902 Thread 0x0000028751e92310 nmethod 8569 0x0000028741a09490 code [0x0000028741a09620, 0x0000028741a09cd8]
Event: 277.112 Thread 0x0000028751e9c1e0 8570       3       java.util.LinkedList::contains (14 bytes)
Event: 277.112 Thread 0x0000028751e9c1e0 nmethod 8570 0x000002873a825690 code [0x000002873a825840, 0x000002873a8259e8]
Event: 277.112 Thread 0x0000028751e9c1e0 8571       3       sun.security.ssl.SSLExtension::isAvailable (39 bytes)
Event: 277.112 Thread 0x0000028751e9c1e0 nmethod 8571 0x000002873a825a90 code [0x000002873a825c40, 0x000002873a825e78]
Event: 277.113 Thread 0x0000028751e92310 8572       4       sun.security.util.math.intpoly.IntegerPolynomial25519::mult (943 bytes)
Event: 277.114 Thread 0x0000028751e9c1e0 8574       3       java.security.Provider$Service::getDefaultConstructor (84 bytes)
Event: 277.116 Thread 0x0000028751e9c1e0 nmethod 8574 0x000002873a825f90 code [0x000002873a826280, 0x000002873a827818]
Event: 277.116 Thread 0x0000028751e9c1e0 8575       3       sun.nio.ch.SocketDispatcher::read (8 bytes)
Event: 277.117 Thread 0x0000028751e9c1e0 nmethod 8575 0x000002873a827d90 code [0x000002873a827f20, 0x000002873a828068]
Event: 277.118 Thread 0x0000028751e9c1e0 8578       3       sun.security.provider.ByteArrayAccess::b2lBig128 (232 bytes)
Event: 277.128 Thread 0x0000028751e9c1e0 nmethod 8578 0x000002873a828110 code [0x000002873a828be0, 0x000002873a82f238]
Event: 277.128 Thread 0x0000028751e9c1e0 8579       3       sun.security.provider.SHA5::implCompress (13 bytes)
Event: 277.129 Thread 0x0000028751e9c1e0 nmethod 8579 0x000002873a830f90 code [0x000002873a831180, 0x000002873a8315c8]
Event: 277.129 Thread 0x0000028751e9c1e0 8580       3       sun.security.provider.SHA5::implCompressCheck (28 bytes)
Event: 277.129 Thread 0x0000028751e9c1e0 nmethod 8580 0x000002873a831790 code [0x000002873a831960, 0x000002873a831cf8]
Event: 277.136 Thread 0x0000028751e92310 nmethod 8572 0x0000028741a09f10 code [0x0000028741a0a0a0, 0x0000028741a0ab68]
Event: 277.136 Thread 0x0000028751e92310 8577       4       javax.crypto.Mac::doFinal (64 bytes)

GC Heap History (20 events):
Event: 6.316 GC heap before
{Heap before GC invocations=9 (full 0):
 garbage-first heap   total 61440K, used 33332K [0x0000000744400000, 0x0000000800000000)
  region size 2048K, 8 young (16384K), 1 survivors (2048K)
 Metaspace       used 35552K, committed 35968K, reserved 1114112K
  class space    used 4532K, committed 4736K, reserved 1048576K
}
Event: 6.324 GC heap after
{Heap after GC invocations=10 (full 0):
 garbage-first heap   total 77824K, used 21566K [0x0000000744400000, 0x0000000800000000)
  region size 2048K, 2 young (4096K), 2 survivors (4096K)
 Metaspace       used 35552K, committed 35968K, reserved 1114112K
  class space    used 4532K, committed 4736K, reserved 1048576K
}
Event: 7.897 GC heap before
{Heap before GC invocations=11 (full 0):
 garbage-first heap   total 77824K, used 54334K [0x0000000744400000, 0x0000000800000000)
  region size 2048K, 19 young (38912K), 2 survivors (4096K)
 Metaspace       used 43632K, committed 44032K, reserved 1114112K
  class space    used 5963K, committed 6144K, reserved 1048576K
}
Event: 7.910 GC heap after
{Heap after GC invocations=12 (full 0):
 garbage-first heap   total 77824K, used 24139K [0x0000000744400000, 0x0000000800000000)
  region size 2048K, 3 young (6144K), 3 survivors (6144K)
 Metaspace       used 43632K, committed 44032K, reserved 1114112K
  class space    used 5963K, committed 6144K, reserved 1048576K
}
Event: 9.501 GC heap before
{Heap before GC invocations=13 (full 0):
 garbage-first heap   total 77824K, used 54859K [0x0000000744400000, 0x0000000800000000)
  region size 2048K, 19 young (38912K), 3 survivors (6144K)
 Metaspace       used 51663K, committed 52160K, reserved 1114112K
  class space    used 6887K, committed 7168K, reserved 1048576K
}
Event: 9.517 GC heap after
{Heap after GC invocations=14 (full 0):
 garbage-first heap   total 77824K, used 26260K [0x0000000744400000, 0x0000000800000000)
  region size 2048K, 3 young (6144K), 3 survivors (6144K)
 Metaspace       used 51663K, committed 52160K, reserved 1114112K
  class space    used 6887K, committed 7168K, reserved 1048576K
}
Event: 10.518 GC heap before
{Heap before GC invocations=14 (full 0):
 garbage-first heap   total 77824K, used 59028K [0x0000000744400000, 0x0000000800000000)
  region size 2048K, 19 young (38912K), 3 survivors (6144K)
 Metaspace       used 59912K, committed 60416K, reserved 1114112K
  class space    used 8180K, committed 8448K, reserved 1048576K
}
Event: 10.530 GC heap after
{Heap after GC invocations=15 (full 0):
 garbage-first heap   total 77824K, used 27597K [0x0000000744400000, 0x0000000800000000)
  region size 2048K, 2 young (4096K), 2 survivors (4096K)
 Metaspace       used 59912K, committed 60416K, reserved 1114112K
  class space    used 8180K, committed 8448K, reserved 1048576K
}
Event: 11.276 GC heap before
{Heap before GC invocations=15 (full 0):
 garbage-first heap   total 77824K, used 60365K [0x0000000744400000, 0x0000000800000000)
  region size 2048K, 18 young (36864K), 2 survivors (4096K)
 Metaspace       used 64879K, committed 65472K, reserved 1114112K
  class space    used 8860K, committed 9152K, reserved 1048576K
}
Event: 11.284 GC heap after
{Heap after GC invocations=16 (full 0):
 garbage-first heap   total 77824K, used 28581K [0x0000000744400000, 0x0000000800000000)
  region size 2048K, 3 young (6144K), 3 survivors (6144K)
 Metaspace       used 64879K, committed 65472K, reserved 1114112K
  class space    used 8860K, committed 9152K, reserved 1048576K
}
Event: 12.019 GC heap before
{Heap before GC invocations=16 (full 0):
 garbage-first heap   total 77824K, used 59301K [0x0000000744400000, 0x0000000800000000)
  region size 2048K, 18 young (36864K), 3 survivors (6144K)
 Metaspace       used 68775K, committed 69376K, reserved 1114112K
  class space    used 9372K, committed 9664K, reserved 1048576K
}
Event: 12.029 GC heap after
{Heap after GC invocations=17 (full 0):
 garbage-first heap   total 77824K, used 30845K [0x0000000744400000, 0x0000000800000000)
  region size 2048K, 3 young (6144K), 3 survivors (6144K)
 Metaspace       used 68775K, committed 69376K, reserved 1114112K
  class space    used 9372K, committed 9664K, reserved 1048576K
}
Event: 12.482 GC heap before
{Heap before GC invocations=17 (full 0):
 garbage-first heap   total 77824K, used 61565K [0x0000000744400000, 0x0000000800000000)
  region size 2048K, 18 young (36864K), 3 survivors (6144K)
 Metaspace       used 69787K, committed 70336K, reserved 1114112K
  class space    used 9451K, committed 9728K, reserved 1048576K
}
Event: 12.491 GC heap after
{Heap after GC invocations=18 (full 0):
 garbage-first heap   total 94208K, used 32564K [0x0000000744400000, 0x0000000800000000)
  region size 2048K, 2 young (4096K), 2 survivors (4096K)
 Metaspace       used 69787K, committed 70336K, reserved 1114112K
  class space    used 9451K, committed 9728K, reserved 1048576K
}
Event: 13.444 GC heap before
{Heap before GC invocations=18 (full 0):
 garbage-first heap   total 94208K, used 71476K [0x0000000744400000, 0x0000000800000000)
  region size 2048K, 22 young (45056K), 2 survivors (4096K)
 Metaspace       used 72849K, committed 73408K, reserved 1114112K
  class space    used 9889K, committed 10176K, reserved 1048576K
}
Event: 13.457 GC heap after
{Heap after GC invocations=19 (full 0):
 garbage-first heap   total 94208K, used 34838K [0x0000000744400000, 0x0000000800000000)
  region size 2048K, 2 young (4096K), 2 survivors (4096K)
 Metaspace       used 72849K, committed 73408K, reserved 1114112K
  class space    used 9889K, committed 10176K, reserved 1048576K
}
Event: 14.628 GC heap before
{Heap before GC invocations=20 (full 0):
 garbage-first heap   total 94208K, used 73750K [0x0000000744400000, 0x0000000800000000)
  region size 2048K, 21 young (43008K), 2 survivors (4096K)
 Metaspace       used 77989K, committed 78656K, reserved 1179648K
  class space    used 10817K, committed 11136K, reserved 1048576K
}
Event: 14.638 GC heap after
{Heap after GC invocations=21 (full 0):
 garbage-first heap   total 94208K, used 37080K [0x0000000744400000, 0x0000000800000000)
  region size 2048K, 3 young (6144K), 3 survivors (6144K)
 Metaspace       used 77989K, committed 78656K, reserved 1179648K
  class space    used 10817K, committed 11136K, reserved 1048576K
}
Event: 60.733 GC heap before
{Heap before GC invocations=22 (full 0):
 garbage-first heap   total 94208K, used 71896K [0x0000000744400000, 0x0000000800000000)
  region size 2048K, 21 young (43008K), 3 survivors (6144K)
 Metaspace       used 88845K, committed 89536K, reserved 1179648K
  class space    used 12233K, committed 12544K, reserved 1048576K
}
Event: 60.744 GC heap after
{Heap after GC invocations=23 (full 0):
 garbage-first heap   total 94208K, used 40393K [0x0000000744400000, 0x0000000800000000)
  region size 2048K, 3 young (6144K), 3 survivors (6144K)
 Metaspace       used 88845K, committed 89536K, reserved 1179648K
  class space    used 12233K, committed 12544K, reserved 1048576K
}

Dll operation events (12 events):
Event: 0.009 Loaded shared library C:\Users\JUSTINE\.jdks\ms-17.0.15\bin\java.dll
Event: 0.030 Loaded shared library C:\Users\JUSTINE\.jdks\ms-17.0.15\bin\jsvml.dll
Event: 0.214 Loaded shared library C:\Users\JUSTINE\.jdks\ms-17.0.15\bin\zip.dll
Event: 0.217 Loaded shared library C:\Users\JUSTINE\.jdks\ms-17.0.15\bin\instrument.dll
Event: 0.225 Loaded shared library C:\Users\JUSTINE\.jdks\ms-17.0.15\bin\net.dll
Event: 0.227 Loaded shared library C:\Users\JUSTINE\.jdks\ms-17.0.15\bin\nio.dll
Event: 0.230 Loaded shared library C:\Users\JUSTINE\.jdks\ms-17.0.15\bin\zip.dll
Event: 0.441 Loaded shared library C:\Users\JUSTINE\.jdks\ms-17.0.15\bin\extnet.dll
Event: 0.475 Loaded shared library C:\Users\JUSTINE\.jdks\ms-17.0.15\bin\jimage.dll
Event: 2.343 Loaded shared library C:\Users\JUSTINE\.jdks\ms-17.0.15\bin\sunmscapi.dll
Event: 5.521 Loaded shared library C:\Users\JUSTINE\.jdks\ms-17.0.15\bin\management.dll
Event: 5.524 Loaded shared library C:\Users\JUSTINE\.jdks\ms-17.0.15\bin\management_ext.dll

Deoptimization events (20 events):
Event: 180.882 Thread 0x000002879bc502d0 Uncommon trap: trap_request=0xffffff66 fr.pc=0x000002874194a738 relative=0x0000000000000778
Event: 180.882 Thread 0x000002879bc502d0 Uncommon trap: reason=speculate_class_check action=maybe_recompile pc=0x000002874194a738 method=org.springframework.core.MethodParameter.getGenericParameterType()Ljava/lang/reflect/Type; @ 17 c2
Event: 180.882 Thread 0x000002879bc502d0 DEOPT PACKING pc=0x000002874194a738 sp=0x000000bb2bafbbb0
Event: 180.882 Thread 0x000002879bc502d0 DEOPT UNPACKING pc=0x0000028740f969a3 sp=0x000000bb2bafbb00 mode 2
Event: 276.896 Thread 0x000002879bc53a80 Uncommon trap: trap_request=0xffffffc6 fr.pc=0x0000028741a07dec relative=0x00000000000009ec
Event: 276.896 Thread 0x000002879bc53a80 Uncommon trap: reason=bimorphic_or_optimized_type_check action=maybe_recompile pc=0x0000028741a07dec method=java.security.MessageDigest$Delegate.engineUpdate([BII)V @ 7 c2
Event: 276.896 Thread 0x000002879bc53a80 DEOPT PACKING pc=0x0000028741a07dec sp=0x000000bb2bdfa580
Event: 276.896 Thread 0x000002879bc53a80 DEOPT UNPACKING pc=0x0000028740f969a3 sp=0x000000bb2bdfa4f0 mode 2
Event: 276.896 Thread 0x000002879bc53a80 Uncommon trap: trap_request=0xffffffc6 fr.pc=0x0000028741a07dec relative=0x00000000000009ec
Event: 276.896 Thread 0x000002879bc53a80 Uncommon trap: reason=bimorphic_or_optimized_type_check action=maybe_recompile pc=0x0000028741a07dec method=java.security.MessageDigest$Delegate.engineUpdate([BII)V @ 7 c2
Event: 276.896 Thread 0x000002879bc53a80 DEOPT PACKING pc=0x0000028741a07dec sp=0x000000bb2bdfa520
Event: 276.896 Thread 0x000002879bc53a80 DEOPT UNPACKING pc=0x0000028740f969a3 sp=0x000000bb2bdfa490 mode 2
Event: 276.896 Thread 0x000002879bc53a80 Uncommon trap: trap_request=0xffffffc6 fr.pc=0x0000028741a07dec relative=0x00000000000009ec
Event: 276.896 Thread 0x000002879bc53a80 Uncommon trap: reason=bimorphic_or_optimized_type_check action=maybe_recompile pc=0x0000028741a07dec method=java.security.MessageDigest$Delegate.engineUpdate([BII)V @ 7 c2
Event: 276.896 Thread 0x000002879bc53a80 DEOPT PACKING pc=0x0000028741a07dec sp=0x000000bb2bdfa520
Event: 276.896 Thread 0x000002879bc53a80 DEOPT UNPACKING pc=0x0000028740f969a3 sp=0x000000bb2bdfa490 mode 2
Event: 276.896 Thread 0x000002879bc53a80 Uncommon trap: trap_request=0xffffffc6 fr.pc=0x0000028741a07dec relative=0x00000000000009ec
Event: 276.896 Thread 0x000002879bc53a80 Uncommon trap: reason=bimorphic_or_optimized_type_check action=maybe_recompile pc=0x0000028741a07dec method=java.security.MessageDigest$Delegate.engineUpdate([BII)V @ 7 c2
Event: 276.896 Thread 0x000002879bc53a80 DEOPT PACKING pc=0x0000028741a07dec sp=0x000000bb2bdfa5d0
Event: 276.896 Thread 0x000002879bc53a80 DEOPT UNPACKING pc=0x0000028740f969a3 sp=0x000000bb2bdfa540 mode 2

Classes loaded (20 events):
Event: 70.683 Loading class java/util/stream/LongStream
Event: 70.839 Loading class java/util/stream/LongStream done
Event: 70.839 Loading class java/util/stream/DoubleStream
Event: 71.051 Loading class java/util/stream/DoubleStream done
Event: 276.738 Loading class sun/security/ssl/PreSharedKeyExtension$PskIdentity
Event: 276.738 Loading class sun/security/ssl/PreSharedKeyExtension$PskIdentity done
Event: 276.738 Loading class sun/security/ssl/PreSharedKeyExtension$CHPreSharedKeySpec
Event: 276.815 Loading class sun/security/ssl/PreSharedKeyExtension$CHPreSharedKeySpec done
Event: 276.825 Loading class sun/security/ssl/PreSharedKeyExtension$PartialClientHelloMessage
Event: 276.826 Loading class sun/security/ssl/PreSharedKeyExtension$PartialClientHelloMessage done
Event: 276.826 Loading class sun/security/ssl/SSLEngineOutputRecord
Event: 276.848 Loading class sun/security/ssl/SSLEngineOutputRecord done
Event: 276.849 Loading class sun/security/ssl/SSLEngineOutputRecord$HandshakeFragment
Event: 276.894 Loading class sun/security/ssl/SSLEngineOutputRecord$HandshakeFragment done
Event: 276.895 Loading class sun/security/ssl/SSLEngineOutputRecord$HandshakeMemo
Event: 276.895 Loading class sun/security/ssl/SSLEngineOutputRecord$RecordMemo
Event: 276.895 Loading class sun/security/ssl/SSLEngineOutputRecord$RecordMemo done
Event: 276.895 Loading class sun/security/ssl/SSLEngineOutputRecord$HandshakeMemo done
Event: 277.112 Loading class sun/security/ssl/PreSharedKeyExtension$SHPreSharedKeySpec
Event: 277.112 Loading class sun/security/ssl/PreSharedKeyExtension$SHPreSharedKeySpec done

Classes unloaded (0 events):
No events

Classes redefined (0 events):
No events

Internal exceptions (20 events):
Event: 22.963 Thread 0x0000028799667f90 Exception <a 'java/lang/NoSuchMethodError'{0x00000007493c5a30}: 'java.lang.Object java.lang.invoke.Invokers$Holder.linkToTargetMethod(java.lang.Object, java.lang.Object, java.lang.Object, long, java.lang.Object)'> (0x00000007493c5a30) 
thrown [s\src\hotspot\share\interpreter\linkResolver.cpp, line 759]
Event: 45.667 Thread 0x00000287996689b0 Exception <a 'java/lang/NoSuchMethodError'{0x0000000748ae4cc0}: 'java.lang.Object java.lang.invoke.Invokers$Holder.invoker(java.lang.Object, java.lang.Object, java.lang.Object, java.lang.Object)'> (0x0000000748ae4cc0) 
thrown [s\src\hotspot\share\interpreter\linkResolver.cpp, line 759]
Event: 45.668 Thread 0x00000287996689b0 Exception <a 'java/lang/NoSuchMethodError'{0x0000000748af1a78}: 'java.lang.Object java.lang.invoke.Invokers$Holder.invokeExact_MT(java.lang.Object, java.lang.Object, java.lang.Object, java.lang.Object)'> (0x0000000748af1a78) 
thrown [s\src\hotspot\share\interpreter\linkResolver.cpp, line 759]
Event: 46.074 Thread 0x00000287996689b0 Exception <a 'java/lang/NoSuchMethodError'{0x00000007488f9f90}: 'java.lang.Object java.lang.invoke.Invokers$Holder.linkToTargetMethod(java.lang.Object, int, java.lang.Object, java.lang.Object, java.lang.Object, java.lang.Object)'> (0x00000007488f9f90) 
thrown [s\src\hotspot\share\interpreter\linkResolver.cpp, line 759]
Event: 46.678 Thread 0x00000287996689b0 Exception <a 'java/io/FileNotFoundException'{0x0000000748666c68}> (0x0000000748666c68) 
thrown [s\src\hotspot\share\prims\jni.cpp, line 516]
Event: 46.678 Thread 0x00000287996689b0 Exception <a 'java/io/FileNotFoundException'{0x0000000748667af8}> (0x0000000748667af8) 
thrown [s\src\hotspot\share\prims\jni.cpp, line 516]
Event: 46.731 Thread 0x00000287996689b0 Exception <a 'java/lang/NullPointerException'{0x00000007486fe018}> (0x00000007486fe018) 
thrown [s\src\hotspot\share\interpreter\linkResolver.cpp, line 1350]
Event: 46.731 Thread 0x00000287996689b0 Exception <a 'java/lang/NullPointerException'{0x00000007486feb18}> (0x00000007486feb18) 
thrown [s\src\hotspot\share\interpreter\linkResolver.cpp, line 1350]
Event: 46.731 Thread 0x00000287996689b0 Exception <a 'java/lang/NullPointerException'{0x00000007486ff618}> (0x00000007486ff618) 
thrown [s\src\hotspot\share\interpreter\linkResolver.cpp, line 1350]
Event: 46.744 Thread 0x00000287996689b0 Exception <a 'java/lang/NullPointerException'{0x000000074872d708}> (0x000000074872d708) 
thrown [s\src\hotspot\share\interpreter\linkResolver.cpp, line 1350]
Event: 46.744 Thread 0x00000287996689b0 Exception <a 'java/lang/NullPointerException'{0x000000074872e208}> (0x000000074872e208) 
thrown [s\src\hotspot\share\interpreter\linkResolver.cpp, line 1350]
Event: 46.745 Thread 0x00000287996689b0 Exception <a 'java/lang/NullPointerException'{0x000000074872ed08}> (0x000000074872ed08) 
thrown [s\src\hotspot\share\interpreter\linkResolver.cpp, line 1350]
Event: 46.746 Thread 0x00000287996689b0 Exception <a 'java/io/FileNotFoundException'{0x000000074873cc60}> (0x000000074873cc60) 
thrown [s\src\hotspot\share\prims\jni.cpp, line 516]
Event: 46.746 Thread 0x00000287996689b0 Exception <a 'java/io/FileNotFoundException'{0x000000074873daf8}> (0x000000074873daf8) 
thrown [s\src\hotspot\share\prims\jni.cpp, line 516]
Event: 46.931 Thread 0x00000287996689b0 Implicit null exception at 0x00000287419678f2 to 0x0000028741967fec
Event: 62.266 Thread 0x00000287996689b0 Exception <a 'java/io/FileNotFoundException'{0x000000074ff356d0}> (0x000000074ff356d0) 
thrown [s\src\hotspot\share\prims\jni.cpp, line 516]
Event: 62.267 Thread 0x00000287996689b0 Exception <a 'java/io/FileNotFoundException'{0x000000074ff41110}> (0x000000074ff41110) 
thrown [s\src\hotspot\share\prims\jni.cpp, line 516]
Event: 62.272 Thread 0x00000287996689b0 Exception <a 'java/io/FileNotFoundException'{0x000000074ff4c8d0}> (0x000000074ff4c8d0) 
thrown [s\src\hotspot\share\prims\jni.cpp, line 516]
Event: 62.280 Thread 0x00000287996689b0 Exception <a 'java/io/FileNotFoundException'{0x000000074ff58008}> (0x000000074ff58008) 
thrown [s\src\hotspot\share\prims\jni.cpp, line 516]
Event: 71.065 Thread 0x00000287996689b0 Exception <a 'java/lang/NoSuchMethodError'{0x000000074c33e730}: 'java.lang.Object java.lang.invoke.Invokers$Holder.invokeExact_MT(java.lang.Object, java.lang.Object, java.lang.Object)'> (0x000000074c33e730) 
thrown [s\src\hotspot\share\interpreter\linkResolver.cpp, line 759]

VM Operations (20 events):
Event: 132.319 Executing VM operation: Cleanup
Event: 132.319 Executing VM operation: Cleanup done
Event: 181.677 Executing VM operation: Cleanup
Event: 181.677 Executing VM operation: Cleanup done
Event: 194.786 Executing VM operation: Cleanup
Event: 194.786 Executing VM operation: Cleanup done
Event: 202.833 Executing VM operation: Cleanup
Event: 202.833 Executing VM operation: Cleanup done
Event: 203.840 Executing VM operation: Cleanup
Event: 203.840 Executing VM operation: Cleanup done
Event: 231.044 Executing VM operation: Cleanup
Event: 231.044 Executing VM operation: Cleanup done
Event: 240.513 Executing VM operation: HandshakeAllThreads
Event: 240.513 Executing VM operation: HandshakeAllThreads done
Event: 263.665 Executing VM operation: Cleanup
Event: 263.665 Executing VM operation: Cleanup done
Event: 269.710 Executing VM operation: Cleanup
Event: 269.710 Executing VM operation: Cleanup done
Event: 276.778 Executing VM operation: Cleanup
Event: 276.825 Executing VM operation: Cleanup done

Memory protections (0 events):
No events

Nmethod flushes (20 events):
Event: 10.469 Thread 0x0000028751ead3a0 flushing  nmethod 0x000002873a3c9710
Event: 10.469 Thread 0x0000028751ead3a0 flushing  nmethod 0x000002873a3ca210
Event: 10.469 Thread 0x0000028751ead3a0 flushing  nmethod 0x000002873a3cb910
Event: 10.469 Thread 0x0000028751ead3a0 flushing  nmethod 0x000002873a3cca90
Event: 10.469 Thread 0x0000028751ead3a0 flushing osr nmethod 0x000002873a3d6490
Event: 10.469 Thread 0x0000028751ead3a0 flushing  nmethod 0x000002873a3d8a10
Event: 10.469 Thread 0x0000028751ead3a0 flushing  nmethod 0x000002873a3daa90
Event: 10.469 Thread 0x0000028751ead3a0 flushing  nmethod 0x000002873a3e8910
Event: 10.469 Thread 0x0000028751ead3a0 flushing  nmethod 0x000002873a3ecf10
Event: 10.469 Thread 0x0000028751ead3a0 flushing  nmethod 0x000002873a401090
Event: 10.469 Thread 0x0000028751ead3a0 flushing  nmethod 0x000002873a404f90
Event: 10.469 Thread 0x0000028751ead3a0 flushing  nmethod 0x000002873a412010
Event: 10.469 Thread 0x0000028751ead3a0 flushing  nmethod 0x000002873a464790
Event: 10.469 Thread 0x0000028751ead3a0 flushing  nmethod 0x000002873a473790
Event: 10.470 Thread 0x0000028751ead3a0 flushing osr nmethod 0x000002873a47cf10
Event: 10.470 Thread 0x0000028751ead3a0 flushing  nmethod 0x000002873a48e710
Event: 10.470 Thread 0x0000028751ead3a0 flushing  nmethod 0x000002873a494f10
Event: 10.470 Thread 0x0000028751ead3a0 flushing  nmethod 0x000002873a49ea90
Event: 10.470 Thread 0x0000028751ead3a0 flushing  nmethod 0x000002873a4c1d10
Event: 13.971 Thread 0x0000028751ead3a0 flushing  nmethod 0x000002873a48c810

Events (20 events):
Event: 13.838 Thread 0x0000028731ecc560 Thread added: 0x000002879bc52130
Event: 13.839 Thread 0x0000028731ecc560 Thread added: 0x000002879bc53060
Event: 13.839 Thread 0x0000028731ecc560 Thread added: 0x000002879bc53a80
Event: 13.839 Thread 0x0000028731ecc560 Thread added: 0x000002879bc4ee90
Event: 13.853 Thread 0x0000028731ecc560 Thread added: 0x000002879bc51710
Event: 13.854 Thread 0x0000028731ecc560 Thread added: 0x000002879bc52b50
Event: 14.738 Thread 0x0000028799667a80 Thread exited: 0x0000028799667a80
Event: 15.174 Thread 0x0000028731ecc560 Thread exited: 0x0000028731ecc560
Event: 15.174 Thread 0x000002879bc4c610 Thread added: 0x000002879bc4c610
Event: 19.858 Thread 0x0000028797224e10 Thread exited: 0x0000028797224e10
Event: 22.966 Thread 0x0000028751e9c1e0 Thread added: 0x000002879842cd10
Event: 24.032 Thread 0x000002879842cd10 Thread exited: 0x000002879842cd10
Event: 44.990 Thread 0x0000028751e9c1e0 Thread added: 0x000002879842cd10
Event: 45.304 Thread 0x000002879842cd10 Thread exited: 0x000002879842cd10
Event: 57.360 Thread 0x0000028751e9c1e0 Thread added: 0x000002879842dd00
Event: 58.026 Thread 0x000002879842dd00 Thread exited: 0x000002879842dd00
Event: 58.821 Thread 0x0000028751e9c1e0 Thread added: 0x000002879842cd10
Event: 59.057 Thread 0x000002879842cd10 Thread exited: 0x000002879842cd10
Event: 60.633 Thread 0x0000028751e9c1e0 Thread added: 0x000002879842cd10
Event: 61.583 Thread 0x000002879842cd10 Thread exited: 0x000002879842cd10


Dynamic libraries:
0x00007ff73c560000 - 0x00007ff73c56e000 	C:\Users\JUSTINE\.jdks\ms-17.0.15\bin\java.exe
0x00007ff94d710000 - 0x00007ff94d908000 	C:\WINDOWS\SYSTEM32\ntdll.dll
0x00007ff94c280000 - 0x00007ff94c342000 	C:\WINDOWS\System32\KERNEL32.DLL
0x00007ff94b080000 - 0x00007ff94b376000 	C:\WINDOWS\System32\KERNELBASE.dll
0x00007ff94b630000 - 0x00007ff94b730000 	C:\WINDOWS\System32\ucrtbase.dll
0x00007ff944dc0000 - 0x00007ff944ddd000 	C:\Users\JUSTINE\.jdks\ms-17.0.15\bin\VCRUNTIME140.dll
0x00007ff9446a0000 - 0x00007ff9446b7000 	C:\Users\JUSTINE\.jdks\ms-17.0.15\bin\jli.dll
0x00007ff94caa0000 - 0x00007ff94cc41000 	C:\WINDOWS\System32\USER32.dll
0x00007ff938270000 - 0x00007ff93850b000 	C:\WINDOWS\WinSxS\amd64_microsoft.windows.common-controls_6595b64144ccf1df_6.0.19041.6456_none_60b8a6cb71f64256\COMCTL32.dll
0x00007ff94b380000 - 0x00007ff94b3a2000 	C:\WINDOWS\System32\win32u.dll
0x00007ff94c480000 - 0x00007ff94c51e000 	C:\WINDOWS\System32\msvcrt.dll
0x00007ff94ca70000 - 0x00007ff94ca9b000 	C:\WINDOWS\System32\GDI32.dll
0x00007ff94b510000 - 0x00007ff94b629000 	C:\WINDOWS\System32\gdi32full.dll
0x00007ff94ada0000 - 0x00007ff94ae3d000 	C:\WINDOWS\System32\msvcp_win.dll
0x00007ff94cc50000 - 0x00007ff94cc7f000 	C:\WINDOWS\System32\IMM32.DLL
0x00007ff9475e0000 - 0x00007ff9475ec000 	C:\Users\JUSTINE\.jdks\ms-17.0.15\bin\vcruntime140_1.dll
0x00007ff935fa0000 - 0x00007ff93602d000 	C:\Users\JUSTINE\.jdks\ms-17.0.15\bin\msvcp140.dll
0x00007ff91f1d0000 - 0x00007ff91fe42000 	C:\Users\JUSTINE\.jdks\ms-17.0.15\bin\server\jvm.dll
0x00007ff94d600000 - 0x00007ff94d6b1000 	C:\WINDOWS\System32\ADVAPI32.dll
0x00007ff94c8e0000 - 0x00007ff94c97f000 	C:\WINDOWS\System32\sechost.dll
0x00007ff94b8b0000 - 0x00007ff94b9d0000 	C:\WINDOWS\System32\RPCRT4.dll
0x00007ff94af50000 - 0x00007ff94af77000 	C:\WINDOWS\System32\bcrypt.dll
0x00007ff94ca00000 - 0x00007ff94ca6b000 	C:\WINDOWS\System32\WS2_32.dll
0x00007ff947080000 - 0x00007ff9470a7000 	C:\WINDOWS\SYSTEM32\WINMM.dll
0x00007ff94a330000 - 0x00007ff94a37b000 	C:\WINDOWS\SYSTEM32\POWRPROF.dll
0x00007ff93f6f0000 - 0x00007ff93f6fa000 	C:\WINDOWS\SYSTEM32\VERSION.dll
0x00007ff94a1a0000 - 0x00007ff94a1b2000 	C:\WINDOWS\SYSTEM32\UMPDC.dll
0x00007ff9495b0000 - 0x00007ff9495c2000 	C:\WINDOWS\SYSTEM32\kernel.appcore.dll
0x00007ff944660000 - 0x00007ff94466a000 	C:\Users\JUSTINE\.jdks\ms-17.0.15\bin\jimage.dll
0x00007ff948bc0000 - 0x00007ff948dc1000 	C:\WINDOWS\SYSTEM32\DBGHELP.DLL
0x00007ff931620000 - 0x00007ff931654000 	C:\WINDOWS\SYSTEM32\dbgcore.DLL
0x00007ff94aec0000 - 0x00007ff94af42000 	C:\WINDOWS\System32\bcryptPrimitives.dll
0x00007ff944610000 - 0x00007ff94461e000 	C:\Users\JUSTINE\.jdks\ms-17.0.15\bin\instrument.dll
0x00007ff941d80000 - 0x00007ff941da5000 	C:\Users\JUSTINE\.jdks\ms-17.0.15\bin\java.dll
0x00007ff9310e0000 - 0x00007ff9311b6000 	C:\Users\JUSTINE\.jdks\ms-17.0.15\bin\jsvml.dll
0x00007ff94ce00000 - 0x00007ff94d570000 	C:\WINDOWS\System32\SHELL32.dll
0x00007ff948df0000 - 0x00007ff949595000 	C:\WINDOWS\SYSTEM32\windows.storage.dll
0x00007ff94bf20000 - 0x00007ff94c274000 	C:\WINDOWS\System32\combase.dll
0x00007ff94a7d0000 - 0x00007ff94a7fb000 	C:\WINDOWS\SYSTEM32\Wldp.dll
0x00007ff94c520000 - 0x00007ff94c5ed000 	C:\WINDOWS\System32\OLEAUT32.dll
0x00007ff94c830000 - 0x00007ff94c8dd000 	C:\WINDOWS\System32\SHCORE.dll
0x00007ff94b7f0000 - 0x00007ff94b84b000 	C:\WINDOWS\System32\shlwapi.dll
0x00007ff94acd0000 - 0x00007ff94acf4000 	C:\WINDOWS\SYSTEM32\profapi.dll
0x00007ff942660000 - 0x00007ff942678000 	C:\Users\JUSTINE\.jdks\ms-17.0.15\bin\zip.dll
0x00007ff93f610000 - 0x00007ff93f62a000 	C:\Users\JUSTINE\.jdks\ms-17.0.15\bin\net.dll
0x00007ff940e50000 - 0x00007ff940f5a000 	C:\WINDOWS\SYSTEM32\WINHTTP.dll
0x00007ff94a530000 - 0x00007ff94a59a000 	C:\WINDOWS\system32\mswsock.dll
0x00007ff93f1e0000 - 0x00007ff93f1f6000 	C:\Users\JUSTINE\.jdks\ms-17.0.15\bin\nio.dll
0x00007ff942700000 - 0x00007ff942709000 	C:\Users\JUSTINE\.jdks\ms-17.0.15\bin\extnet.dll
0x00007ff9426d0000 - 0x00007ff9426de000 	C:\Users\JUSTINE\.jdks\ms-17.0.15\bin\sunmscapi.dll
0x00007ff94b3b0000 - 0x00007ff94b50d000 	C:\WINDOWS\System32\CRYPT32.dll
0x00007ff94a840000 - 0x00007ff94a867000 	C:\WINDOWS\SYSTEM32\ncrypt.dll
0x00007ff94a800000 - 0x00007ff94a83b000 	C:\WINDOWS\SYSTEM32\NTASN1.dll
0x00007ff94a720000 - 0x00007ff94a738000 	C:\WINDOWS\SYSTEM32\CRYPTSP.dll
0x00007ff949de0000 - 0x00007ff949e18000 	C:\WINDOWS\system32\rsaenh.dll
0x00007ff94ac90000 - 0x00007ff94acbe000 	C:\WINDOWS\SYSTEM32\USERENV.dll
0x00007ff94a740000 - 0x00007ff94a74c000 	C:\WINDOWS\SYSTEM32\CRYPTBASE.dll
0x00007ff94a1c0000 - 0x00007ff94a1fb000 	C:\WINDOWS\SYSTEM32\IPHLPAPI.DLL
0x00007ff94d6c0000 - 0x00007ff94d6c8000 	C:\WINDOWS\System32\NSI.dll
0x00007ff943200000 - 0x00007ff943217000 	C:\WINDOWS\SYSTEM32\dhcpcsvc6.DLL
0x00007ff943120000 - 0x00007ff94313d000 	C:\WINDOWS\SYSTEM32\dhcpcsvc.DLL
0x00007ff94a210000 - 0x00007ff94a2da000 	C:\WINDOWS\SYSTEM32\DNSAPI.dll
0x00007ff942610000 - 0x00007ff94261a000 	C:\Users\JUSTINE\.jdks\ms-17.0.15\bin\management.dll
0x00007ff93f1d0000 - 0x00007ff93f1db000 	C:\Users\JUSTINE\.jdks\ms-17.0.15\bin\management_ext.dll
0x00007ff94b7e0000 - 0x00007ff94b7e8000 	C:\WINDOWS\System32\PSAPI.DLL
0x00007ff93bb50000 - 0x00007ff93bb5a000 	C:\Windows\System32\rasadhlp.dll
0x00007ff93fae0000 - 0x00007ff93fb60000 	C:\WINDOWS\System32\fwpuclnt.dll
0x00007ff92c670000 - 0x00007ff92c677000 	C:\WINDOWS\system32\wshunix.dll
0x00007ff8e9010000 - 0x00007ff8e9027000 	C:\WINDOWS\system32\napinsp.dll
0x00007ff8e8ff0000 - 0x00007ff8e900b000 	C:\WINDOWS\system32\pnrpnsp.dll
0x00007ff929f00000 - 0x00007ff929f1d000 	C:\WINDOWS\system32\wshbth.dll
0x00007ff944570000 - 0x00007ff94458d000 	C:\WINDOWS\system32\NLAapi.dll
0x00007ff8e8fd0000 - 0x00007ff8e8fe2000 	C:\WINDOWS\System32\winrnr.dll

dbghelp: loaded successfully - version: 4.0.5 - missing functions: none
symbol engine: initialized successfully - sym options: 0x614 - pdb path: .;C:\Users\JUSTINE\.jdks\ms-17.0.15\bin;C:\WINDOWS\SYSTEM32;C:\WINDOWS\WinSxS\amd64_microsoft.windows.common-controls_6595b64144ccf1df_6.0.19041.6456_none_60b8a6cb71f64256;C:\Users\JUSTINE\.jdks\ms-17.0.15\bin\server

VM Arguments:
jvm_args: -javaagent:C:\Program Files\JetBrains\IntelliJ IDEA Community Edition 2025.2.4\lib\idea_rt.jar=55336 -Dfile.encoding=UTF-8 
java_command: com.web_hub.web_hub.WebHubApplication C:\Users\JUSTINE\.m2\repository
java_class_path (initial): C:\Users\JUSTINE\Documents\Downloads\web-hub\target\classes;C:\Users\JUSTINE\.m2\repository\org\springframework\boot\spring-boot-starter-web\4.0.3\spring-boot-starter-web-4.0.3.jar;C:\Users\JUSTINE\.m2\repository\org\springframework\boot\spring-boot-starter-jackson\4.0.3\spring-boot-starter-jackson-4.0.3.jar;C:\Users\JUSTINE\.m2\repository\org\springframework\boot\spring-boot-jackson\4.0.3\spring-boot-jackson-4.0.3.jar;C:\Users\JUSTINE\.m2\repository\tools\jackson\core\jackson-databind\3.0.4\jackson-databind-3.0.4.jar;C:\Users\JUSTINE\.m2\repository\tools\jackson\core\jackson-core\3.0.4\jackson-core-3.0.4.jar;C:\Users\JUSTINE\.m2\repository\org\springframework\boot\spring-boot-starter-tomcat\4.0.3\spring-boot-starter-tomcat-4.0.3.jar;C:\Users\JUSTINE\.m2\repository\org\springframework\boot\spring-boot-starter-tomcat-runtime\4.0.3\spring-boot-starter-tomcat-runtime-4.0.3.jar;C:\Users\JUSTINE\.m2\repository\org\springframework\boot\spring-boot-web-server\4.0.3\spring-boot-web-server-4.0.3.jar;C:\Users\JUSTINE\.m2\repository\org\apache\tomcat\embed\tomcat-embed-core\11.0.18\tomcat-embed-core-11.0.18.jar;C:\Users\JUSTINE\.m2\repository\org\apache\tomcat\embed\tomcat-embed-el\11.0.18\tomcat-embed-el-11.0.18.jar;C:\Users\JUSTINE\.m2\repository\org\apache\tomcat\embed\tomcat-embed-websocket\11.0.18\tomcat-embed-websocket-11.0.18.jar;C:\Users\JUSTINE\.m2\repository\org\springframework\boot\spring-boot-tomcat\4.0.3\spring-boot-tomcat-4.0.3.jar;C:\Users\JUSTINE\.m2\repository\org\springframework\boot\spring-boot-http-converter\4.0.3\spring-boot-http-converter-4.0.3.jar;C:\Users\JUSTINE\.m2\repository\org\springframework\boot\spring-boot\4.0.3\spring-boot-4.0.3.jar;C:\Users\JUSTINE\.m2\repository\org\springframework\spring-context\7.0.5\spring-context-7.0.5.jar;C:\Users\JUSTINE\.m2\repository\org\springframework\spring-web\7.0.5\spring-web-7.0.5.jar;C:\Users\JUSTINE\.m2\repository\io\micrometer\micrometer-observation\1.16.3\micrometer-observation-1
Launcher Type: SUN_STANDARD

[Global flags]
     intx CICompilerCount                          = 3                                         {product} {ergonomic}
     uint ConcGCThreads                            = 1                                         {product} {ergonomic}
     uint G1ConcRefinementThreads                  = 4                                         {product} {ergonomic}
   size_t G1HeapRegionSize                         = 2097152                                   {product} {ergonomic}
    uintx GCDrainStackTargetSize                   = 64                                        {product} {ergonomic}
   size_t InitialHeapSize                          = 197132288                                 {product} {ergonomic}
   size_t MarkStackSize                            = 4194304                                   {product} {ergonomic}
   size_t MaxHeapSize                              = 3149922304                                {product} {ergonomic}
   size_t MaxNewSize                               = 1889533952                                {product} {ergonomic}
   size_t MinHeapDeltaBytes                        = 2097152                                   {product} {ergonomic}
   size_t MinHeapSize                              = 8388608                                   {product} {ergonomic}
    uintx NonNMethodCodeHeapSize                   = 5832780                                {pd product} {ergonomic}
    uintx NonProfiledCodeHeapSize                  = 122912730                              {pd product} {ergonomic}
    uintx ProfiledCodeHeapSize                     = 122912730                              {pd product} {ergonomic}
    uintx ReservedCodeCacheSize                    = 251658240                              {pd product} {ergonomic}
     bool SegmentedCodeCache                       = true                                      {product} {ergonomic}
   size_t SoftMaxHeapSize                          = 3149922304                             {manageable} {ergonomic}
     bool UseCompressedClassPointers               = true                           {product lp64_product} {ergonomic}
     bool UseCompressedOops                        = true                           {product lp64_product} {ergonomic}
     bool UseG1GC                                  = true                                      {product} {ergonomic}
     bool UseLargePagesIndividualAllocation        = false                                  {pd product} {ergonomic}

Logging:
Log output configuration:
 #0: stdout all=warning uptime,level,tags
 #1: stderr all=off uptime,level,tags

Environment Variables:
PATH=C:\Program Files (x86)\VMware\VMware Workstation\bin\;C:\OraHome_1;C:\app\JUSTINE\product\11.2.0\client_1\bin;C:\WINDOWS\system32;C:\WINDOWS;C:\WINDOWS\System32\Wbem;C:\WINDOWS\System32\WindowsPowerShell\v1.0\;C:\WINDOWS\System32\OpenSSH\;C:\Program Files\dotnet\;C:\Program Files\Git\cmd;C:\Users\JUSTINE\AppData\Local\Microsoft\WindowsApps;C:\Users\JUSTINE\AppData\Local\Programs\Azure Data Studio\bin;C:\Users\JUSTINE\AppData\Local\Programs\Microsoft VS Code\bin;
USERNAME=JUSTINE
OS=Windows_NT
PROCESSOR_IDENTIFIER=Intel64 Family 6 Model 60 Stepping 3, GenuineIntel
TMP=C:\Users\JUSTINE\AppData\Local\Temp
TEMP=C:\Users\JUSTINE\AppData\Local\Temp



Periodic native trim disabled


---------------  S Y S T E M  ---------------

OS:
 Windows 10 , 64 bit Build 19041 (10.0.19041.5915)
OS uptime: 2 days 1:23 hours

CPU: total 4 (initial active 4) (2 cores per cpu, 2 threads per core) family 6 model 60 stepping 3 microcode 0x27, cx8, cmov, fxsr, ht, mmx, sse, sse2, sse3, ssse3, sse4.1, sse4.2, popcnt, lzcnt, tsc, tscinvbit, avx, avx2, aes, erms, clmul, bmi1, bmi2, fma, vzeroupper, clflush
Processor Information for the first 4 processors :
  Max Mhz: 2494, Current Mhz: 2494, Mhz Limit: 2494

Memory: 4k page, system-wide physical 12008M (668M free)
TotalPageFile size 14405M (AvailPageFile size 90M)
current process WorkingSet (physical memory assigned to process): 294M, peak: 319M
current process commit charge ("private bytes"): 324M, peak: 350M

vm_info: OpenJDK 64-Bit Server VM (17.0.15+6-LTS) for windows-amd64 JRE (17.0.15+6-LTS), built on Apr  9 2025 22:27:25 by "MicrosoftCorporation" with unknown MS VC++:1939

END.
