#
# There is insufficient memory for the Java Runtime Environment to continue.
# Native memory allocation (malloc) failed to allocate 583280 bytes. Error detail: Chunk::new
# Possible reasons:
#   The system is out of physical RAM or swap space
#   This process is running with CompressedOops enabled, and the Java Heap may be blocking the growth of the native heap
# Possible solutions:
#   Reduce memory load on the system
#   Increase physical memory or swap space
#   Check if swap backing store is full
#   Decrease Java heap size (-Xmx/-Xms)
#   Decrease number of Java threads
#   Decrease Java thread stack sizes (-Xss)
#   Set larger code cache with -XX:ReservedCodeCacheSize=
#   JVM is running with Zero Based Compressed Oops mode in which the Java heap is
#     placed in the first 32GB address space. The Java Heap base address is the
#     maximum limit for the native heap growth. Please use -XX:HeapBaseMinAddress
#     to set the Java Heap base and to place the Java Heap above 32GB virtual address.
# This output file may be truncated or incomplete.
#
#  Out of Memory Error (arena.cpp:191), pid=18596, tid=2624
#
# JRE version: OpenJDK Runtime Environment Microsoft-11369865 (17.0.15+6) (build 17.0.15+6-LTS)
# Java VM: OpenJDK 64-Bit Server VM Microsoft-11369865 (17.0.15+6-LTS, mixed mode, sharing, tiered, compressed oops, compressed class ptrs, g1 gc, windows-amd64)
# No core dump will be written. Minidumps are not enabled by default on client versions of Windows
#

---------------  S U M M A R Y ------------

Command Line: -javaagent:C:\Program Files\JetBrains\IntelliJ IDEA Community Edition 2025.2.4\lib\idea_rt.jar=64359 -Dfile.encoding=UTF-8 com.web_hub.web_hub.WebHubApplication C:\Users\JUSTINE\.m2\repository

Host: Intel(R) Core(TM) i5-4200M CPU @ 2.50GHz, 4 cores, 11G,  Windows 10 , 64 bit Build 19041 (10.0.19041.5915)
Time: Thu Apr  9 10:58:53 2026 E. Africa Standard Time elapsed time: 20.489238 seconds (0d 0h 0m 20s)

---------------  T H R E A D  ---------------

Current thread (0x000002cba8951e20):  JavaThread "C2 CompilerThread1" daemon [_thread_in_native, id=2624, stack(0x000000f4be000000,0x000000f4be100000)]


Current CompileTask:
C2:  20489 6630       4       org.springframework.core.annotation.AnnotationsScanner::processMethod (97 bytes)

Stack: [0x000000f4be000000,0x000000f4be100000]
Native frames: (J=compiled Java code, j=interpreted, Vv=VM code, C=native code)
V  [jvm.dll+0x6887a9]
V  [jvm.dll+0x83f5a8]
V  [jvm.dll+0x841053]
V  [jvm.dll+0x8416c3]
V  [jvm.dll+0x2496ef]
V  [jvm.dll+0xad134]
V  [jvm.dll+0xad7cc]
V  [jvm.dll+0x36af2e]
V  [jvm.dll+0x1bd065]
V  [jvm.dll+0x21aa7c]
V  [jvm.dll+0x219d3f]
V  [jvm.dll+0x1a55f6]
V  [jvm.dll+0x22a39a]
V  [jvm.dll+0x2284db]
V  [jvm.dll+0x7f4e28]
V  [jvm.dll+0x7ef2dc]
V  [jvm.dll+0x687687]
C  [ucrtbase.dll+0x21bb2]
C  [KERNEL32.DLL+0x17374]
C  [ntdll.dll+0x4cc91]


---------------  P R O C E S S  ---------------

Threads class SMR info:
_java_thread_list=0x000002cba6c28660, length=17, elements={
0x000002cb40944310, 0x000002cb609148c0, 0x000002cb60915450, 0x000002cb6092b660,
0x000002cb6092bf30, 0x000002cb6092c800, 0x000002cb6092d4e0, 0x000002cb6092e7a0,
0x000002cb6093edb0, 0x000002cb609482a0, 0x000002cb60a3a640, 0x000002cb60a37dc0,
0x000002cb60a382d0, 0x000002cb60a3b060, 0x000002cb60a3ab50, 0x000002cb60a387e0,
0x000002cba8951e20
}

Java Threads: ( => current thread )
  0x000002cb40944310 JavaThread "main" [_thread_in_vm, id=20132, stack(0x000000f4bc800000,0x000000f4bc900000)]
  0x000002cb609148c0 JavaThread "Reference Handler" daemon [_thread_blocked, id=15580, stack(0x000000f4bcf00000,0x000000f4bd000000)]
  0x000002cb60915450 JavaThread "Finalizer" daemon [_thread_blocked, id=12392, stack(0x000000f4bd000000,0x000000f4bd100000)]
  0x000002cb6092b660 JavaThread "Signal Dispatcher" daemon [_thread_blocked, id=10588, stack(0x000000f4bd100000,0x000000f4bd200000)]
  0x000002cb6092bf30 JavaThread "Attach Listener" daemon [_thread_blocked, id=4920, stack(0x000000f4bd200000,0x000000f4bd300000)]
  0x000002cb6092c800 JavaThread "Service Thread" daemon [_thread_blocked, id=4240, stack(0x000000f4bd300000,0x000000f4bd400000)]
  0x000002cb6092d4e0 JavaThread "Monitor Deflation Thread" daemon [_thread_blocked, id=820, stack(0x000000f4bd400000,0x000000f4bd500000)]
  0x000002cb6092e7a0 JavaThread "C2 CompilerThread0" daemon [_thread_in_native, id=16620, stack(0x000000f4bd500000,0x000000f4bd600000)]
  0x000002cb6093edb0 JavaThread "C1 CompilerThread0" daemon [_thread_blocked, id=15212, stack(0x000000f4bd600000,0x000000f4bd700000)]
  0x000002cb609482a0 JavaThread "Sweeper thread" daemon [_thread_blocked, id=12732, stack(0x000000f4bd700000,0x000000f4bd800000)]
  0x000002cb60a3a640 JavaThread "Common-Cleaner" daemon [_thread_blocked, id=5728, stack(0x000000f4bd800000,0x000000f4bd900000)]
  0x000002cb60a37dc0 JavaThread "Monitor Ctrl-Break" daemon [_thread_in_native, id=12644, stack(0x000000f4bda00000,0x000000f4bdb00000)]
  0x000002cb60a382d0 JavaThread "Notification Thread" daemon [_thread_blocked, id=7116, stack(0x000000f4bdb00000,0x000000f4bdc00000)]
  0x000002cb60a3b060 JavaThread "PostgreSQL-JDBC-Cleaner" daemon [_thread_blocked, id=6476, stack(0x000000f4be100000,0x000000f4be200000)]
  0x000002cb60a3ab50 JavaThread "HikariPool-1:housekeeper" daemon [_thread_blocked, id=22480, stack(0x000000f4be200000,0x000000f4be300000)]
  0x000002cb60a387e0 JavaThread "HikariPool-1:connection-adder" daemon [_thread_blocked, id=3444, stack(0x000000f4be300000,0x000000f4be400000)]
=>0x000002cba8951e20 JavaThread "C2 CompilerThread1" daemon [_thread_in_native, id=2624, stack(0x000000f4be000000,0x000000f4be100000)]

Other Threads:
  0x000002cb6090f010 VMThread "VM Thread" [stack: 0x000000f4bce00000,0x000000f4bcf00000] [id=2760]
  0x000002cba62bcbe0 WatcherThread [stack: 0x000000f4bdc00000,0x000000f4bdd00000] [id=16328]
  0x000002cb40995be0 GCTaskThread "GC Thread#0" [stack: 0x000000f4bc900000,0x000000f4bca00000] [id=4632]
  0x000002cba62fd210 GCTaskThread "GC Thread#1" [stack: 0x000000f4bdd00000,0x000000f4bde00000] [id=14764]
  0x000002cba63754f0 GCTaskThread "GC Thread#2" [stack: 0x000000f4bde00000,0x000000f4bdf00000] [id=7760]
  0x000002cba648b530 GCTaskThread "GC Thread#3" [stack: 0x000000f4bdf00000,0x000000f4be000000] [id=17176]
  0x000002cb409a32b0 ConcurrentGCThread "G1 Main Marker" [stack: 0x000000f4bca00000,0x000000f4bcb00000] [id=16840]
  0x000002cb409a3ae0 ConcurrentGCThread "G1 Conc#0" [stack: 0x000000f4bcb00000,0x000000f4bcc00000] [id=16236]
  0x000002cb409e1540 ConcurrentGCThread "G1 Refine#0" [stack: 0x000000f4bcc00000,0x000000f4bcd00000] [id=15776]
  0x000002cb409e3d90 ConcurrentGCThread "G1 Service" [stack: 0x000000f4bcd00000,0x000000f4bce00000] [id=17888]

Threads with active compile tasks:
C2 CompilerThread0    20514 6611       4       org.springframework.core.annotation.TypeMappedAnnotations::get (52 bytes)
C2 CompilerThread1    20514 6630       4       org.springframework.core.annotation.AnnotationsScanner::processMethod (97 bytes)

VM state: not at safepoint (normal execution)

VM Mutex/Monitor currently owned by a thread: None

Heap address: 0x0000000744400000, size: 3004 MB, Compressed Oops mode: Zero based, Oop shift amount: 3

CDS archive(s) mapped at: [0x000002cb61000000-0x000002cb61bb0000-0x000002cb61bb0000), size 12255232, SharedBaseAddress: 0x000002cb61000000, ArchiveRelocationMode: 1.
Compressed class space mapped at: 0x000002cb62000000-0x000002cba2000000, reserved size: 1073741824
Narrow klass base: 0x000002cb61000000, Narrow klass shift: 0, Narrow klass range: 0x100000000

GC Precious Log:
 CPUs: 4 total, 4 available
 Memory: 12008M
 Large Page Support: Disabled
 NUMA Support: Disabled
 Compressed Oops: Enabled (Zero based)
 Heap Region Size: 2M
 Heap Min Capacity: 8M
 Heap Initial Capacity: 188M
 Heap Max Capacity: 3004M
 Pre-touch: Disabled
 Parallel Workers: 4
 Concurrent Workers: 1
 Concurrent Refinement Workers: 4
 Periodic GC: Disabled

Heap:
 garbage-first heap   total 73728K, used 47153K [0x0000000744400000, 0x0000000800000000)
  region size 2048K, 12 young (24576K), 2 survivors (4096K)
 Metaspace       used 67114K, committed 67648K, reserved 1114112K
  class space    used 9186K, committed 9472K, reserved 1048576K

Heap Regions: E=young(eden), S=young(survivor), O=old, HS=humongous(starts), HC=humongous(continues), CS=collection set, F=free, OA=open archive, CA=closed archive, TAMS=top-at-mark-start (previous, next)
|   0|0x0000000744400000, 0x0000000744600000, 0x0000000744600000|100%| O|  |TAMS 0x0000000744600000, 0x0000000744400000| Untracked 
|   1|0x0000000744600000, 0x0000000744800000, 0x0000000744800000|100%| O|  |TAMS 0x0000000744800000, 0x0000000744600000| Untracked 
|   2|0x0000000744800000, 0x0000000744a00000, 0x0000000744a00000|100%| O|  |TAMS 0x0000000744a00000, 0x0000000744800000| Untracked 
|   3|0x0000000744a00000, 0x0000000744c00000, 0x0000000744c00000|100%| O|  |TAMS 0x0000000744c00000, 0x0000000744a00000| Untracked 
|   4|0x0000000744c00000, 0x0000000744e00000, 0x0000000744e00000|100%| O|  |TAMS 0x0000000744e00000, 0x0000000744c00000| Untracked 
|   5|0x0000000744e00000, 0x0000000745000000, 0x0000000745000000|100%| O|  |TAMS 0x0000000745000000, 0x0000000744e00000| Untracked 
|   6|0x0000000745000000, 0x0000000745200000, 0x0000000745200000|100%| O|  |TAMS 0x0000000745200000, 0x0000000745000000| Untracked 
|   7|0x0000000745200000, 0x0000000745400000, 0x0000000745400000|100%| O|  |TAMS 0x0000000745400000, 0x0000000745200000| Untracked 
|   8|0x0000000745400000, 0x0000000745600000, 0x0000000745600000|100%| O|  |TAMS 0x0000000745600000, 0x0000000745400000| Untracked 
|   9|0x0000000745600000, 0x0000000745800000, 0x0000000745800000|100%| O|  |TAMS 0x0000000745800000, 0x0000000745600000| Untracked 
|  10|0x0000000745800000, 0x0000000745a00000, 0x0000000745a00000|100%| O|  |TAMS 0x0000000745a00000, 0x0000000745800000| Untracked 
|  11|0x0000000745a00000, 0x0000000745c00000, 0x0000000745c00000|100%| O|  |TAMS 0x0000000745c00000, 0x0000000745a00000| Untracked 
|  12|0x0000000745c00000, 0x0000000745dc2e00, 0x0000000745e00000| 88%| O|  |TAMS 0x0000000745c50000, 0x0000000745c00000| Untracked 
|  13|0x0000000745e00000, 0x0000000745e00000, 0x0000000746000000|  0%| F|  |TAMS 0x0000000745e00000, 0x0000000745e00000| Untracked 
|  14|0x0000000746000000, 0x0000000746000000, 0x0000000746200000|  0%| F|  |TAMS 0x0000000746000000, 0x0000000746000000| Untracked 
|  15|0x0000000746200000, 0x0000000746200000, 0x0000000746400000|  0%| F|  |TAMS 0x0000000746200000, 0x0000000746200000| Untracked 
|  16|0x0000000746400000, 0x0000000746400000, 0x0000000746600000|  0%| F|  |TAMS 0x0000000746400000, 0x0000000746400000| Untracked 
|  17|0x0000000746600000, 0x0000000746600000, 0x0000000746800000|  0%| F|  |TAMS 0x0000000746600000, 0x0000000746600000| Untracked 
|  18|0x0000000746800000, 0x0000000746849640, 0x0000000746a00000| 14%| S|CS|TAMS 0x0000000746800000, 0x0000000746800000| Complete 
|  19|0x0000000746a00000, 0x0000000746c00000, 0x0000000746c00000|100%| S|CS|TAMS 0x0000000746a00000, 0x0000000746a00000| Complete 
|  20|0x0000000746c00000, 0x0000000746c00000, 0x0000000746e00000|  0%| F|  |TAMS 0x0000000746c00000, 0x0000000746c00000| Untracked 
|  21|0x0000000746e00000, 0x0000000746e00000, 0x0000000747000000|  0%| F|  |TAMS 0x0000000746e00000, 0x0000000746e00000| Untracked 
|  22|0x0000000747000000, 0x0000000747000000, 0x0000000747200000|  0%| F|  |TAMS 0x0000000747000000, 0x0000000747000000| Untracked 
|  23|0x0000000747200000, 0x0000000747200000, 0x0000000747400000|  0%| F|  |TAMS 0x0000000747200000, 0x0000000747200000| Untracked 
|  24|0x0000000747400000, 0x0000000747400000, 0x0000000747600000|  0%| F|  |TAMS 0x0000000747400000, 0x0000000747400000| Untracked 
|  25|0x0000000747600000, 0x0000000747600000, 0x0000000747800000|  0%| F|  |TAMS 0x0000000747600000, 0x0000000747600000| Untracked 
|  26|0x0000000747800000, 0x000000074793ad88, 0x0000000747a00000| 61%| E|  |TAMS 0x0000000747800000, 0x0000000747800000| Complete 
|  27|0x0000000747a00000, 0x0000000747c00000, 0x0000000747c00000|100%| E|CS|TAMS 0x0000000747a00000, 0x0000000747a00000| Complete 
|  28|0x0000000747c00000, 0x0000000747e00000, 0x0000000747e00000|100%| E|CS|TAMS 0x0000000747c00000, 0x0000000747c00000| Complete 
|  29|0x0000000747e00000, 0x0000000748000000, 0x0000000748000000|100%| E|CS|TAMS 0x0000000747e00000, 0x0000000747e00000| Complete 
|  30|0x0000000748000000, 0x0000000748200000, 0x0000000748200000|100%| E|CS|TAMS 0x0000000748000000, 0x0000000748000000| Complete 
|  60|0x000000074bc00000, 0x000000074be00000, 0x000000074be00000|100%| E|CS|TAMS 0x000000074bc00000, 0x000000074bc00000| Complete 
|  61|0x000000074be00000, 0x000000074c000000, 0x000000074c000000|100%| E|CS|TAMS 0x000000074be00000, 0x000000074be00000| Complete 
|  62|0x000000074c000000, 0x000000074c200000, 0x000000074c200000|100%| E|CS|TAMS 0x000000074c000000, 0x000000074c000000| Complete 
|  63|0x000000074c200000, 0x000000074c400000, 0x000000074c400000|100%| E|CS|TAMS 0x000000074c200000, 0x000000074c200000| Complete 
|  93|0x000000074fe00000, 0x0000000750000000, 0x0000000750000000|100%| E|CS|TAMS 0x000000074fe00000, 0x000000074fe00000| Complete 

Card table byte_map: [0x000002cb57a60000,0x000002cb58040000] _byte_map_base: 0x000002cb5403e000

Marking Bits (Prev, Next): (CMBitMap*) 0x000002cb3e80e600, (CMBitMap*) 0x000002cb3e80e5c0
 Prev Bits: [0x000002cb5b510000, 0x000002cb5e400000)
 Next Bits: [0x000002cb58620000, 0x000002cb5b510000)

Polling page: 0x000002cb3e920000

Metaspace:

Usage:
  Non-class:     56.57 MB used.
      Class:      8.97 MB used.
       Both:     65.54 MB used.

Virtual space:
  Non-class space:       64.00 MB reserved,      56.81 MB ( 89%) committed,  1 nodes.
      Class space:        1.00 GB reserved,       9.25 MB ( <1%) committed,  1 nodes.
             Both:        1.06 GB reserved,      66.06 MB (  6%) committed. 

Chunk freelists:
   Non-Class:  6.50 MB
       Class:  6.72 MB
        Both:  13.22 MB

MaxMetaspaceSize: unlimited
CompressedClassSpaceSize: 1.00 GB
Initial GC threshold: 21.00 MB
Current GC threshold: 98.69 MB
CDS: on
MetaspaceReclaimPolicy: balanced
 - commit_granule_bytes: 65536.
 - commit_granule_words: 8192.
 - virtual_space_node_default_size: 8388608.
 - enlarge_chunks_in_place: 1.
 - new_chunks_are_fully_committed: 0.
 - uncommit_free_chunks: 1.
 - use_allocation_guard: 0.
 - handle_deallocations: 1.


Internal statistics:

num_allocs_failed_limit: 9.
num_arena_births: 746.
num_arena_deaths: 0.
num_vsnodes_births: 2.
num_vsnodes_deaths: 0.
num_space_committed: 1057.
num_space_uncommitted: 0.
num_chunks_returned_to_freelist: 9.
num_chunks_taken_from_freelist: 3215.
num_chunk_merges: 9.
num_chunk_splits: 2358.
num_chunks_enlarged: 1887.
num_inconsistent_stats: 0.

CodeHeap 'non-profiled nmethods': size=120000Kb used=3719Kb max_used=3719Kb free=116281Kb
 bounds [0x000002cb4ff50000, 0x000002cb50300000, 0x000002cb57480000]
CodeHeap 'profiled nmethods': size=120000Kb used=11197Kb max_used=11197Kb free=108802Kb
 bounds [0x000002cb48480000, 0x000002cb48f80000, 0x000002cb4f9b0000]
CodeHeap 'non-nmethods': size=5760Kb used=1337Kb max_used=1375Kb free=4423Kb
 bounds [0x000002cb4f9b0000, 0x000002cb4fc20000, 0x000002cb4ff50000]
 total_blobs=6556 nmethods=5895 adapters=572
 compilation: enabled
              stopped_count=0, restarted_count=0
 full_count=0

Compilation events (20 events):
Event: 20.164 Thread 0x000002cb6093edb0 6704       3       org.springframework.util.ConcurrentLruCache$EvictionQueue::contains (28 bytes)
Event: 20.165 Thread 0x000002cb6093edb0 nmethod 6704 0x000002cb48f6a790 code [0x000002cb48f6a920, 0x000002cb48f6ab38]
Event: 20.170 Thread 0x000002cb6093edb0 6705       3       java.lang.invoke.BoundMethodHandle::copyWith (7 bytes)
Event: 20.170 Thread 0x000002cb6093edb0 nmethod 6705 0x000002cb48f6ac10 code [0x000002cb48f6adc0, 0x000002cb48f6af88]
Event: 20.214 Thread 0x000002cb6093edb0 6706       3       java.util.concurrent.ConcurrentHashMap$ReservationNode::<init> (9 bytes)
Event: 20.214 Thread 0x000002cb6093edb0 nmethod 6706 0x000002cb48f6b010 code [0x000002cb48f6b1c0, 0x000002cb48f6b438]
Event: 20.215 Thread 0x000002cb6093edb0 6707   !   3       java.util.concurrent.ConcurrentHashMap::computeIfAbsent (576 bytes)
Event: 20.217 Thread 0x000002cb6093edb0 nmethod 6707 0x000002cb48f6b510 code [0x000002cb48f6b920, 0x000002cb48f6dc78]
Event: 20.256 Thread 0x000002cb6093edb0 6708       3       java.util.Formatter::<init> (21 bytes)
Event: 20.256 Thread 0x000002cb6093edb0 nmethod 6708 0x000002cb48f6ec90 code [0x000002cb48f6ee40, 0x000002cb48f6f078]
Event: 20.256 Thread 0x000002cb6093edb0 6709       3       java.util.Formatter::format (11 bytes)
Event: 20.257 Thread 0x000002cb6093edb0 nmethod 6709 0x000002cb48f6f110 code [0x000002cb48f6f2a0, 0x000002cb48f6f3e8]
Event: 20.257 Thread 0x000002cb6093edb0 6710   !   3       java.util.Formatter::format (283 bytes)
Event: 20.258 Thread 0x000002cb6093edb0 nmethod 6710 0x000002cb48f6f490 code [0x000002cb48f6f7a0, 0x000002cb48f70ba8]
Event: 20.258 Thread 0x000002cb6093edb0 6711       3       java.util.Formatter::toString (12 bytes)
Event: 20.258 Thread 0x000002cb6093edb0 nmethod 6711 0x000002cb48f71590 code [0x000002cb48f71760, 0x000002cb48f71a58]
Event: 20.363 Thread 0x000002cba8951e20 nmethod 6605 0x000002cb502e4890 code [0x000002cb502e4f80, 0x000002cb502ec168]
Event: 20.363 Thread 0x000002cba8951e20 6610       4       org.springframework.core.annotation.TypeMappedAnnotations$MergedAnnotationFinder::doWithAnnotations (10 bytes)
Event: 20.364 Thread 0x000002cba8951e20 nmethod 6610 0x000002cb502f1910 code [0x000002cb502f1aa0, 0x000002cb502f1b48]
Event: 20.364 Thread 0x000002cba8951e20 6630       4       org.springframework.core.annotation.AnnotationsScanner::processMethod (97 bytes)

GC Heap History (20 events):
Event: 6.860 GC heap before
{Heap before GC invocations=6 (full 0):
 garbage-first heap   total 61440K, used 18835K [0x0000000744400000, 0x0000000800000000)
  region size 2048K, 3 young (6144K), 2 survivors (4096K)
 Metaspace       used 24539K, committed 24896K, reserved 1114112K
  class space    used 3080K, committed 3264K, reserved 1048576K
}
Event: 6.866 GC heap after
{Heap after GC invocations=7 (full 0):
 garbage-first heap   total 61440K, used 17552K [0x0000000744400000, 0x0000000800000000)
  region size 2048K, 1 young (2048K), 1 survivors (2048K)
 Metaspace       used 24539K, committed 24896K, reserved 1114112K
  class space    used 3080K, committed 3264K, reserved 1048576K
}
Event: 8.040 GC heap before
{Heap before GC invocations=7 (full 0):
 garbage-first heap   total 61440K, used 40080K [0x0000000744400000, 0x0000000800000000)
  region size 2048K, 12 young (24576K), 1 survivors (2048K)
 Metaspace       used 28597K, committed 28992K, reserved 1114112K
  class space    used 3640K, committed 3840K, reserved 1048576K
}
Event: 8.049 GC heap after
{Heap after GC invocations=8 (full 0):
 garbage-first heap   total 61440K, used 19219K [0x0000000744400000, 0x0000000800000000)
  region size 2048K, 2 young (4096K), 2 survivors (4096K)
 Metaspace       used 28597K, committed 28992K, reserved 1114112K
  class space    used 3640K, committed 3840K, reserved 1048576K
}
Event: 9.482 GC heap before
{Heap before GC invocations=8 (full 0):
 garbage-first heap   total 61440K, used 41747K [0x0000000744400000, 0x0000000800000000)
  region size 2048K, 13 young (26624K), 2 survivors (4096K)
 Metaspace       used 32348K, committed 32832K, reserved 1114112K
  class space    used 4128K, committed 4352K, reserved 1048576K
}
Event: 9.493 GC heap after
{Heap after GC invocations=9 (full 0):
 garbage-first heap   total 61440K, used 21185K [0x0000000744400000, 0x0000000800000000)
  region size 2048K, 1 young (2048K), 1 survivors (2048K)
 Metaspace       used 32348K, committed 32832K, reserved 1114112K
  class space    used 4128K, committed 4352K, reserved 1048576K
}
Event: 10.113 GC heap before
{Heap before GC invocations=9 (full 0):
 garbage-first heap   total 61440K, used 33473K [0x0000000744400000, 0x0000000800000000)
  region size 2048K, 8 young (16384K), 1 survivors (2048K)
 Metaspace       used 35585K, committed 35968K, reserved 1114112K
  class space    used 4529K, committed 4736K, reserved 1048576K
}
Event: 10.120 GC heap after
{Heap after GC invocations=10 (full 0):
 garbage-first heap   total 61440K, used 21755K [0x0000000744400000, 0x0000000800000000)
  region size 2048K, 2 young (4096K), 2 survivors (4096K)
 Metaspace       used 35585K, committed 35968K, reserved 1114112K
  class space    used 4529K, committed 4736K, reserved 1048576K
}
Event: 10.993 GC heap before
{Heap before GC invocations=11 (full 0):
 garbage-first heap   total 61440K, used 44283K [0x0000000744400000, 0x0000000800000000)
  region size 2048K, 13 young (26624K), 2 survivors (4096K)
 Metaspace       used 40052K, committed 40512K, reserved 1114112K
  class space    used 5441K, committed 5632K, reserved 1048576K
}
Event: 11.001 GC heap after
{Heap after GC invocations=12 (full 0):
 garbage-first heap   total 61440K, used 23259K [0x0000000744400000, 0x0000000800000000)
  region size 2048K, 2 young (4096K), 2 survivors (4096K)
 Metaspace       used 40052K, committed 40512K, reserved 1114112K
  class space    used 5441K, committed 5632K, reserved 1048576K
}
Event: 15.458 GC heap before
{Heap before GC invocations=12 (full 0):
 garbage-first heap   total 61440K, used 43739K [0x0000000744400000, 0x0000000800000000)
  region size 2048K, 12 young (24576K), 2 survivors (4096K)
 Metaspace       used 45709K, committed 46208K, reserved 1114112K
  class space    used 6225K, committed 6464K, reserved 1048576K
}
Event: 15.469 GC heap after
{Heap after GC invocations=13 (full 0):
 garbage-first heap   total 61440K, used 24921K [0x0000000744400000, 0x0000000800000000)
  region size 2048K, 2 young (4096K), 2 survivors (4096K)
 Metaspace       used 45709K, committed 46208K, reserved 1114112K
  class space    used 6225K, committed 6464K, reserved 1048576K
}
Event: 16.547 GC heap before
{Heap before GC invocations=13 (full 0):
 garbage-first heap   total 61440K, used 47449K [0x0000000744400000, 0x0000000800000000)
  region size 2048K, 13 young (26624K), 2 survivors (4096K)
 Metaspace       used 51214K, committed 51776K, reserved 1114112K
  class space    used 6789K, committed 7040K, reserved 1048576K
}
Event: 16.559 GC heap after
{Heap after GC invocations=14 (full 0):
 garbage-first heap   total 61440K, used 26407K [0x0000000744400000, 0x0000000800000000)
  region size 2048K, 2 young (4096K), 2 survivors (4096K)
 Metaspace       used 51214K, committed 51776K, reserved 1114112K
  class space    used 6789K, committed 7040K, reserved 1048576K
}
Event: 17.536 GC heap before
{Heap before GC invocations=14 (full 0):
 garbage-first heap   total 61440K, used 44839K [0x0000000744400000, 0x0000000800000000)
  region size 2048K, 12 young (24576K), 2 survivors (4096K)
 Metaspace       used 57112K, committed 57600K, reserved 1114112K
  class space    used 7685K, committed 7936K, reserved 1048576K
}
Event: 17.542 GC heap after
{Heap after GC invocations=15 (full 0):
 garbage-first heap   total 73728K, used 27502K [0x0000000744400000, 0x0000000800000000)
  region size 2048K, 2 young (4096K), 2 survivors (4096K)
 Metaspace       used 57112K, committed 57600K, reserved 1114112K
  class space    used 7685K, committed 7936K, reserved 1048576K
}
Event: 18.344 GC heap before
{Heap before GC invocations=15 (full 0):
 garbage-first heap   total 73728K, used 39790K [0x0000000744400000, 0x0000000800000000)
  region size 2048K, 9 young (18432K), 2 survivors (4096K)
 Metaspace       used 60005K, committed 60480K, reserved 1114112K
  class space    used 8174K, committed 8448K, reserved 1048576K
}
Event: 18.353 GC heap after
{Heap after GC invocations=16 (full 0):
 garbage-first heap   total 73728K, used 27963K [0x0000000744400000, 0x0000000800000000)
  region size 2048K, 1 young (2048K), 1 survivors (2048K)
 Metaspace       used 60005K, committed 60480K, reserved 1114112K
  class space    used 8174K, committed 8448K, reserved 1048576K
}
Event: 19.704 GC heap before
{Heap before GC invocations=17 (full 0):
 garbage-first heap   total 73728K, used 58683K [0x0000000744400000, 0x0000000800000000)
  region size 2048K, 16 young (32768K), 1 survivors (2048K)
 Metaspace       used 63977K, committed 64512K, reserved 1114112K
  class space    used 8775K, committed 9024K, reserved 1048576K
}
Event: 19.712 GC heap after
{Heap after GC invocations=18 (full 0):
 garbage-first heap   total 73728K, used 28721K [0x0000000744400000, 0x0000000800000000)
  region size 2048K, 2 young (4096K), 2 survivors (4096K)
 Metaspace       used 63977K, committed 64512K, reserved 1114112K
  class space    used 8775K, committed 9024K, reserved 1048576K
}

Dll operation events (12 events):
Event: 0.057 Loaded shared library C:\Users\JUSTINE\.jdks\ms-17.0.15\bin\java.dll
Event: 0.194 Loaded shared library C:\Users\JUSTINE\.jdks\ms-17.0.15\bin\jsvml.dll
Event: 0.364 Loaded shared library C:\Users\JUSTINE\.jdks\ms-17.0.15\bin\zip.dll
Event: 2.058 Loaded shared library C:\Users\JUSTINE\.jdks\ms-17.0.15\bin\instrument.dll
Event: 2.159 Loaded shared library C:\Users\JUSTINE\.jdks\ms-17.0.15\bin\net.dll
Event: 2.160 Loaded shared library C:\Users\JUSTINE\.jdks\ms-17.0.15\bin\nio.dll
Event: 2.163 Loaded shared library C:\Users\JUSTINE\.jdks\ms-17.0.15\bin\zip.dll
Event: 2.320 Loaded shared library C:\Users\JUSTINE\.jdks\ms-17.0.15\bin\extnet.dll
Event: 2.360 Loaded shared library C:\Users\JUSTINE\.jdks\ms-17.0.15\bin\jimage.dll
Event: 4.289 Loaded shared library C:\Users\JUSTINE\.jdks\ms-17.0.15\bin\sunmscapi.dll
Event: 8.812 Loaded shared library C:\Users\JUSTINE\.jdks\ms-17.0.15\bin\management.dll
Event: 8.841 Loaded shared library C:\Users\JUSTINE\.jdks\ms-17.0.15\bin\management_ext.dll

Deoptimization events (20 events):
Event: 19.972 Thread 0x000002cb40944310 DEOPT PACKING pc=0x000002cb50161850 sp=0x000000f4bc8fad30
Event: 19.972 Thread 0x000002cb40944310 DEOPT UNPACKING pc=0x000002cb4fa069a3 sp=0x000000f4bc8face8 mode 2
Event: 20.081 Thread 0x000002cb40944310 DEOPT PACKING pc=0x000002cb48e6e12c sp=0x000000f4bc8faba0
Event: 20.081 Thread 0x000002cb40944310 DEOPT UNPACKING pc=0x000002cb4fa07143 sp=0x000000f4bc8fa0c0 mode 0
Event: 20.088 Thread 0x000002cb40944310 Uncommon trap: trap_request=0xffffff45 fr.pc=0x000002cb502b5064 relative=0x0000000000001264
Event: 20.088 Thread 0x000002cb40944310 Uncommon trap: reason=unstable_if action=reinterpret pc=0x000002cb502b5064 method=java.lang.Module.isStaticallyExportedOrOpen(Ljava/lang/String;Ljava/lang/Module;Z)Z @ 8 c2
Event: 20.088 Thread 0x000002cb40944310 DEOPT PACKING pc=0x000002cb502b5064 sp=0x000000f4bc8fa410
Event: 20.088 Thread 0x000002cb40944310 DEOPT UNPACKING pc=0x000002cb4fa069a3 sp=0x000000f4bc8fa1e8 mode 2
Event: 20.122 Thread 0x000002cb40944310 Uncommon trap: trap_request=0xfffffff4 fr.pc=0x000002cb5012d2e8 relative=0x0000000000000068
Event: 20.122 Thread 0x000002cb40944310 Uncommon trap: reason=null_check action=make_not_entrant pc=0x000002cb5012d2e8 method=java.lang.Class.isAnnotation()Z @ 1 c2
Event: 20.122 Thread 0x000002cb40944310 DEOPT PACKING pc=0x000002cb5012d2e8 sp=0x000000f4bc8fac30
Event: 20.122 Thread 0x000002cb40944310 DEOPT UNPACKING pc=0x000002cb4fa069a3 sp=0x000000f4bc8fabc0 mode 2
Event: 20.212 Thread 0x000002cb40944310 Uncommon trap: trap_request=0xffffff45 fr.pc=0x000002cb500441b4 relative=0x00000000000012f4
Event: 20.212 Thread 0x000002cb40944310 Uncommon trap: reason=unstable_if action=reinterpret pc=0x000002cb500441b4 method=java.util.concurrent.ConcurrentHashMap.computeIfAbsent(Ljava/lang/Object;Ljava/util/function/Function;)Ljava/lang/Object; @ 123 c2
Event: 20.212 Thread 0x000002cb40944310 DEOPT PACKING pc=0x000002cb500441b4 sp=0x000000f4bc8fb510
Event: 20.212 Thread 0x000002cb40944310 DEOPT UNPACKING pc=0x000002cb4fa069a3 sp=0x000000f4bc8fb490 mode 2
Event: 20.213 Thread 0x000002cb40944310 Uncommon trap: trap_request=0xffffff45 fr.pc=0x000002cb501747ac relative=0x000000000000078c
Event: 20.213 Thread 0x000002cb40944310 Uncommon trap: reason=unstable_if action=reinterpret pc=0x000002cb501747ac method=org.springframework.core.annotation.TypeMappedAnnotations$IsPresent.doWithAnnotations(Ljava/lang/Object;ILjava/lang/Object;[Ljava/lang/annotation/Annotation;)Ljava/lang/Bool
Event: 20.213 Thread 0x000002cb40944310 DEOPT PACKING pc=0x000002cb501747ac sp=0x000000f4bc8fb500
Event: 20.213 Thread 0x000002cb40944310 DEOPT UNPACKING pc=0x000002cb4fa069a3 sp=0x000000f4bc8fb4b0 mode 2

Classes loaded (20 events):
Event: 16.756 Loading class java/util/concurrent/CompletableFuture$AltResult
Event: 16.756 Loading class java/util/concurrent/CompletableFuture$AltResult done
Event: 16.757 Loading class java/util/concurrent/CompletableFuture$Completion
Event: 16.757 Loading class java/util/concurrent/CompletableFuture$AsynchronousCompletionTask
Event: 16.757 Loading class java/util/concurrent/CompletableFuture$AsynchronousCompletionTask done
Event: 16.757 Loading class java/util/concurrent/CompletableFuture$Completion done
Event: 17.494 Loading class java/util/concurrent/CancellationException
Event: 17.494 Loading class java/util/concurrent/CancellationException done
Event: 18.172 Loading class java/lang/reflect/AnnotatedArrayType
Event: 18.172 Loading class java/lang/reflect/AnnotatedArrayType done
Event: 18.740 Loading class java/lang/reflect/AnnotatedWildcardType
Event: 18.740 Loading class java/lang/reflect/AnnotatedWildcardType done
Event: 19.916 Loading class javax/naming/Reference
Event: 19.916 Loading class javax/naming/Reference done
Event: 19.945 Loading class sun/reflect/generics/reflectiveObjects/GenericArrayTypeImpl
Event: 19.945 Loading class sun/reflect/generics/reflectiveObjects/GenericArrayTypeImpl done
Event: 20.080 Loading class java/util/regex/Pattern$SliceS
Event: 20.080 Loading class java/util/regex/Pattern$SliceS done
Event: 20.217 Loading class java/lang/Package$1PackageInfoProxy
Event: 20.217 Loading class java/lang/Package$1PackageInfoProxy done

Classes unloaded (0 events):
No events

Classes redefined (0 events):
No events

Internal exceptions (20 events):
Event: 15.281 Thread 0x000002cb40944310 Exception <a 'java/lang/NoSuchMethodError'{0x0000000746c458c8}: 'java.lang.Object java.lang.invoke.DirectMethodHandle$Holder.newInvokeSpecial(java.lang.Object, java.lang.Object, java.lang.Object, java.lang.Object, java.lang.Object, int, java.lang.Object)'> (0x0000000746c458c8) 
thrown [s\src\hotspot\share\interpreter\linkResolver.cpp, line 759]
Event: 16.004 Thread 0x000002cb40944310 Implicit null exception at 0x000002cb501a04aa to 0x000002cb501a0814
Event: 16.222 Thread 0x000002cb40944310 Exception <a 'java/lang/NoSuchMethodError'{0x000000074754cd90}: 'void java.lang.invoke.DirectMethodHandle$Holder.invokeSpecial(java.lang.Object, java.lang.Object, int, java.lang.Object)'> (0x000000074754cd90) 
thrown [s\src\hotspot\share\interpreter\linkResolver.cpp, line 759]
Event: 16.836 Thread 0x000002cb40944310 Implicit null exception at 0x000002cb5005880c to 0x000002cb5005883c
Event: 16.872 Thread 0x000002cb40944310 Exception <a 'java/lang/IncompatibleClassChangeError'{0x000000074bd2dd90}: Found class java.lang.Object, but interface was expected> (0x000000074bd2dd90) 
thrown [s\src\hotspot\share\interpreter\linkResolver.cpp, line 826]
Event: 16.922 Thread 0x000002cb40944310 Exception <a 'java/lang/NoSuchMethodError'{0x000000074bdd8fb0}: 'java.lang.Object java.lang.invoke.DirectMethodHandle$Holder.invokeStaticInit(java.lang.Object, java.lang.Object, int, java.lang.Object)'> (0x000000074bdd8fb0) 
thrown [s\src\hotspot\share\interpreter\linkResolver.cpp, line 759]
Event: 19.067 Thread 0x000002cb40944310 Exception <a 'java/lang/NoSuchMethodError'{0x00000007479363a8}: 'void java.lang.invoke.DirectMethodHandle$Holder.invokeSpecial(java.lang.Object, java.lang.Object, java.lang.Object, java.lang.Object, java.lang.Object, int, java.lang.Object, java.lang.Object)'> (0x00000007479363a8) 
thrown [s\src\hotspot\share\interpreter\linkResolver.cpp, line 759]
Event: 19.070 Thread 0x000002cb40944310 Exception <a 'java/lang/NoSuchMethodError'{0x00000007479518c8}: 'void java.lang.invoke.DirectMethodHandle$Holder.invokeStaticInit(java.lang.Object, int, java.lang.Object, java.lang.Object, java.lang.Object, java.lang.Object)'> (0x00000007479518c8) 
thrown [s\src\hotspot\share\interpreter\linkResolver.cpp, line 759]
Event: 19.146 Thread 0x000002cb40944310 Exception <a 'java/lang/NoSuchMethodError'{0x000000074769b5d0}: 'int java.lang.invoke.DirectMethodHandle$Holder.invokeStatic(java.lang.Object, java.lang.Object, java.lang.Object, java.lang.Object, java.lang.Object, java.lang.Object)'> (0x000000074769b5d0) 
thrown [s\src\hotspot\share\interpreter\linkResolver.cpp, line 759]
Event: 19.150 Thread 0x000002cb40944310 Exception <a 'java/lang/NoSuchMethodError'{0x00000007476b1998}: 'int java.lang.invoke.DirectMethodHandle$Holder.invokeStatic(java.lang.Object, java.lang.Object, java.lang.Object, java.lang.Object, java.lang.Object)'> (0x00000007476b1998) 
thrown [s\src\hotspot\share\interpreter\linkResolver.cpp, line 759]
Event: 19.235 Thread 0x000002cb40944310 Exception <a 'java/lang/NoSuchMethodError'{0x000000074775a870}: 'void java.lang.invoke.DirectMethodHandle$Holder.invokeInterface(java.lang.Object, java.lang.Object, int, java.lang.Object)'> (0x000000074775a870) 
thrown [s\src\hotspot\share\interpreter\linkResolver.cpp, line 759]
Event: 19.252 Thread 0x000002cb40944310 Exception <a 'java/lang/NoSuchMethodError'{0x000000074778e0c0}: 'java.lang.Object java.lang.invoke.DirectMethodHandle$Holder.newInvokeSpecial(java.lang.Object, java.lang.Object, int, java.lang.Object)'> (0x000000074778e0c0) 
thrown [s\src\hotspot\share\interpreter\linkResolver.cpp, line 759]
Event: 19.365 Thread 0x000002cb40944310 Exception <a 'java/lang/NoSuchMethodError'{0x00000007475f4e08}: 'int java.lang.invoke.DirectMethodHandle$Holder.invokeStatic(java.lang.Object, int, java.lang.Object)'> (0x00000007475f4e08) 
thrown [s\src\hotspot\share\interpreter\linkResolver.cpp, line 759]
Event: 19.377 Thread 0x000002cb40944310 Exception <a 'java/lang/NoSuchMethodError'{0x00000007472509c8}: 'java.lang.Object java.lang.invoke.DirectMethodHandle$Holder.newInvokeSpecial(java.lang.Object, java.lang.Object, java.lang.Object, java.lang.Object, java.lang.Object, java.lang.Object, java.lang.Object, java.lang.Object, java.lang.Object, java.lang.Object, java.lang.Object, java.lang.Object)'> (0x00000007472509c8) 
thrown [s\src\hotspot\share\interpreter\linkResolver.cpp, line 759]
Event: 19.378 Thread 0x000002cb40944310 Exception <a 'java/lang/NoSuchMethodError'{0x0000000747255c58}: 'java.lang.Object java.lang.invoke.DirectMethodHandle$Holder.invokeSpecial(java.lang.Object, java.lang.Object, java.lang.Object, java.lang.Object, java.lang.Object, java.lang.Object, java.lang.Object, java.lang.Object, java.lang.Object, java.lang.Object, java.lang.Object, java.lang.Object, java.lang.Object)'> (0x0000000747255c58) 
thrown [s\src\hotspot\share\interpreter\linkResolver.cpp, line 759]
Event: 19.378 Thread 0x000002cb40944310 Exception <a 'java/lang/NoSuchMethodError'{0x000000074725ab68}: 'java.lang.Object java.lang.invoke.Invokers$Holder.linkToTargetMethod(java.lang.Object, java.lang.Object, java.lang.Object, java.lang.Object, java.lang.Object, java.lang.Object, java.lang.Object, java.lang.Object, java.lang.Object, java.lang.Object, java.lang.Object, java.lang.Object)'> (0x000000074725ab68) 
thrown [s\src\hotspot\share\interpreter\linkResolver.cpp, line 759]
Event: 19.485 Thread 0x000002cb40944310 Exception <a 'java/lang/IncompatibleClassChangeError'{0x000000074702c5c8}: Found class java.lang.Object, but interface was expected> (0x000000074702c5c8) 
thrown [s\src\hotspot\share\interpreter\linkResolver.cpp, line 826]
Event: 19.506 Thread 0x000002cb40944310 Exception <a 'java/lang/NoSuchMethodError'{0x00000007470de220}: 'java.lang.Object java.lang.invoke.DirectMethodHandle$Holder.newInvokeSpecial(java.lang.Object, java.lang.Object, int, java.lang.Object, int, java.lang.Object, java.lang.Object)'> (0x00000007470de220) 
thrown [s\src\hotspot\share\interpreter\linkResolver.cpp, line 759]
Event: 19.975 Thread 0x000002cb40944310 Exception <a 'java/lang/IncompatibleClassChangeError'{0x000000074bc21578}: Found class java.lang.Object, but interface was expected> (0x000000074bc21578) 
thrown [s\src\hotspot\share\interpreter\linkResolver.cpp, line 826]
Event: 20.029 Thread 0x000002cb40944310 Exception <a 'java/lang/IncompatibleClassChangeError'{0x0000000748038ce8}: Found class java.lang.Object, but interface was expected> (0x0000000748038ce8) 
thrown [s\src\hotspot\share\interpreter\linkResolver.cpp, line 826]

VM Operations (20 events):
Event: 18.465 Executing VM operation: G1PauseCleanup
Event: 18.465 Executing VM operation: G1PauseCleanup done
Event: 18.586 Executing VM operation: ICBufferFull
Event: 18.587 Executing VM operation: ICBufferFull done
Event: 18.607 Executing VM operation: HandshakeAllThreads
Event: 18.607 Executing VM operation: HandshakeAllThreads done
Event: 18.837 Executing VM operation: ICBufferFull
Event: 18.837 Executing VM operation: ICBufferFull done
Event: 19.480 Executing VM operation: HandshakeAllThreads
Event: 19.480 Executing VM operation: HandshakeAllThreads done
Event: 19.704 Executing VM operation: G1CollectForAllocation
Event: 19.712 Executing VM operation: G1CollectForAllocation done
Event: 19.795 Executing VM operation: HandshakeAllThreads
Event: 19.795 Executing VM operation: HandshakeAllThreads done
Event: 20.081 Executing VM operation: HandshakeAllThreads
Event: 20.081 Executing VM operation: HandshakeAllThreads done
Event: 20.232 Executing VM operation: HandshakeAllThreads
Event: 20.233 Executing VM operation: HandshakeAllThreads done
Event: 20.233 Executing VM operation: HandshakeAllThreads
Event: 20.233 Executing VM operation: HandshakeAllThreads done

Memory protections (0 events):
No events

Nmethod flushes (20 events):
Event: 15.303 Thread 0x000002cb609482a0 flushing  nmethod 0x000002cb48e11390
Event: 15.303 Thread 0x000002cb609482a0 flushing  nmethod 0x000002cb48e6ae10
Event: 15.303 Thread 0x000002cb609482a0 flushing  nmethod 0x000002cb48e6b310
Event: 15.303 Thread 0x000002cb609482a0 flushing  nmethod 0x000002cb48e6c290
Event: 15.303 Thread 0x000002cb609482a0 flushing  nmethod 0x000002cb48e6c690
Event: 15.303 Thread 0x000002cb609482a0 flushing  nmethod 0x000002cb48e74410
Event: 15.303 Thread 0x000002cb609482a0 flushing  nmethod 0x000002cb48e75110
Event: 15.303 Thread 0x000002cb609482a0 flushing  nmethod 0x000002cb48e76010
Event: 15.303 Thread 0x000002cb609482a0 flushing  nmethod 0x000002cb48e77690
Event: 15.303 Thread 0x000002cb609482a0 flushing  nmethod 0x000002cb48e78590
Event: 15.303 Thread 0x000002cb609482a0 flushing  nmethod 0x000002cb48e79910
Event: 15.303 Thread 0x000002cb609482a0 flushing  nmethod 0x000002cb48e7ab90
Event: 15.303 Thread 0x000002cb609482a0 flushing  nmethod 0x000002cb48e7b510
Event: 15.303 Thread 0x000002cb609482a0 flushing  nmethod 0x000002cb48e7b990
Event: 15.303 Thread 0x000002cb609482a0 flushing  nmethod 0x000002cb48e7d910
Event: 15.303 Thread 0x000002cb609482a0 flushing  nmethod 0x000002cb48e7ef90
Event: 15.303 Thread 0x000002cb609482a0 flushing  nmethod 0x000002cb48e80090
Event: 15.303 Thread 0x000002cb609482a0 flushing osr nmethod 0x000002cb48e90d90
Event: 15.303 Thread 0x000002cb609482a0 flushing  nmethod 0x000002cb48e94f10
Event: 15.303 Thread 0x000002cb609482a0 flushing  nmethod 0x000002cb48e9a010

Events (20 events):
Event: 2.198 Thread 0x000002cb6093edb0 Thread added: 0x000002cb60c91ec0
Event: 2.304 Thread 0x000002cb40944310 Thread added: 0x000002cb60a37dc0
Event: 2.304 Thread 0x000002cb40944310 Thread added: 0x000002cb60a382d0
Event: 3.693 Thread 0x000002cb40944310 Thread added: 0x000002cb60a3ab50
Event: 4.397 Thread 0x000002cb60a3ab50 Thread exited: 0x000002cb60a3ab50
Event: 4.650 Thread 0x000002cb60c91ec0 Thread exited: 0x000002cb60c91ec0
Event: 4.826 Thread 0x000002cb6093edb0 Thread added: 0x000002cba8052510
Event: 4.983 Thread 0x000002cb40944310 Thread added: 0x000002cb60a387e0
Event: 5.092 Thread 0x000002cb60a387e0 Thread exited: 0x000002cb60a387e0
Event: 11.618 Thread 0x000002cba8052510 Thread exited: 0x000002cba8052510
Event: 13.958 Thread 0x000002cb6093edb0 Thread added: 0x000002cba8651020
Event: 14.137 Thread 0x000002cb40944310 Thread added: 0x000002cb60a3b060
Event: 14.173 Thread 0x000002cb40944310 Thread added: 0x000002cb60a3ab50
Event: 14.295 Thread 0x000002cb60a3ab50 Thread added: 0x000002cb60a387e0
Event: 15.533 Thread 0x000002cba8651020 Thread exited: 0x000002cba8651020
Event: 15.788 Thread 0x000002cb6093edb0 Thread added: 0x000002cba8149010
Event: 16.418 Thread 0x000002cba8149010 Thread exited: 0x000002cba8149010
Event: 18.037 Thread 0x000002cb6093edb0 Thread added: 0x000002cbab3f1a50
Event: 19.063 Thread 0x000002cbab3f1a50 Thread exited: 0x000002cbab3f1a50
Event: 19.943 Thread 0x000002cb6093edb0 Thread added: 0x000002cba8951e20


Dynamic libraries:
0x00007ff73c560000 - 0x00007ff73c56e000 	C:\Users\JUSTINE\.jdks\ms-17.0.15\bin\java.exe
0x00007ff94d710000 - 0x00007ff94d908000 	C:\WINDOWS\SYSTEM32\ntdll.dll
0x00007ff94c280000 - 0x00007ff94c342000 	C:\WINDOWS\System32\KERNEL32.DLL
0x00007ff94b080000 - 0x00007ff94b376000 	C:\WINDOWS\System32\KERNELBASE.dll
0x00007ff94b630000 - 0x00007ff94b730000 	C:\WINDOWS\System32\ucrtbase.dll
0x00007ff944dc0000 - 0x00007ff944dd7000 	C:\Users\JUSTINE\.jdks\ms-17.0.15\bin\jli.dll
0x00007ff9446a0000 - 0x00007ff9446bd000 	C:\Users\JUSTINE\.jdks\ms-17.0.15\bin\VCRUNTIME140.dll
0x00007ff94caa0000 - 0x00007ff94cc41000 	C:\WINDOWS\System32\USER32.dll
0x00007ff938270000 - 0x00007ff93850b000 	C:\WINDOWS\WinSxS\amd64_microsoft.windows.common-controls_6595b64144ccf1df_6.0.19041.6456_none_60b8a6cb71f64256\COMCTL32.dll
0x00007ff94b380000 - 0x00007ff94b3a2000 	C:\WINDOWS\System32\win32u.dll
0x00007ff94c480000 - 0x00007ff94c51e000 	C:\WINDOWS\System32\msvcrt.dll
0x00007ff94ca70000 - 0x00007ff94ca9b000 	C:\WINDOWS\System32\GDI32.dll
0x00007ff94b510000 - 0x00007ff94b629000 	C:\WINDOWS\System32\gdi32full.dll
0x00007ff94ada0000 - 0x00007ff94ae3d000 	C:\WINDOWS\System32\msvcp_win.dll
0x00007ff94cc50000 - 0x00007ff94cc7f000 	C:\WINDOWS\System32\IMM32.DLL
0x00007ff9475e0000 - 0x00007ff9475ec000 	C:\Users\JUSTINE\.jdks\ms-17.0.15\bin\vcruntime140_1.dll
0x00007ff935fa0000 - 0x00007ff93602d000 	C:\Users\JUSTINE\.jdks\ms-17.0.15\bin\msvcp140.dll
0x00007ff91f1d0000 - 0x00007ff91fe42000 	C:\Users\JUSTINE\.jdks\ms-17.0.15\bin\server\jvm.dll
0x00007ff94d600000 - 0x00007ff94d6b1000 	C:\WINDOWS\System32\ADVAPI32.dll
0x00007ff94c8e0000 - 0x00007ff94c97f000 	C:\WINDOWS\System32\sechost.dll
0x00007ff94b8b0000 - 0x00007ff94b9d0000 	C:\WINDOWS\System32\RPCRT4.dll
0x00007ff94af50000 - 0x00007ff94af77000 	C:\WINDOWS\System32\bcrypt.dll
0x00007ff94ca00000 - 0x00007ff94ca6b000 	C:\WINDOWS\System32\WS2_32.dll
0x00007ff94a330000 - 0x00007ff94a37b000 	C:\WINDOWS\SYSTEM32\POWRPROF.dll
0x00007ff93f6f0000 - 0x00007ff93f6fa000 	C:\WINDOWS\SYSTEM32\VERSION.dll
0x00007ff947080000 - 0x00007ff9470a7000 	C:\WINDOWS\SYSTEM32\WINMM.dll
0x00007ff94a1a0000 - 0x00007ff94a1b2000 	C:\WINDOWS\SYSTEM32\UMPDC.dll
0x00007ff9495b0000 - 0x00007ff9495c2000 	C:\WINDOWS\SYSTEM32\kernel.appcore.dll
0x00007ff944660000 - 0x00007ff94466a000 	C:\Users\JUSTINE\.jdks\ms-17.0.15\bin\jimage.dll
0x00007ff948bc0000 - 0x00007ff948dc1000 	C:\WINDOWS\SYSTEM32\DBGHELP.DLL
0x00007ff931620000 - 0x00007ff931654000 	C:\WINDOWS\SYSTEM32\dbgcore.DLL
0x00007ff94aec0000 - 0x00007ff94af42000 	C:\WINDOWS\System32\bcryptPrimitives.dll
0x00007ff944610000 - 0x00007ff94461e000 	C:\Users\JUSTINE\.jdks\ms-17.0.15\bin\instrument.dll
0x00007ff941d80000 - 0x00007ff941da5000 	C:\Users\JUSTINE\.jdks\ms-17.0.15\bin\java.dll
0x00007ff9310e0000 - 0x00007ff9311b6000 	C:\Users\JUSTINE\.jdks\ms-17.0.15\bin\jsvml.dll
0x00007ff94ce00000 - 0x00007ff94d570000 	C:\WINDOWS\System32\SHELL32.dll
0x00007ff948df0000 - 0x00007ff949595000 	C:\WINDOWS\SYSTEM32\windows.storage.dll
0x00007ff94bf20000 - 0x00007ff94c274000 	C:\WINDOWS\System32\combase.dll
0x00007ff94a7d0000 - 0x00007ff94a7fb000 	C:\WINDOWS\SYSTEM32\Wldp.dll
0x00007ff94c520000 - 0x00007ff94c5ed000 	C:\WINDOWS\System32\OLEAUT32.dll
0x00007ff94c830000 - 0x00007ff94c8dd000 	C:\WINDOWS\System32\SHCORE.dll
0x00007ff94b7f0000 - 0x00007ff94b84b000 	C:\WINDOWS\System32\shlwapi.dll
0x00007ff94acd0000 - 0x00007ff94acf4000 	C:\WINDOWS\SYSTEM32\profapi.dll
0x00007ff942660000 - 0x00007ff942678000 	C:\Users\JUSTINE\.jdks\ms-17.0.15\bin\zip.dll
0x00007ff93f610000 - 0x00007ff93f62a000 	C:\Users\JUSTINE\.jdks\ms-17.0.15\bin\net.dll
0x00007ff940e50000 - 0x00007ff940f5a000 	C:\WINDOWS\SYSTEM32\WINHTTP.dll
0x00007ff94a530000 - 0x00007ff94a59a000 	C:\WINDOWS\system32\mswsock.dll
0x00007ff93f1e0000 - 0x00007ff93f1f6000 	C:\Users\JUSTINE\.jdks\ms-17.0.15\bin\nio.dll
0x00007ff942700000 - 0x00007ff942709000 	C:\Users\JUSTINE\.jdks\ms-17.0.15\bin\extnet.dll
0x00007ff9426d0000 - 0x00007ff9426de000 	C:\Users\JUSTINE\.jdks\ms-17.0.15\bin\sunmscapi.dll
0x00007ff94b3b0000 - 0x00007ff94b50d000 	C:\WINDOWS\System32\CRYPT32.dll
0x00007ff94a840000 - 0x00007ff94a867000 	C:\WINDOWS\SYSTEM32\ncrypt.dll
0x00007ff94a800000 - 0x00007ff94a83b000 	C:\WINDOWS\SYSTEM32\NTASN1.dll
0x00007ff94a720000 - 0x00007ff94a738000 	C:\WINDOWS\SYSTEM32\CRYPTSP.dll
0x00007ff949de0000 - 0x00007ff949e18000 	C:\WINDOWS\system32\rsaenh.dll
0x00007ff94ac90000 - 0x00007ff94acbe000 	C:\WINDOWS\SYSTEM32\USERENV.dll
0x00007ff94a740000 - 0x00007ff94a74c000 	C:\WINDOWS\SYSTEM32\CRYPTBASE.dll
0x00007ff94a1c0000 - 0x00007ff94a1fb000 	C:\WINDOWS\SYSTEM32\IPHLPAPI.DLL
0x00007ff94d6c0000 - 0x00007ff94d6c8000 	C:\WINDOWS\System32\NSI.dll
0x00007ff943200000 - 0x00007ff943217000 	C:\WINDOWS\SYSTEM32\dhcpcsvc6.DLL
0x00007ff943120000 - 0x00007ff94313d000 	C:\WINDOWS\SYSTEM32\dhcpcsvc.DLL
0x00007ff94a210000 - 0x00007ff94a2da000 	C:\WINDOWS\SYSTEM32\DNSAPI.dll
0x00007ff942610000 - 0x00007ff94261a000 	C:\Users\JUSTINE\.jdks\ms-17.0.15\bin\management.dll
0x00007ff93f1d0000 - 0x00007ff93f1db000 	C:\Users\JUSTINE\.jdks\ms-17.0.15\bin\management_ext.dll
0x00007ff94b7e0000 - 0x00007ff94b7e8000 	C:\WINDOWS\System32\PSAPI.DLL
0x00007ff93bb50000 - 0x00007ff93bb5a000 	C:\Windows\System32\rasadhlp.dll
0x00007ff93fae0000 - 0x00007ff93fb60000 	C:\WINDOWS\System32\fwpuclnt.dll

dbghelp: loaded successfully - version: 4.0.5 - missing functions: none
symbol engine: initialized successfully - sym options: 0x614 - pdb path: .;C:\Users\JUSTINE\.jdks\ms-17.0.15\bin;C:\WINDOWS\SYSTEM32;C:\WINDOWS\WinSxS\amd64_microsoft.windows.common-controls_6595b64144ccf1df_6.0.19041.6456_none_60b8a6cb71f64256;C:\Users\JUSTINE\.jdks\ms-17.0.15\bin\server

VM Arguments:
jvm_args: -javaagent:C:\Program Files\JetBrains\IntelliJ IDEA Community Edition 2025.2.4\lib\idea_rt.jar=64359 -Dfile.encoding=UTF-8 
java_command: com.web_hub.web_hub.WebHubApplication C:\Users\JUSTINE\.m2\repository
java_class_path (initial): C:\Users\JUSTINE\Documents\Downloads\web-hub\target\classes;C:\Users\JUSTINE\.m2\repository\org\springframework\boot\spring-boot-starter-web\4.0.3\spring-boot-starter-web-4.0.3.jar;C:\Users\JUSTINE\.m2\repository\org\springframework\boot\spring-boot-starter-jackson\4.0.3\spring-boot-starter-jackson-4.0.3.jar;C:\Users\JUSTINE\.m2\repository\org\springframework\boot\spring-boot-jackson\4.0.3\spring-boot-jackson-4.0.3.jar;C:\Users\JUSTINE\.m2\repository\tools\jackson\core\jackson-databind\3.0.4\jackson-databind-3.0.4.jar;C:\Users\JUSTINE\.m2\repository\tools\jackson\core\jackson-core\3.0.4\jackson-core-3.0.4.jar;C:\Users\JUSTINE\.m2\repository\org\springframework\boot\spring-boot-starter-tomcat\4.0.3\spring-boot-starter-tomcat-4.0.3.jar;C:\Users\JUSTINE\.m2\repository\org\springframework\boot\spring-boot-starter-tomcat-runtime\4.0.3\spring-boot-starter-tomcat-runtime-4.0.3.jar;C:\Users\JUSTINE\.m2\repository\org\springframework\boot\spring-boot-web-server\4.0.3\spring-boot-web-server-4.0.3.jar;C:\Users\JUSTINE\.m2\repository\org\apache\tomcat\embed\tomcat-embed-core\11.0.18\tomcat-embed-core-11.0.18.jar;C:\Users\JUSTINE\.m2\repository\org\apache\tomcat\embed\tomcat-embed-el\11.0.18\tomcat-embed-el-11.0.18.jar;C:\Users\JUSTINE\.m2\repository\org\apache\tomcat\embed\tomcat-embed-websocket\11.0.18\tomcat-embed-websocket-11.0.18.jar;C:\Users\JUSTINE\.m2\repository\org\springframework\boot\spring-boot-tomcat\4.0.3\spring-boot-tomcat-4.0.3.jar;C:\Users\JUSTINE\.m2\repository\org\springframework\boot\spring-boot-http-converter\4.0.3\spring-boot-http-converter-4.0.3.jar;C:\Users\JUSTINE\.m2\repository\org\springframework\boot\spring-boot\4.0.3\spring-boot-4.0.3.jar;C:\Users\JUSTINE\.m2\repository\org\springframework\spring-context\7.0.5\spring-context-7.0.5.jar;C:\Users\JUSTINE\.m2\repository\org\springframework\spring-web\7.0.5\spring-web-7.0.5.jar;C:\Users\JUSTINE\.m2\repository\io\micrometer\micrometer-observation\1.16.3\micrometer-observation-1
Launcher Type: SUN_STANDARD

[Global flags]
     intx CICompilerCount                          = 3                                         {product} {ergonomic}
     uint ConcGCThreads                            = 1                                         {product} {ergonomic}
     uint G1ConcRefinementThreads                  = 4                                         {product} {ergonomic}
   size_t G1HeapRegionSize                         = 2097152                                   {product} {ergonomic}
    uintx GCDrainStackTargetSize                   = 64                                        {product} {ergonomic}
   size_t InitialHeapSize                          = 197132288                                 {product} {ergonomic}
   size_t MarkStackSize                            = 4194304                                   {product} {ergonomic}
   size_t MaxHeapSize                              = 3149922304                                {product} {ergonomic}
   size_t MaxNewSize                               = 1889533952                                {product} {ergonomic}
   size_t MinHeapDeltaBytes                        = 2097152                                   {product} {ergonomic}
   size_t MinHeapSize                              = 8388608                                   {product} {ergonomic}
    uintx NonNMethodCodeHeapSize                   = 5832780                                {pd product} {ergonomic}
    uintx NonProfiledCodeHeapSize                  = 122912730                              {pd product} {ergonomic}
    uintx ProfiledCodeHeapSize                     = 122912730                              {pd product} {ergonomic}
    uintx ReservedCodeCacheSize                    = 251658240                              {pd product} {ergonomic}
     bool SegmentedCodeCache                       = true                                      {product} {ergonomic}
   size_t SoftMaxHeapSize                          = 3149922304                             {manageable} {ergonomic}
     bool UseCompressedClassPointers               = true                           {product lp64_product} {ergonomic}
     bool UseCompressedOops                        = true                           {product lp64_product} {ergonomic}
     bool UseG1GC                                  = true                                      {product} {ergonomic}
     bool UseLargePagesIndividualAllocation        = false                                  {pd product} {ergonomic}

Logging:
Log output configuration:
 #0: stdout all=warning uptime,level,tags
 #1: stderr all=off uptime,level,tags

Environment Variables:
PATH=C:\Program Files (x86)\VMware\VMware Workstation\bin\;C:\OraHome_1;C:\app\JUSTINE\product\11.2.0\client_1\bin;C:\WINDOWS\system32;C:\WINDOWS;C:\WINDOWS\System32\Wbem;C:\WINDOWS\System32\WindowsPowerShell\v1.0\;C:\WINDOWS\System32\OpenSSH\;C:\Program Files\dotnet\;C:\Program Files\Git\cmd;C:\Users\JUSTINE\AppData\Local\Microsoft\WindowsApps;C:\Users\JUSTINE\AppData\Local\Programs\Azure Data Studio\bin;C:\Users\JUSTINE\AppData\Local\Programs\Microsoft VS Code\bin;
USERNAME=JUSTINE
OS=Windows_NT
PROCESSOR_IDENTIFIER=Intel64 Family 6 Model 60 Stepping 3, GenuineIntel
TMP=C:\Users\JUSTINE\AppData\Local\Temp
TEMP=C:\Users\JUSTINE\AppData\Local\Temp



Periodic native trim disabled


---------------  S Y S T E M  ---------------

OS:
 Windows 10 , 64 bit Build 19041 (10.0.19041.5915)
OS uptime: 2 days 1:25 hours

CPU: total 4 (initial active 4) (2 cores per cpu, 2 threads per core) family 6 model 60 stepping 3 microcode 0x27, cx8, cmov, fxsr, ht, mmx, sse, sse2, sse3, ssse3, sse4.1, sse4.2, popcnt, lzcnt, tsc, tscinvbit, avx, avx2, aes, erms, clmul, bmi1, bmi2, fma, vzeroupper, clflush
Processor Information for the first 4 processors :
  Max Mhz: 2494, Current Mhz: 2494, Mhz Limit: 2494

Memory: 4k page, system-wide physical 12008M (648M free)
TotalPageFile size 14405M (AvailPageFile size 9M)
current process WorkingSet (physical memory assigned to process): 259M, peak: 262M
current process commit charge ("private bytes"): 289M, peak: 331M

vm_info: OpenJDK 64-Bit Server VM (17.0.15+6-LTS) for windows-amd64 JRE (17.0.15+6-LTS), built on Apr  9 2025 22:27:25 by "MicrosoftCorporation" with unknown MS VC++:1939

END.
